[2.857s] Invoking command in '/home/zohaib/fyp_project_ws/build/azure_iot': DEBUGINFOD_URLS=https://debuginfod.ubuntu.com PYTHONPATH=/home/zohaib/fyp_project_ws/build/azure_iot/prefix_override:/usr/lib/python3/dist-packages/colcon_core/task/python/colcon_distutils_commands:/home/zohaib/fyp_project_ws/install/azure_iot/lib/python3.12/site-packages:${PYTHONPATH} /usr/bin/python3 -W ignore:setup.py install is deprecated -W ignore:easy_install command is deprecated setup.py develop --editable --build-directory /home/zohaib/fyp_project_ws/build/azure_iot/build --no-deps symlink_data
[3.620s] running develop
[3.953s] running egg_info
[3.954s] creating azure_iot.egg-info
[3.982s] writing azure_iot.egg-info/PKG-INFO
[3.982s] writing dependency_links to azure_iot.egg-info/dependency_links.txt
[3.983s] writing entry points to azure_iot.egg-info/entry_points.txt
[3.983s] writing requirements to azure_iot.egg-info/requires.txt
[3.983s] writing top-level names to azure_iot.egg-info/top_level.txt
[3.983s] writing manifest file 'azure_iot.egg-info/SOURCES.txt'
[4.052s] reading manifest file 'azure_iot.egg-info/SOURCES.txt'
[4.052s] writing manifest file 'azure_iot.egg-info/SOURCES.txt'
[4.088s] running build_ext
[4.089s] Creating /home/zohaib/fyp_project_ws/install/azure_iot/lib/python3.12/site-packages/azure-iot.egg-link (link to .)
[4.089s] Installing azure_node script to /home/zohaib/fyp_project_ws/install/azure_iot/lib/azure_iot
[4.089s] 
[4.089s] Installed /home/zohaib/fyp_project_ws/build/azure_iot
[4.089s] running symlink_data
[4.090s] creating /home/zohaib/fyp_project_ws/install/azure_iot/share/ament_index
[4.090s] creating /home/zohaib/fyp_project_ws/install/azure_iot/share/ament_index/resource_index
[4.090s] creating /home/zohaib/fyp_project_ws/install/azure_iot/share/ament_index/resource_index/packages
[4.090s] symbolically linking /home/zohaib/fyp_project_ws/build/azure_iot/resource/azure_iot -> /home/zohaib/fyp_project_ws/install/azure_iot/share/ament_index/resource_index/packages
[4.090s] symbolically linking /home/zohaib/fyp_project_ws/build/azure_iot/package.xml -> /home/zohaib/fyp_project_ws/install/azure_iot/share/azure_iot
[4.222s] Invoked command in '/home/zohaib/fyp_project_ws/build/azure_iot' returned '0': DEBUGINFOD_URLS=https://debuginfod.ubuntu.com PYTHONPATH=/home/zohaib/fyp_project_ws/build/azure_iot/prefix_override:/usr/lib/python3/dist-packages/colcon_core/task/python/colcon_distutils_commands:/home/zohaib/fyp_project_ws/install/azure_iot/lib/python3.12/site-packages:${PYTHONPATH} /usr/bin/python3 -W ignore:setup.py install is deprecated -W ignore:easy_install command is deprecated setup.py develop --editable --build-directory /home/zohaib/fyp_project_ws/build/azure_iot/build --no-deps symlink_data
