[3.084s] Invoking command in '/home/zohaib/fyp_project_ws/build/fyp_project': DEBUGINFOD_URLS=https://debuginfod.ubuntu.com PYTHONPATH=/home/zohaib/fyp_project_ws/build/fyp_project/prefix_override:/usr/lib/python3/dist-packages/colcon_core/task/python/colcon_distutils_commands:/home/zohaib/fyp_project_ws/install/fyp_project/lib/python3.12/site-packages:${PYTHONPATH} /usr/bin/python3 -W ignore:setup.py install is deprecated -W ignore:easy_install command is deprecated setup.py develop --editable --build-directory /home/zohaib/fyp_project_ws/build/fyp_project/build --no-deps symlink_data
[3.738s] running develop
[4.054s] running egg_info
[4.055s] creating fyp_project.egg-info
[4.098s] writing fyp_project.egg-info/PKG-INFO
[4.099s] writing dependency_links to fyp_project.egg-info/dependency_links.txt
[4.100s] writing entry points to fyp_project.egg-info/entry_points.txt
[4.101s] writing requirements to fyp_project.egg-info/requires.txt
[4.104s] writing top-level names to fyp_project.egg-info/top_level.txt
[4.104s] writing manifest file 'fyp_project.egg-info/SOURCES.txt'
[4.188s] reading manifest file 'fyp_project.egg-info/SOURCES.txt'
[4.240s] writing manifest file 'fyp_project.egg-info/SOURCES.txt'
[4.320s] running build_ext
[4.320s] Creating /home/zohaib/fyp_project_ws/install/fyp_project/lib/python3.12/site-packages/fyp-project.egg-link (link to .)
[4.332s] Installing main_node script to /home/zohaib/fyp_project_ws/install/fyp_project/lib/fyp_project
[4.332s] 
[4.332s] Installed /home/zohaib/fyp_project_ws/build/fyp_project
[4.333s] running symlink_data
[4.333s] creating /home/zohaib/fyp_project_ws/install/fyp_project/share/ament_index
[4.333s] creating /home/zohaib/fyp_project_ws/install/fyp_project/share/ament_index/resource_index
[4.335s] creating /home/zohaib/fyp_project_ws/install/fyp_project/share/ament_index/resource_index/packages
[4.335s] symbolically linking /home/zohaib/fyp_project_ws/build/fyp_project/resource/fyp_project -> /home/zohaib/fyp_project_ws/install/fyp_project/share/ament_index/resource_index/packages
[4.335s] symbolically linking /home/zohaib/fyp_project_ws/build/fyp_project/package.xml -> /home/zohaib/fyp_project_ws/install/fyp_project/share/fyp_project
[4.336s] creating /home/zohaib/fyp_project_ws/install/fyp_project/share/fyp_project/launch
[4.336s] symbolically linking /home/zohaib/fyp_project_ws/build/fyp_project/launch/fyp_launch.py -> /home/zohaib/fyp_project_ws/install/fyp_project/share/fyp_project/launch
[4.837s] Invoked command in '/home/zohaib/fyp_project_ws/build/fyp_project' returned '0': DEBUGINFOD_URLS=https://debuginfod.ubuntu.com PYTHONPATH=/home/zohaib/fyp_project_ws/build/fyp_project/prefix_override:/usr/lib/python3/dist-packages/colcon_core/task/python/colcon_distutils_commands:/home/zohaib/fyp_project_ws/install/fyp_project/lib/python3.12/site-packages:${PYTHONPATH} /usr/bin/python3 -W ignore:setup.py install is deprecated -W ignore:easy_install command is deprecated setup.py develop --editable --build-directory /home/zohaib/fyp_project_ws/build/fyp_project/build --no-deps symlink_data
