[1.399s] Invoking command in '/home/zohaib/fyp_project_ws/build/slam_mapping': DEBUGINFOD_URLS=https://debuginfod.ubuntu.com PYTHONPATH=/home/zohaib/fyp_project_ws/build/slam_mapping/prefix_override:/usr/lib/python3/dist-packages/colcon_core/task/python/colcon_distutils_commands:/home/zohaib/fyp_project_ws/install/slam_mapping/lib/python3.12/site-packages:${PYTHONPATH} /usr/bin/python3 -W ignore:setup.py install is deprecated -W ignore:easy_install command is deprecated setup.py develop --editable --build-directory /home/zohaib/fyp_project_ws/build/slam_mapping/build --no-deps symlink_data
[1.913s] running develop
[2.221s] running egg_info
[2.221s] creating slam_mapping.egg-info
[2.249s] writing slam_mapping.egg-info/PKG-INFO
[2.250s] writing dependency_links to slam_mapping.egg-info/dependency_links.txt
[2.250s] writing entry points to slam_mapping.egg-info/entry_points.txt
[2.250s] writing requirements to slam_mapping.egg-info/requires.txt
[2.250s] writing top-level names to slam_mapping.egg-info/top_level.txt
[2.250s] writing manifest file 'slam_mapping.egg-info/SOURCES.txt'
[2.307s] reading manifest file 'slam_mapping.egg-info/SOURCES.txt'
[2.308s] writing manifest file 'slam_mapping.egg-info/SOURCES.txt'
[2.338s] running build_ext
[2.339s] Creating /home/zohaib/fyp_project_ws/install/slam_mapping/lib/python3.12/site-packages/slam-mapping.egg-link (link to .)
[2.339s] Installing slam_node script to /home/zohaib/fyp_project_ws/install/slam_mapping/lib/slam_mapping
[2.340s] 
[2.340s] Installed /home/zohaib/fyp_project_ws/build/slam_mapping
[2.340s] running symlink_data
[2.340s] creating /home/zohaib/fyp_project_ws/install/slam_mapping/share/slam_mapping/launch
[2.340s] symbolically linking /home/zohaib/fyp_project_ws/build/slam_mapping/launch/rtabmap_mapping.launch.py -> /home/zohaib/fyp_project_ws/install/slam_mapping/share/slam_mapping/launch
[2.340s] symbolically linking /home/zohaib/fyp_project_ws/build/slam_mapping/package.xml -> /home/zohaib/fyp_project_ws/install/slam_mapping/share/slam_mapping
[2.340s] creating /home/zohaib/fyp_project_ws/install/slam_mapping/share/ament_index
[2.340s] creating /home/zohaib/fyp_project_ws/install/slam_mapping/share/ament_index/resource_index
[2.341s] creating /home/zohaib/fyp_project_ws/install/slam_mapping/share/ament_index/resource_index/packages
[2.341s] symbolically linking /home/zohaib/fyp_project_ws/build/slam_mapping/resource/slam_mapping -> /home/zohaib/fyp_project_ws/install/slam_mapping/share/ament_index/resource_index/packages
[2.460s] Invoked command in '/home/zohaib/fyp_project_ws/build/slam_mapping' returned '0': DEBUGINFOD_URLS=https://debuginfod.ubuntu.com PYTHONPATH=/home/zohaib/fyp_project_ws/build/slam_mapping/prefix_override:/usr/lib/python3/dist-packages/colcon_core/task/python/colcon_distutils_commands:/home/zohaib/fyp_project_ws/install/slam_mapping/lib/python3.12/site-packages:${PYTHONPATH} /usr/bin/python3 -W ignore:setup.py install is deprecated -W ignore:easy_install command is deprecated setup.py develop --editable --build-directory /home/zohaib/fyp_project_ws/build/slam_mapping/build --no-deps symlink_data
