[2.913s] Invoking command in '/home/zohaib/fyp_project_ws/build/azure_iot': DEBUGINFOD_URLS=https://debuginfod.ubuntu.com PYTHONPATH=/home/zohaib/fyp_project_ws/build/azure_iot/prefix_override:/usr/lib/python3/dist-packages/colcon_core/task/python/colcon_distutils_commands:/home/zohaib/fyp_project_ws/install/azure_iot/lib/python3.12/site-packages:${PYTHONPATH} /usr/bin/python3 -W ignore:setup.py install is deprecated -W ignore:easy_install command is deprecated setup.py develop --editable --build-directory /home/zohaib/fyp_project_ws/build/azure_iot/build --no-deps symlink_data
[3.766s] running develop
[4.149s] running egg_info
[4.150s] creating azure_iot.egg-info
[4.190s] writing azure_iot.egg-info/PKG-INFO
[4.190s] writing dependency_links to azure_iot.egg-info/dependency_links.txt
[4.190s] writing requirements to azure_iot.egg-info/requires.txt
[4.191s] writing top-level names to azure_iot.egg-info/top_level.txt
[4.193s] writing manifest file 'azure_iot.egg-info/SOURCES.txt'
[4.293s] reading manifest file 'azure_iot.egg-info/SOURCES.txt'
[4.295s] writing manifest file 'azure_iot.egg-info/SOURCES.txt'
[4.357s] running build_ext
[4.357s] Creating /home/zohaib/fyp_project_ws/install/azure_iot/lib/python3.12/site-packages/azure-iot.egg-link (link to .)
[4.360s] 
[4.360s] Installed /home/zohaib/fyp_project_ws/build/azure_iot
[4.360s] running symlink_data
[4.363s] creating /home/zohaib/fyp_project_ws/install/azure_iot/share/ament_index
[4.364s] creating /home/zohaib/fyp_project_ws/install/azure_iot/share/ament_index/resource_index
[4.365s] creating /home/zohaib/fyp_project_ws/install/azure_iot/share/ament_index/resource_index/packages
[4.365s] symbolically linking /home/zohaib/fyp_project_ws/build/azure_iot/resource/azure_iot -> /home/zohaib/fyp_project_ws/install/azure_iot/share/ament_index/resource_index/packages
[4.365s] symbolically linking /home/zohaib/fyp_project_ws/build/azure_iot/package.xml -> /home/zohaib/fyp_project_ws/install/azure_iot/share/azure_iot
[4.534s] Invoked command in '/home/zohaib/fyp_project_ws/build/azure_iot' returned '0': DEBUGINFOD_URLS=https://debuginfod.ubuntu.com PYTHONPATH=/home/zohaib/fyp_project_ws/build/azure_iot/prefix_override:/usr/lib/python3/dist-packages/colcon_core/task/python/colcon_distutils_commands:/home/zohaib/fyp_project_ws/install/azure_iot/lib/python3.12/site-packages:${PYTHONPATH} /usr/bin/python3 -W ignore:setup.py install is deprecated -W ignore:easy_install command is deprecated setup.py develop --editable --build-directory /home/zohaib/fyp_project_ws/build/azure_iot/build --no-deps symlink_data
