[1.576s] Invoking command in '/home/zohaib/fyp_project_ws/build/pothole_detection': DEBUGINFOD_URLS=https://debuginfod.ubuntu.com PYTHONPATH=/home/zohaib/fyp_project_ws/build/pothole_detection/prefix_override:/usr/lib/python3/dist-packages/colcon_core/task/python/colcon_distutils_commands:/home/zohaib/fyp_project_ws/install/pothole_detection/lib/python3.12/site-packages:${PYTHONPATH} /usr/bin/python3 -W ignore:setup.py install is deprecated -W ignore:easy_install command is deprecated setup.py develop --editable --build-directory /home/zohaib/fyp_project_ws/build/pothole_detection/build --no-deps symlink_data
[2.133s] running develop
[2.436s] running egg_info
[2.436s] creating pothole_detection.egg-info
[2.464s] writing pothole_detection.egg-info/PKG-INFO
[2.465s] writing dependency_links to pothole_detection.egg-info/dependency_links.txt
[2.465s] writing entry points to pothole_detection.egg-info/entry_points.txt
[2.465s] writing requirements to pothole_detection.egg-info/requires.txt
[2.465s] writing top-level names to pothole_detection.egg-info/top_level.txt
[2.465s] writing manifest file 'pothole_detection.egg-info/SOURCES.txt'
[2.521s] reading manifest file 'pothole_detection.egg-info/SOURCES.txt'
[2.521s] writing manifest file 'pothole_detection.egg-info/SOURCES.txt'
[2.553s] running build_ext
[2.553s] Creating /home/zohaib/fyp_project_ws/install/pothole_detection/lib/python3.12/site-packages/pothole-detection.egg-link (link to .)
[2.554s] Installing pothole_node script to /home/zohaib/fyp_project_ws/install/pothole_detection/lib/pothole_detection
[2.554s] 
[2.554s] Installed /home/zohaib/fyp_project_ws/build/pothole_detection
[2.554s] running symlink_data
[2.554s] creating /home/zohaib/fyp_project_ws/install/pothole_detection/share/ament_index
[2.554s] creating /home/zohaib/fyp_project_ws/install/pothole_detection/share/ament_index/resource_index
[2.555s] creating /home/zohaib/fyp_project_ws/install/pothole_detection/share/ament_index/resource_index/packages
[2.555s] symbolically linking /home/zohaib/fyp_project_ws/build/pothole_detection/resource/pothole_detection -> /home/zohaib/fyp_project_ws/install/pothole_detection/share/ament_index/resource_index/packages
[2.555s] symbolically linking /home/zohaib/fyp_project_ws/build/pothole_detection/package.xml -> /home/zohaib/fyp_project_ws/install/pothole_detection/share/pothole_detection
[2.660s] Invoked command in '/home/zohaib/fyp_project_ws/build/pothole_detection' returned '0': DEBUGINFOD_URLS=https://debuginfod.ubuntu.com PYTHONPATH=/home/zohaib/fyp_project_ws/build/pothole_detection/prefix_override:/usr/lib/python3/dist-packages/colcon_core/task/python/colcon_distutils_commands:/home/zohaib/fyp_project_ws/install/pothole_detection/lib/python3.12/site-packages:${PYTHONPATH} /usr/bin/python3 -W ignore:setup.py install is deprecated -W ignore:easy_install command is deprecated setup.py develop --editable --build-directory /home/zohaib/fyp_project_ws/build/pothole_detection/build --no-deps symlink_data
