[3.127s] Invoking command in '/home/zohaib/fyp_project_ws/build/imu_interface': DEBUGINFOD_URLS=https://debuginfod.ubuntu.com PYTHONPATH=/home/zohaib/fyp_project_ws/build/imu_interface/prefix_override:/usr/lib/python3/dist-packages/colcon_core/task/python/colcon_distutils_commands:/home/zohaib/fyp_project_ws/install/imu_interface/lib/python3.12/site-packages:${PYTHONPATH} /usr/bin/python3 -W ignore:setup.py install is deprecated -W ignore:easy_install command is deprecated setup.py develop --editable --build-directory /home/zohaib/fyp_project_ws/build/imu_interface/build --no-deps symlink_data
[3.863s] running develop
[4.219s] running egg_info
[4.220s] creating imu_interface.egg-info
[4.258s] writing imu_interface.egg-info/PKG-INFO
[4.260s] writing dependency_links to imu_interface.egg-info/dependency_links.txt
[4.260s] writing requirements to imu_interface.egg-info/requires.txt
[4.263s] writing top-level names to imu_interface.egg-info/top_level.txt
[4.263s] writing manifest file 'imu_interface.egg-info/SOURCES.txt'
[4.349s] reading manifest file 'imu_interface.egg-info/SOURCES.txt'
[4.352s] writing manifest file 'imu_interface.egg-info/SOURCES.txt'
[4.400s] running build_ext
[4.400s] Creating /home/zohaib/fyp_project_ws/install/imu_interface/lib/python3.12/site-packages/imu-interface.egg-link (link to .)
[4.402s] 
[4.402s] Installed /home/zohaib/fyp_project_ws/build/imu_interface
[4.402s] running symlink_data
[4.402s] creating /home/zohaib/fyp_project_ws/install/imu_interface/share/ament_index
[4.406s] creating /home/zohaib/fyp_project_ws/install/imu_interface/share/ament_index/resource_index
[4.406s] creating /home/zohaib/fyp_project_ws/install/imu_interface/share/ament_index/resource_index/packages
[4.406s] symbolically linking /home/zohaib/fyp_project_ws/build/imu_interface/resource/imu_interface -> /home/zohaib/fyp_project_ws/install/imu_interface/share/ament_index/resource_index/packages
[4.407s] symbolically linking /home/zohaib/fyp_project_ws/build/imu_interface/package.xml -> /home/zohaib/fyp_project_ws/install/imu_interface/share/imu_interface
[5.084s] Invoked command in '/home/zohaib/fyp_project_ws/build/imu_interface' returned '0': DEBUGINFOD_URLS=https://debuginfod.ubuntu.com PYTHONPATH=/home/zohaib/fyp_project_ws/build/imu_interface/prefix_override:/usr/lib/python3/dist-packages/colcon_core/task/python/colcon_distutils_commands:/home/zohaib/fyp_project_ws/install/imu_interface/lib/python3.12/site-packages:${PYTHONPATH} /usr/bin/python3 -W ignore:setup.py install is deprecated -W ignore:easy_install command is deprecated setup.py develop --editable --build-directory /home/zohaib/fyp_project_ws/build/imu_interface/build --no-deps symlink_data
