[0.154s] DEBUG:colcon:Command line arguments: ['/usr/bin/colcon', 'build', '--symlink-install', '--packages-select', 'azure_iot']
[0.155s] DEBUG:colcon:Parsed command line arguments: Namespace(log_base=None, log_level=None, verb_name='build', build_base='build', install_base='install', merge_install=False, symlink_install=True, test_result_base=None, continue_on_error=False, executor='parallel', parallel_workers=4, event_handlers=None, ignore_user_meta=False, metas=['./colcon.meta'], base_paths=['.'], packages_ignore=None, packages_ignore_regex=None, paths=None, packages_up_to=None, packages_up_to_regex=None, packages_above=None, packages_above_and_dependencies=None, packages_above_depth=None, packages_select_by_dep=None, packages_skip_by_dep=None, packages_skip_up_to=None, packages_select_build_failed=False, packages_skip_build_finished=False, packages_select_test_failures=False, packages_skip_test_passed=False, packages_select=['azure_iot'], packages_skip=None, packages_select_regex=None, packages_skip_regex=None, packages_start=None, packages_end=None, allow_overriding=[], cmake_args=None, cmake_target=None, cmake_target_skip_unavailable=False, cmake_clean_cache=False, cmake_clean_first=False, cmake_force_configure=False, ament_cmake_args=None, catkin_cmake_args=None, catkin_skip_building_tests=False, mixin_files=None, mixin=None, verb_parser=<colcon_mixin.mixin.mixin_argument.MixinArgumentDecorator object at 0xffffa549b260>, verb_extension=<colcon_core.verb.build.BuildVerb object at 0xffffa549af00>, main=<bound method BuildVerb.main of <colcon_core.verb.build.BuildVerb object at 0xffffa549af00>>, mixin_verb=('build',))
[0.219s] Level 1:colcon.colcon_core.package_discovery:discover_packages(colcon_meta) check parameters
[0.219s] Level 1:colcon.colcon_core.package_discovery:discover_packages(recursive) check parameters
[0.219s] Level 1:colcon.colcon_core.package_discovery:discover_packages(ignore) check parameters
[0.219s] Level 1:colcon.colcon_core.package_discovery:discover_packages(path) check parameters
[0.219s] Level 1:colcon.colcon_core.package_discovery:discover_packages(colcon_meta) discover
[0.219s] Level 1:colcon.colcon_core.package_discovery:discover_packages(recursive) discover
[0.219s] INFO:colcon.colcon_core.package_discovery:Crawling recursively for packages in '/home/zohaib/fyp_project_ws'
[0.219s] Level 1:colcon.colcon_core.package_identification:_identify(.) by extensions ['ignore', 'ignore_ament_install']
[0.219s] Level 1:colcon.colcon_core.package_identification:_identify(.) by extension 'ignore'
[0.219s] Level 1:colcon.colcon_core.package_identification:_identify(.) by extension 'ignore_ament_install'
[0.220s] Level 1:colcon.colcon_core.package_identification:_identify(.) by extensions ['colcon_pkg']
[0.220s] Level 1:colcon.colcon_core.package_identification:_identify(.) by extension 'colcon_pkg'
[0.220s] Level 1:colcon.colcon_core.package_identification:_identify(.) by extensions ['colcon_meta']
[0.220s] Level 1:colcon.colcon_core.package_identification:_identify(.) by extension 'colcon_meta'
[0.220s] Level 1:colcon.colcon_core.package_identification:_identify(.) by extensions ['ros']
[0.220s] Level 1:colcon.colcon_core.package_identification:_identify(.) by extension 'ros'
[0.272s] Level 1:colcon.colcon_core.package_identification:_identify(.) by extensions ['cmake', 'python']
[0.272s] Level 1:colcon.colcon_core.package_identification:_identify(.) by extension 'cmake'
[0.272s] Level 1:colcon.colcon_core.package_identification:_identify(.) by extension 'python'
[0.272s] Level 1:colcon.colcon_core.package_identification:_identify(.) by extensions ['python_setup_py']
[0.272s] Level 1:colcon.colcon_core.package_identification:_identify(.) by extension 'python_setup_py'
[0.273s] Level 1:colcon.colcon_core.package_identification:_identify(build) by extensions ['ignore', 'ignore_ament_install']
[0.273s] Level 1:colcon.colcon_core.package_identification:_identify(build) by extension 'ignore'
[0.273s] Level 1:colcon.colcon_core.package_identification:_identify(build) ignored
[0.273s] Level 1:colcon.colcon_core.package_identification:_identify(install) by extensions ['ignore', 'ignore_ament_install']
[0.273s] Level 1:colcon.colcon_core.package_identification:_identify(install) by extension 'ignore'
[0.273s] Level 1:colcon.colcon_core.package_identification:_identify(install) ignored
[0.273s] Level 1:colcon.colcon_core.package_identification:_identify(log) by extensions ['ignore', 'ignore_ament_install']
[0.273s] Level 1:colcon.colcon_core.package_identification:_identify(log) by extension 'ignore'
[0.273s] Level 1:colcon.colcon_core.package_identification:_identify(log) ignored
[0.273s] Level 1:colcon.colcon_core.package_identification:_identify(src) by extensions ['ignore', 'ignore_ament_install']
[0.274s] Level 1:colcon.colcon_core.package_identification:_identify(src) by extension 'ignore'
[0.274s] Level 1:colcon.colcon_core.package_identification:_identify(src) by extension 'ignore_ament_install'
[0.274s] Level 1:colcon.colcon_core.package_identification:_identify(src) by extensions ['colcon_pkg']
[0.274s] Level 1:colcon.colcon_core.package_identification:_identify(src) by extension 'colcon_pkg'
[0.274s] Level 1:colcon.colcon_core.package_identification:_identify(src) by extensions ['colcon_meta']
[0.274s] Level 1:colcon.colcon_core.package_identification:_identify(src) by extension 'colcon_meta'
[0.274s] Level 1:colcon.colcon_core.package_identification:_identify(src) by extensions ['ros']
[0.274s] Level 1:colcon.colcon_core.package_identification:_identify(src) by extension 'ros'
[0.274s] Level 1:colcon.colcon_core.package_identification:_identify(src) by extensions ['cmake', 'python']
[0.274s] Level 1:colcon.colcon_core.package_identification:_identify(src) by extension 'cmake'
[0.274s] Level 1:colcon.colcon_core.package_identification:_identify(src) by extension 'python'
[0.274s] Level 1:colcon.colcon_core.package_identification:_identify(src) by extensions ['python_setup_py']
[0.274s] Level 1:colcon.colcon_core.package_identification:_identify(src) by extension 'python_setup_py'
[0.274s] Level 1:colcon.colcon_core.package_identification:_identify(src/azure_iot) by extensions ['ignore', 'ignore_ament_install']
[0.274s] Level 1:colcon.colcon_core.package_identification:_identify(src/azure_iot) by extension 'ignore'
[0.274s] Level 1:colcon.colcon_core.package_identification:_identify(src/azure_iot) by extension 'ignore_ament_install'
[0.274s] Level 1:colcon.colcon_core.package_identification:_identify(src/azure_iot) by extensions ['colcon_pkg']
[0.275s] Level 1:colcon.colcon_core.package_identification:_identify(src/azure_iot) by extension 'colcon_pkg'
[0.275s] Level 1:colcon.colcon_core.package_identification:_identify(src/azure_iot) by extensions ['colcon_meta']
[0.275s] Level 1:colcon.colcon_core.package_identification:_identify(src/azure_iot) by extension 'colcon_meta'
[0.275s] Level 1:colcon.colcon_core.package_identification:_identify(src/azure_iot) by extensions ['ros']
[0.275s] Level 1:colcon.colcon_core.package_identification:_identify(src/azure_iot) by extension 'ros'
[0.278s] DEBUG:colcon.colcon_core.package_identification:Package 'src/azure_iot' with type 'ros.ament_python' and name 'azure_iot'
[0.278s] Level 1:colcon.colcon_core.package_identification:_identify(src/fyp_project) by extensions ['ignore', 'ignore_ament_install']
[0.278s] Level 1:colcon.colcon_core.package_identification:_identify(src/fyp_project) by extension 'ignore'
[0.278s] Level 1:colcon.colcon_core.package_identification:_identify(src/fyp_project) by extension 'ignore_ament_install'
[0.278s] Level 1:colcon.colcon_core.package_identification:_identify(src/fyp_project) by extensions ['colcon_pkg']
[0.278s] Level 1:colcon.colcon_core.package_identification:_identify(src/fyp_project) by extension 'colcon_pkg'
[0.278s] Level 1:colcon.colcon_core.package_identification:_identify(src/fyp_project) by extensions ['colcon_meta']
[0.278s] Level 1:colcon.colcon_core.package_identification:_identify(src/fyp_project) by extension 'colcon_meta'
[0.279s] Level 1:colcon.colcon_core.package_identification:_identify(src/fyp_project) by extensions ['ros']
[0.279s] Level 1:colcon.colcon_core.package_identification:_identify(src/fyp_project) by extension 'ros'
[0.279s] DEBUG:colcon.colcon_core.package_identification:Package 'src/fyp_project' with type 'ros.ament_python' and name 'fyp_project'
[0.279s] Level 1:colcon.colcon_core.package_identification:_identify(src/imu_interface) by extensions ['ignore', 'ignore_ament_install']
[0.280s] Level 1:colcon.colcon_core.package_identification:_identify(src/imu_interface) by extension 'ignore'
[0.280s] Level 1:colcon.colcon_core.package_identification:_identify(src/imu_interface) by extension 'ignore_ament_install'
[0.280s] Level 1:colcon.colcon_core.package_identification:_identify(src/imu_interface) by extensions ['colcon_pkg']
[0.280s] Level 1:colcon.colcon_core.package_identification:_identify(src/imu_interface) by extension 'colcon_pkg'
[0.280s] Level 1:colcon.colcon_core.package_identification:_identify(src/imu_interface) by extensions ['colcon_meta']
[0.280s] Level 1:colcon.colcon_core.package_identification:_identify(src/imu_interface) by extension 'colcon_meta'
[0.280s] Level 1:colcon.colcon_core.package_identification:_identify(src/imu_interface) by extensions ['ros']
[0.280s] Level 1:colcon.colcon_core.package_identification:_identify(src/imu_interface) by extension 'ros'
[0.281s] DEBUG:colcon.colcon_core.package_identification:Package 'src/imu_interface' with type 'ros.ament_python' and name 'imu_interface'
[0.281s] Level 1:colcon.colcon_core.package_identification:_identify(src/pothole_detection) by extensions ['ignore', 'ignore_ament_install']
[0.281s] Level 1:colcon.colcon_core.package_identification:_identify(src/pothole_detection) by extension 'ignore'
[0.281s] Level 1:colcon.colcon_core.package_identification:_identify(src/pothole_detection) by extension 'ignore_ament_install'
[0.281s] Level 1:colcon.colcon_core.package_identification:_identify(src/pothole_detection) by extensions ['colcon_pkg']
[0.281s] Level 1:colcon.colcon_core.package_identification:_identify(src/pothole_detection) by extension 'colcon_pkg'
[0.281s] Level 1:colcon.colcon_core.package_identification:_identify(src/pothole_detection) by extensions ['colcon_meta']
[0.281s] Level 1:colcon.colcon_core.package_identification:_identify(src/pothole_detection) by extension 'colcon_meta'
[0.281s] Level 1:colcon.colcon_core.package_identification:_identify(src/pothole_detection) by extensions ['ros']
[0.281s] Level 1:colcon.colcon_core.package_identification:_identify(src/pothole_detection) by extension 'ros'
[0.282s] DEBUG:colcon.colcon_core.package_identification:Package 'src/pothole_detection' with type 'ros.ament_python' and name 'pothole_detection'
[0.282s] Level 1:colcon.colcon_core.package_identification:_identify(src/slam_mapping) by extensions ['ignore', 'ignore_ament_install']
[0.282s] Level 1:colcon.colcon_core.package_identification:_identify(src/slam_mapping) by extension 'ignore'
[0.282s] Level 1:colcon.colcon_core.package_identification:_identify(src/slam_mapping) by extension 'ignore_ament_install'
[0.282s] Level 1:colcon.colcon_core.package_identification:_identify(src/slam_mapping) by extensions ['colcon_pkg']
[0.282s] Level 1:colcon.colcon_core.package_identification:_identify(src/slam_mapping) by extension 'colcon_pkg'
[0.282s] Level 1:colcon.colcon_core.package_identification:_identify(src/slam_mapping) by extensions ['colcon_meta']
[0.282s] Level 1:colcon.colcon_core.package_identification:_identify(src/slam_mapping) by extension 'colcon_meta'
[0.282s] Level 1:colcon.colcon_core.package_identification:_identify(src/slam_mapping) by extensions ['ros']
[0.282s] Level 1:colcon.colcon_core.package_identification:_identify(src/slam_mapping) by extension 'ros'
[0.283s] DEBUG:colcon.colcon_core.package_identification:Package 'src/slam_mapping' with type 'ros.ament_python' and name 'slam_mapping'
[0.283s] Level 1:colcon.colcon_core.package_discovery:discover_packages(recursive) using defaults
[0.283s] Level 1:colcon.colcon_core.package_discovery:discover_packages(ignore) discover
[0.283s] Level 1:colcon.colcon_core.package_discovery:discover_packages(ignore) using defaults
[0.283s] Level 1:colcon.colcon_core.package_discovery:discover_packages(path) discover
[0.283s] Level 1:colcon.colcon_core.package_discovery:discover_packages(path) using defaults
[0.308s] INFO:colcon.colcon_core.package_selection:Skipping not selected package 'fyp_project' in 'src/fyp_project'
[0.308s] INFO:colcon.colcon_core.package_selection:Skipping not selected package 'imu_interface' in 'src/imu_interface'
[0.308s] INFO:colcon.colcon_core.package_selection:Skipping not selected package 'pothole_detection' in 'src/pothole_detection'
[0.308s] INFO:colcon.colcon_core.package_selection:Skipping not selected package 'slam_mapping' in 'src/slam_mapping'
[0.309s] Level 1:colcon.colcon_core.package_discovery:discover_packages(prefix_path) check parameters
[0.309s] Level 1:colcon.colcon_core.package_discovery:discover_packages(prefix_path) discover
[0.311s] DEBUG:colcon.colcon_installed_package_information.package_discovery:Found 5 installed packages in /home/zohaib/fyp_project_ws/install
[0.312s] DEBUG:colcon.colcon_installed_package_information.package_discovery:Found 3 installed packages in /home/zohaib/ros2_ws/install
[0.314s] DEBUG:colcon.colcon_installed_package_information.package_discovery:Found 322 installed packages in /opt/ros/jazzy
[0.317s] Level 1:colcon.colcon_core.package_discovery:discover_packages(prefix_path) using defaults
[0.381s] Level 5:colcon.colcon_core.verb:set package 'azure_iot' build argument 'cmake_args' from command line to 'None'
[0.381s] Level 5:colcon.colcon_core.verb:set package 'azure_iot' build argument 'cmake_target' from command line to 'None'
[0.381s] Level 5:colcon.colcon_core.verb:set package 'azure_iot' build argument 'cmake_target_skip_unavailable' from command line to 'False'
[0.381s] Level 5:colcon.colcon_core.verb:set package 'azure_iot' build argument 'cmake_clean_cache' from command line to 'False'
[0.381s] Level 5:colcon.colcon_core.verb:set package 'azure_iot' build argument 'cmake_clean_first' from command line to 'False'
[0.381s] Level 5:colcon.colcon_core.verb:set package 'azure_iot' build argument 'cmake_force_configure' from command line to 'False'
[0.381s] Level 5:colcon.colcon_core.verb:set package 'azure_iot' build argument 'ament_cmake_args' from command line to 'None'
[0.381s] Level 5:colcon.colcon_core.verb:set package 'azure_iot' build argument 'catkin_cmake_args' from command line to 'None'
[0.381s] Level 5:colcon.colcon_core.verb:set package 'azure_iot' build argument 'catkin_skip_building_tests' from command line to 'False'
[0.381s] DEBUG:colcon.colcon_core.verb:Building package 'azure_iot' with the following arguments: {'ament_cmake_args': None, 'build_base': '/home/zohaib/fyp_project_ws/build/azure_iot', 'catkin_cmake_args': None, 'catkin_skip_building_tests': False, 'cmake_args': None, 'cmake_clean_cache': False, 'cmake_clean_first': False, 'cmake_force_configure': False, 'cmake_target': None, 'cmake_target_skip_unavailable': False, 'install_base': '/home/zohaib/fyp_project_ws/install/azure_iot', 'merge_install': False, 'path': '/home/zohaib/fyp_project_ws/src/azure_iot', 'symlink_install': True, 'test_result_base': None}
[0.382s] INFO:colcon.colcon_core.executor:Executing jobs using 'parallel' executor
[0.383s] DEBUG:colcon.colcon_parallel_executor.executor.parallel:run_until_complete
[0.384s] INFO:colcon.colcon_ros.task.ament_python.build:Building ROS package in '/home/zohaib/fyp_project_ws/src/azure_iot' with build type 'ament_python'
[0.384s] Level 1:colcon.colcon_core.shell:create_environment_hook('azure_iot', 'ament_prefix_path')
[0.389s] INFO:colcon.colcon_core.plugin_system:Skipping extension 'colcon_core.shell.bat': Not used on non-Windows systems
[0.390s] INFO:colcon.colcon_core.shell:Creating environment hook '/home/zohaib/fyp_project_ws/install/azure_iot/share/azure_iot/hook/ament_prefix_path.ps1'
[0.391s] INFO:colcon.colcon_core.shell:Creating environment descriptor '/home/zohaib/fyp_project_ws/install/azure_iot/share/azure_iot/hook/ament_prefix_path.dsv'
[0.395s] INFO:colcon.colcon_core.shell:Creating environment hook '/home/zohaib/fyp_project_ws/install/azure_iot/share/azure_iot/hook/ament_prefix_path.sh'
[0.398s] INFO:colcon.colcon_core.shell:Skip shell extension 'powershell' for command environment: Not usable outside of PowerShell
[0.398s] DEBUG:colcon.colcon_core.shell:Skip shell extension 'dsv' for command environment
[0.876s] INFO:colcon.colcon_core.task.python.build:Building Python package in '/home/zohaib/fyp_project_ws/src/azure_iot'
[0.877s] INFO:colcon.colcon_core.shell:Skip shell extension 'powershell' for command environment: Not usable outside of PowerShell
[0.877s] DEBUG:colcon.colcon_core.shell:Skip shell extension 'dsv' for command environment
[1.906s] DEBUG:colcon.colcon_core.event_handler.log_command:Invoking command in '/home/zohaib/fyp_project_ws/build/azure_iot': DEBUGINFOD_URLS=https://debuginfod.ubuntu.com PYTHONPATH=/home/zohaib/fyp_project_ws/build/azure_iot/prefix_override:/usr/lib/python3/dist-packages/colcon_core/task/python/colcon_distutils_commands:/home/zohaib/fyp_project_ws/install/azure_iot/lib/python3.12/site-packages:${PYTHONPATH} /usr/bin/python3 -W ignore:setup.py install is deprecated -W ignore:easy_install command is deprecated setup.py develop --editable --build-directory /home/zohaib/fyp_project_ws/build/azure_iot/build --no-deps symlink_data
[3.022s] Level 1:colcon.colcon_core.shell:create_environment_hook('azure_iot', 'pythonpath_develop')
[3.023s] INFO:colcon.colcon_core.shell:Creating environment hook '/home/zohaib/fyp_project_ws/build/azure_iot/share/azure_iot/hook/pythonpath_develop.ps1'
[3.023s] DEBUG:colcon.colcon_core.event_handler.log_command:Invoked command in '/home/zohaib/fyp_project_ws/build/azure_iot' returned '0': DEBUGINFOD_URLS=https://debuginfod.ubuntu.com PYTHONPATH=/home/zohaib/fyp_project_ws/build/azure_iot/prefix_override:/usr/lib/python3/dist-packages/colcon_core/task/python/colcon_distutils_commands:/home/zohaib/fyp_project_ws/install/azure_iot/lib/python3.12/site-packages:${PYTHONPATH} /usr/bin/python3 -W ignore:setup.py install is deprecated -W ignore:easy_install command is deprecated setup.py develop --editable --build-directory /home/zohaib/fyp_project_ws/build/azure_iot/build --no-deps symlink_data
[3.024s] INFO:colcon.colcon_core.shell:Creating environment descriptor '/home/zohaib/fyp_project_ws/build/azure_iot/share/azure_iot/hook/pythonpath_develop.dsv'
[3.026s] INFO:colcon.colcon_core.shell:Creating environment hook '/home/zohaib/fyp_project_ws/build/azure_iot/share/azure_iot/hook/pythonpath_develop.sh'
[3.031s] Level 1:colcon.colcon_core.environment:checking '/home/zohaib/fyp_project_ws/install/azure_iot' for CMake module files
[3.031s] Level 1:colcon.colcon_core.environment:checking '/home/zohaib/fyp_project_ws/install/azure_iot' for CMake config files
[3.032s] Level 1:colcon.colcon_core.environment:checking '/home/zohaib/fyp_project_ws/install/azure_iot/lib'
[3.033s] Level 1:colcon.colcon_core.environment:checking '/home/zohaib/fyp_project_ws/install/azure_iot/bin'
[3.033s] Level 1:colcon.colcon_core.environment:checking '/home/zohaib/fyp_project_ws/install/azure_iot/lib/pkgconfig/azure_iot.pc'
[3.033s] Level 1:colcon.colcon_core.environment:checking '/home/zohaib/fyp_project_ws/install/azure_iot/lib/python3.12/site-packages'
[3.033s] Level 1:colcon.colcon_core.shell:create_environment_hook('azure_iot', 'pythonpath')
[3.034s] INFO:colcon.colcon_core.shell:Creating environment hook '/home/zohaib/fyp_project_ws/install/azure_iot/share/azure_iot/hook/pythonpath.ps1'
[3.034s] INFO:colcon.colcon_core.shell:Creating environment descriptor '/home/zohaib/fyp_project_ws/install/azure_iot/share/azure_iot/hook/pythonpath.dsv'
[3.037s] INFO:colcon.colcon_core.shell:Creating environment hook '/home/zohaib/fyp_project_ws/install/azure_iot/share/azure_iot/hook/pythonpath.sh'
[3.038s] Level 1:colcon.colcon_core.environment:checking '/home/zohaib/fyp_project_ws/install/azure_iot/bin'
[3.038s] Level 1:colcon.colcon_core.environment:create_environment_scripts_only(azure_iot)
[3.039s] INFO:colcon.colcon_core.shell:Creating package script '/home/zohaib/fyp_project_ws/install/azure_iot/share/azure_iot/package.ps1'
[3.040s] INFO:colcon.colcon_core.shell:Creating package descriptor '/home/zohaib/fyp_project_ws/install/azure_iot/share/azure_iot/package.dsv'
[3.041s] INFO:colcon.colcon_core.shell:Creating package script '/home/zohaib/fyp_project_ws/install/azure_iot/share/azure_iot/package.sh'
[3.042s] INFO:colcon.colcon_core.shell:Creating package script '/home/zohaib/fyp_project_ws/install/azure_iot/share/azure_iot/package.bash'
[3.043s] INFO:colcon.colcon_core.shell:Creating package script '/home/zohaib/fyp_project_ws/install/azure_iot/share/azure_iot/package.zsh'
[3.044s] Level 1:colcon.colcon_core.environment:create_file_with_runtime_dependencies(/home/zohaib/fyp_project_ws/install/azure_iot/share/colcon-core/packages/azure_iot)
[3.045s] DEBUG:colcon.colcon_parallel_executor.executor.parallel:closing loop
[3.045s] DEBUG:colcon.colcon_parallel_executor.executor.parallel:loop closed
[3.046s] DEBUG:colcon.colcon_parallel_executor.executor.parallel:run_until_complete finished with '0'
[3.047s] DEBUG:colcon.colcon_core.event_reactor:joining thread
[3.057s] INFO:colcon.colcon_core.plugin_system:Skipping extension 'colcon_notification.desktop_notification.terminal_notifier': Not used on non-Darwin systems
[3.058s] INFO:colcon.colcon_core.plugin_system:Skipping extension 'colcon_notification.desktop_notification.win32': Not used on non-Windows systems
[3.058s] INFO:colcon.colcon_notification.desktop_notification:Sending desktop notification using 'notify2'
[3.090s] DEBUG:colcon.colcon_core.event_reactor:joined thread
[3.090s] INFO:colcon.colcon_core.shell:Creating prefix script '/home/zohaib/fyp_project_ws/install/local_setup.ps1'
[3.092s] INFO:colcon.colcon_core.shell:Creating prefix util module '/home/zohaib/fyp_project_ws/install/_local_setup_util_ps1.py'
[3.094s] INFO:colcon.colcon_core.shell:Creating prefix chain script '/home/zohaib/fyp_project_ws/install/setup.ps1'
[3.096s] INFO:colcon.colcon_core.shell:Creating prefix script '/home/zohaib/fyp_project_ws/install/local_setup.sh'
[3.097s] INFO:colcon.colcon_core.shell:Creating prefix util module '/home/zohaib/fyp_project_ws/install/_local_setup_util_sh.py'
[3.098s] INFO:colcon.colcon_core.shell:Creating prefix chain script '/home/zohaib/fyp_project_ws/install/setup.sh'
[3.100s] INFO:colcon.colcon_core.shell:Creating prefix script '/home/zohaib/fyp_project_ws/install/local_setup.bash'
[3.101s] INFO:colcon.colcon_core.shell:Creating prefix chain script '/home/zohaib/fyp_project_ws/install/setup.bash'
[3.102s] INFO:colcon.colcon_core.shell:Creating prefix script '/home/zohaib/fyp_project_ws/install/local_setup.zsh'
[3.103s] INFO:colcon.colcon_core.shell:Creating prefix chain script '/home/zohaib/fyp_project_ws/install/setup.zsh'
