[0.018s] Invoking command in '/home/zohaib/fyp_project_ws/build/rtabmap_conversions': AMENT_PREFIX_PATH=/home/zohaib/fyp_project_ws/install/rtabmap_msgs:${AMENT_PREFIX_PATH} CMAKE_PREFIX_PATH=/home/zohaib/fyp_project_ws/install/rtabmap_msgs:/home/zohaib/ros2_ws/install/rplidar_ros:/opt/ros/jazzy/opt/gz_math_vendor:/opt/ros/jazzy/opt/gz_utils_vendor:/opt/ros/jazzy/opt/gz_cmake_vendor:/home/zohaib/ros2_ws/install/camera_processor:/home/zohaib/fyp_project_ws/install/slam_mapping:/home/zohaib/fyp_project_ws/install/pothole_detection:/home/zohaib/fyp_project_ws/install/imu_interface:/home/zohaib/fyp_project_ws/install/fyp_project:/home/zohaib/fyp_project_ws/install/azure_iot:/opt/ros/jazzy DEBUGINFOD_URLS=https://debuginfod.ubuntu.com LD_LIBRARY_PATH=/home/zohaib/fyp_project_ws/install/rtabmap_msgs/lib:${LD_LIBRARY_PATH} PYTHONPATH=/home/zohaib/fyp_project_ws/install/rtabmap_msgs/lib/python3.12/site-packages:${PYTHONPATH} /usr/bin/cmake /home/zohaib/fyp_project_ws/src/rtabmap_ros/rtabmap_conversions -DAMENT_CMAKE_SYMLINK_INSTALL=1 -DCMAKE_INSTALL_PREFIX=/home/zohaib/fyp_project_ws/install/rtabmap_conversions
[0.119s] -- The C compiler identification is GNU 13.3.0
[0.219s] -- The CXX compiler identification is GNU 13.3.0
[0.247s] -- Detecting C compiler ABI info
[0.409s] -- Detecting C compiler ABI info - done
[0.425s] -- Check for working C compiler: /usr/bin/cc - skipped
[0.425s] -- Detecting C compile features
[0.426s] -- Detecting C compile features - done
[0.440s] -- Detecting CXX compiler ABI info
[0.617s] -- Detecting CXX compiler ABI info - done
[0.632s] -- Check for working CXX compiler: /usr/bin/c++ - skipped
[0.632s] -- Detecting CXX compile features
[0.633s] -- Detecting CXX compile features - done
[0.638s] -- Found ament_cmake: 2.5.3 (/opt/ros/jazzy/share/ament_cmake/cmake)
[0.877s] -- Found Python3: /usr/bin/python3 (found version "3.12.3") found components: Interpreter 
[1.004s] -- Override CMake install command with custom implementation using symlinks instead of copying resources
[1.062s] -- Found cv_bridge: 4.1.0 (/opt/ros/jazzy/share/cv_bridge/cmake)
[1.145s] -- Found rosidl_generator_c: 4.6.5 (/opt/ros/jazzy/share/rosidl_generator_c/cmake)
[1.167s] -- Found rosidl_generator_cpp: 4.6.5 (/opt/ros/jazzy/share/rosidl_generator_cpp/cmake)
[1.194s] -- Using all available rosidl_typesupport_c: rosidl_typesupport_fastrtps_c;rosidl_typesupport_introspection_c
[1.222s] -- Using all available rosidl_typesupport_cpp: rosidl_typesupport_fastrtps_cpp;rosidl_typesupport_introspection_cpp
[1.452s] -- Found rmw_implementation_cmake: 7.3.1 (/opt/ros/jazzy/share/rmw_implementation_cmake/cmake)
[1.460s] -- Found rmw_fastrtps_cpp: 8.4.1 (/opt/ros/jazzy/share/rmw_fastrtps_cpp/cmake)
[1.635s] -- Found OpenSSL: /usr/lib/aarch64-linux-gnu/libcrypto.so (found version "3.0.13")  
[1.670s] -- Found FastRTPS: /opt/ros/jazzy/include (Required is at least version "2.13") 
[1.712s] -- Using RMW implementation 'rmw_fastrtps_cpp' as default
[1.876s] -- Found image_geometry: 4.1.0 (/opt/ros/jazzy/share/image_geometry/cmake)
[1.885s] -- Found laser_geometry: 2.7.0 (/opt/ros/jazzy/share/laser_geometry/cmake)
[1.920s] -- Found pcl_conversions: 2.6.2 (/opt/ros/jazzy/share/pcl_conversions/cmake)
[2.062s] [33mCMake Warning (dev) at /usr/lib/aarch64-linux-gnu/cmake/pcl/Modules/FindFLANN.cmake:45 (find_package):
[2.062s]   Policy CMP0144 is not set: find_package uses upper-case <PACKAGENAME>_ROOT
[2.062s]   variables.  Run "cmake --help-policy CMP0144" for policy details.  Use the
[2.062s]   cmake_policy command to set the policy and suppress this warning.
[2.062s] 
[2.062s]   CMake variable FLANN_ROOT is set to:
[2.063s] 
[2.063s]     /usr
[2.063s] 
[2.063s]   For compatibility, find_package is ignoring the variable, but code in a
[2.063s]   .cmake module might still use it.
[2.063s] Call Stack (most recent call first):
[2.063s]   /usr/lib/aarch64-linux-gnu/cmake/pcl/PCLConfig.cmake:261 (find_package)
[2.063s]   /usr/lib/aarch64-linux-gnu/cmake/pcl/PCLConfig.cmake:306 (find_flann)
[2.063s]   /usr/lib/aarch64-linux-gnu/cmake/pcl/PCLConfig.cmake:570 (find_external_library)
[2.063s]   /opt/ros/jazzy/share/pcl_conversions/cmake/ament_cmake_export_dependencies-extras.cmake:21 (find_package)
[2.063s]   /opt/ros/jazzy/share/pcl_conversions/cmake/pcl_conversionsConfig.cmake:41 (include)
[2.063s]   CMakeLists.txt:13 (find_package)
[2.064s] This warning is for project developers.  Use -Wno-dev to suppress it.
[2.064s] [0m
[2.065s] -- Found flann version 1.9.2
[2.647s] -- Found OpenMP_CXX: -fopenmp (found version "4.5") 
[2.648s] -- Found OpenMP: TRUE (found version "4.5") found components: CXX 
[5.051s] -- Checking for module 'libusb-1.0'
[5.080s] --   Found libusb-1.0, version 1.0.27
[5.148s] -- Found libusb: /usr/lib/aarch64-linux-gnu/libusb-1.0.so  
[5.152s] -- OpenNI found (version: 1.5.4.0, include: /usr/include/ni, lib: /usr/lib/libOpenNI.so;libusb::libusb)
[5.262s] -- OpenNI2 found (version: 2.2.0.33, include: /usr/include/openni2, lib: /usr/lib/aarch64-linux-gnu/libOpenNI2.so;libusb::libusb)
[5.268s] -- Could NOT find Pcap (missing: PCAP_LIBRARIES PCAP_INCLUDE_DIRS) 
[5.287s] -- Found ZLIB: /usr/lib/aarch64-linux-gnu/libz.so (found version "1.3")  
[5.309s] -- Found PNG: /usr/lib/aarch64-linux-gnu/libpng.so (found version "1.6.43") 
[5.944s] -- OpenNI found (version: 1.5.4.0, include: /usr/include/ni, lib: /usr/lib/libOpenNI.so;libusb::libusb)
[5.955s] -- OpenNI2 found (version: 2.2.0.33, include: /usr/include/openni2, lib: /usr/lib/aarch64-linux-gnu/libOpenNI2.so;libusb::libusb)
[6.584s] -- Found Qhull version 8.0.2
[7.213s] -- OpenNI found (version: 1.5.4.0, include: /usr/include/ni, lib: /usr/lib/libOpenNI.so;libusb::libusb)
[7.824s] -- Found PCL_COMMON: /usr/lib/aarch64-linux-gnu/libpcl_common.so  
[7.825s] -- Found PCL_KDTREE: /usr/lib/aarch64-linux-gnu/libpcl_kdtree.so  
[7.827s] -- Found PCL_OCTREE: /usr/lib/aarch64-linux-gnu/libpcl_octree.so  
[7.828s] -- Found PCL_SEARCH: /usr/lib/aarch64-linux-gnu/libpcl_search.so  
[7.830s] -- Found PCL_SAMPLE_CONSENSUS: /usr/lib/aarch64-linux-gnu/libpcl_sample_consensus.so  
[7.831s] -- Found PCL_FILTERS: /usr/lib/aarch64-linux-gnu/libpcl_filters.so  
[7.831s] -- Found PCL_2D: /usr/include/pcl-1.14  
[7.832s] -- Found PCL_GEOMETRY: /usr/include/pcl-1.14  
[7.833s] -- Found PCL_IO: /usr/lib/aarch64-linux-gnu/libpcl_io.so  
[7.835s] -- Found PCL_FEATURES: /usr/lib/aarch64-linux-gnu/libpcl_features.so  
[7.836s] -- Found PCL_ML: /usr/lib/aarch64-linux-gnu/libpcl_ml.so  
[7.838s] -- Found PCL_SEGMENTATION: /usr/lib/aarch64-linux-gnu/libpcl_segmentation.so  
[7.839s] -- Found PCL_VISUALIZATION: /usr/lib/aarch64-linux-gnu/libpcl_visualization.so  
[7.841s] -- Found PCL_SURFACE: /usr/lib/aarch64-linux-gnu/libpcl_surface.so  
[7.842s] -- Found PCL_REGISTRATION: /usr/lib/aarch64-linux-gnu/libpcl_registration.so  
[7.844s] -- Found PCL_KEYPOINTS: /usr/lib/aarch64-linux-gnu/libpcl_keypoints.so  
[7.846s] -- Found PCL_TRACKING: /usr/lib/aarch64-linux-gnu/libpcl_tracking.so  
[7.847s] -- Found PCL_RECOGNITION: /usr/lib/aarch64-linux-gnu/libpcl_recognition.so  
[7.849s] -- Found PCL_STEREO: /usr/lib/aarch64-linux-gnu/libpcl_stereo.so  
[7.850s] -- Found PCL_APPS: /usr/lib/aarch64-linux-gnu/libpcl_apps.so  
[7.852s] -- Found PCL_IN_HAND_SCANNER: /usr/include/pcl-1.14  
[7.852s] -- Found PCL_MODELER: /usr/include/pcl-1.14  
[7.853s] -- Found PCL_POINT_CLOUD_EDITOR: /usr/include/pcl-1.14  
[7.855s] -- Found PCL_OUTOFCORE: /usr/lib/aarch64-linux-gnu/libpcl_outofcore.so  
[7.856s] -- Found PCL_PEOPLE: /usr/lib/aarch64-linux-gnu/libpcl_people.so  
[7.860s] -- Found rtabmap_msgs: 0.21.10 (/home/zohaib/fyp_project_ws/install/rtabmap_msgs/share/rtabmap_msgs/cmake)
[7.997s] -- Found tf2_eigen: 0.36.8 (/opt/ros/jazzy/share/tf2_eigen/cmake)
[8.560s] -- Found tf2_geometry_msgs: 0.36.8 (/opt/ros/jazzy/share/tf2_geometry_msgs/cmake)
[8.583s] -- Found eigen3_cmake_module: 0.3.0 (/opt/ros/jazzy/share/eigen3_cmake_module/cmake)
[8.586s] -- Found Eigen3: TRUE (found version "3.4.0") 
[8.586s] -- Ensuring Eigen3 include directory is part of orocos-kdl CMake target
[8.597s] -- Found OpenCV: /usr (found version "4.6.0") found components: core calib3d imgproc highgui stitching photo video aruco objdetect missing components: xfeatures2d nonfree gpu cudafeatures2d
[8.597s] [33mCMake Warning (dev) at /usr/share/cmake-3.28/Modules/CMakeFindDependencyMacro.cmake:76 (find_package):
[8.598s]   Policy CMP0074 is not set: find_package uses <PackageName>_ROOT variables.
[8.598s]   Run "cmake --help-policy CMP0074" for policy details.  Use the cmake_policy
[8.598s]   command to set the policy and suppress this warning.
[8.598s] 
[8.598s]   CMake variable PCL_ROOT is set to:
[8.598s] 
[8.598s]     /usr
[8.598s] 
[8.598s]   For compatibility, CMake is ignoring the variable.
[8.598s] Call Stack (most recent call first):
[8.598s]   /opt/ros/jazzy/lib/aarch64-linux-gnu/rtabmap-0.21/RTABMapConfig.cmake:7 (find_dependency)
[8.598s]   CMakeLists.txt:22 (find_package)
[8.599s] This warning is for project developers.  Use -Wno-dev to suppress it.
[8.599s] [0m
[8.827s] -- Configuring done (8.8s)
[8.940s] -- Generating done (0.1s)
[8.950s] -- Build files have been written to: /home/zohaib/fyp_project_ws/build/rtabmap_conversions
[9.007s] Invoked command in '/home/zohaib/fyp_project_ws/build/rtabmap_conversions' returned '0': AMENT_PREFIX_PATH=/home/zohaib/fyp_project_ws/install/rtabmap_msgs:${AMENT_PREFIX_PATH} CMAKE_PREFIX_PATH=/home/zohaib/fyp_project_ws/install/rtabmap_msgs:/home/zohaib/ros2_ws/install/rplidar_ros:/opt/ros/jazzy/opt/gz_math_vendor:/opt/ros/jazzy/opt/gz_utils_vendor:/opt/ros/jazzy/opt/gz_cmake_vendor:/home/zohaib/ros2_ws/install/camera_processor:/home/zohaib/fyp_project_ws/install/slam_mapping:/home/zohaib/fyp_project_ws/install/pothole_detection:/home/zohaib/fyp_project_ws/install/imu_interface:/home/zohaib/fyp_project_ws/install/fyp_project:/home/zohaib/fyp_project_ws/install/azure_iot:/opt/ros/jazzy DEBUGINFOD_URLS=https://debuginfod.ubuntu.com LD_LIBRARY_PATH=/home/zohaib/fyp_project_ws/install/rtabmap_msgs/lib:${LD_LIBRARY_PATH} PYTHONPATH=/home/zohaib/fyp_project_ws/install/rtabmap_msgs/lib/python3.12/site-packages:${PYTHONPATH} /usr/bin/cmake /home/zohaib/fyp_project_ws/src/rtabmap_ros/rtabmap_conversions -DAMENT_CMAKE_SYMLINK_INSTALL=1 -DCMAKE_INSTALL_PREFIX=/home/zohaib/fyp_project_ws/install/rtabmap_conversions
[9.010s] Invoking command in '/home/zohaib/fyp_project_ws/build/rtabmap_conversions': AMENT_PREFIX_PATH=/home/zohaib/fyp_project_ws/install/rtabmap_msgs:${AMENT_PREFIX_PATH} CMAKE_PREFIX_PATH=/home/zohaib/fyp_project_ws/install/rtabmap_msgs:/home/zohaib/ros2_ws/install/rplidar_ros:/opt/ros/jazzy/opt/gz_math_vendor:/opt/ros/jazzy/opt/gz_utils_vendor:/opt/ros/jazzy/opt/gz_cmake_vendor:/home/zohaib/ros2_ws/install/camera_processor:/home/zohaib/fyp_project_ws/install/slam_mapping:/home/zohaib/fyp_project_ws/install/pothole_detection:/home/zohaib/fyp_project_ws/install/imu_interface:/home/zohaib/fyp_project_ws/install/fyp_project:/home/zohaib/fyp_project_ws/install/azure_iot:/opt/ros/jazzy DEBUGINFOD_URLS=https://debuginfod.ubuntu.com LD_LIBRARY_PATH=/home/zohaib/fyp_project_ws/install/rtabmap_msgs/lib:${LD_LIBRARY_PATH} PYTHONPATH=/home/zohaib/fyp_project_ws/install/rtabmap_msgs/lib/python3.12/site-packages:${PYTHONPATH} /usr/bin/cmake --build /home/zohaib/fyp_project_ws/build/rtabmap_conversions -- -j4 -l4
[9.104s] [ 50%] [32mBuilding CXX object CMakeFiles/rtabmap_conversions.dir/src/MsgConversion.cpp.o[0m
[34.858s] [100%] [32m[1mLinking CXX shared library librtabmap_conversions.so[0m
[37.858s] [100%] Built target rtabmap_conversions
[37.879s] Invoked command in '/home/zohaib/fyp_project_ws/build/rtabmap_conversions' returned '0': AMENT_PREFIX_PATH=/home/zohaib/fyp_project_ws/install/rtabmap_msgs:${AMENT_PREFIX_PATH} CMAKE_PREFIX_PATH=/home/zohaib/fyp_project_ws/install/rtabmap_msgs:/home/zohaib/ros2_ws/install/rplidar_ros:/opt/ros/jazzy/opt/gz_math_vendor:/opt/ros/jazzy/opt/gz_utils_vendor:/opt/ros/jazzy/opt/gz_cmake_vendor:/home/zohaib/ros2_ws/install/camera_processor:/home/zohaib/fyp_project_ws/install/slam_mapping:/home/zohaib/fyp_project_ws/install/pothole_detection:/home/zohaib/fyp_project_ws/install/imu_interface:/home/zohaib/fyp_project_ws/install/fyp_project:/home/zohaib/fyp_project_ws/install/azure_iot:/opt/ros/jazzy DEBUGINFOD_URLS=https://debuginfod.ubuntu.com LD_LIBRARY_PATH=/home/zohaib/fyp_project_ws/install/rtabmap_msgs/lib:${LD_LIBRARY_PATH} PYTHONPATH=/home/zohaib/fyp_project_ws/install/rtabmap_msgs/lib/python3.12/site-packages:${PYTHONPATH} /usr/bin/cmake --build /home/zohaib/fyp_project_ws/build/rtabmap_conversions -- -j4 -l4
[37.881s] Invoking command in '/home/zohaib/fyp_project_ws/build/rtabmap_conversions': AMENT_PREFIX_PATH=/home/zohaib/fyp_project_ws/install/rtabmap_msgs:${AMENT_PREFIX_PATH} CMAKE_PREFIX_PATH=/home/zohaib/fyp_project_ws/install/rtabmap_msgs:/home/zohaib/ros2_ws/install/rplidar_ros:/opt/ros/jazzy/opt/gz_math_vendor:/opt/ros/jazzy/opt/gz_utils_vendor:/opt/ros/jazzy/opt/gz_cmake_vendor:/home/zohaib/ros2_ws/install/camera_processor:/home/zohaib/fyp_project_ws/install/slam_mapping:/home/zohaib/fyp_project_ws/install/pothole_detection:/home/zohaib/fyp_project_ws/install/imu_interface:/home/zohaib/fyp_project_ws/install/fyp_project:/home/zohaib/fyp_project_ws/install/azure_iot:/opt/ros/jazzy DEBUGINFOD_URLS=https://debuginfod.ubuntu.com LD_LIBRARY_PATH=/home/zohaib/fyp_project_ws/install/rtabmap_msgs/lib:${LD_LIBRARY_PATH} PYTHONPATH=/home/zohaib/fyp_project_ws/install/rtabmap_msgs/lib/python3.12/site-packages:${PYTHONPATH} /usr/bin/cmake --install /home/zohaib/fyp_project_ws/build/rtabmap_conversions
[37.896s] -- Install configuration: ""
[37.897s] -- Execute custom install script
[37.897s] -- Symlinking: /home/zohaib/fyp_project_ws/install/rtabmap_conversions/share/rtabmap_conversions/environment/library_path.sh
[37.915s] -- Symlinking: /home/zohaib/fyp_project_ws/install/rtabmap_conversions/share/rtabmap_conversions/environment/library_path.dsv
[37.931s] -- Symlinking: /home/zohaib/fyp_project_ws/install/rtabmap_conversions/share/ament_index/resource_index/package_run_dependencies/rtabmap_conversions
[37.947s] -- Symlinking: /home/zohaib/fyp_project_ws/install/rtabmap_conversions/share/ament_index/resource_index/parent_prefix_path/rtabmap_conversions
[37.963s] -- Symlinking: /home/zohaib/fyp_project_ws/install/rtabmap_conversions/share/rtabmap_conversions/environment/ament_prefix_path.sh
[37.980s] -- Symlinking: /home/zohaib/fyp_project_ws/install/rtabmap_conversions/share/rtabmap_conversions/environment/ament_prefix_path.dsv
[37.996s] -- Symlinking: /home/zohaib/fyp_project_ws/install/rtabmap_conversions/share/rtabmap_conversions/environment/path.sh
[38.014s] -- Symlinking: /home/zohaib/fyp_project_ws/install/rtabmap_conversions/share/rtabmap_conversions/environment/path.dsv
[38.030s] -- Symlinking: /home/zohaib/fyp_project_ws/install/rtabmap_conversions/share/rtabmap_conversions/local_setup.bash
[38.046s] -- Symlinking: /home/zohaib/fyp_project_ws/install/rtabmap_conversions/share/rtabmap_conversions/local_setup.sh
[38.062s] -- Symlinking: /home/zohaib/fyp_project_ws/install/rtabmap_conversions/share/rtabmap_conversions/local_setup.zsh
[38.077s] -- Symlinking: /home/zohaib/fyp_project_ws/install/rtabmap_conversions/share/rtabmap_conversions/local_setup.dsv
[38.094s] -- Symlinking: /home/zohaib/fyp_project_ws/install/rtabmap_conversions/share/rtabmap_conversions/package.dsv
[38.112s] -- Symlinking: /home/zohaib/fyp_project_ws/install/rtabmap_conversions/share/ament_index/resource_index/packages/rtabmap_conversions
[38.128s] -- Symlinking: /home/zohaib/fyp_project_ws/install/rtabmap_conversions/share/rtabmap_conversions/cmake/ament_cmake_export_dependencies-extras.cmake
[38.144s] -- Symlinking: /home/zohaib/fyp_project_ws/install/rtabmap_conversions/share/rtabmap_conversions/cmake/ament_cmake_export_include_directories-extras.cmake
[38.160s] -- Symlinking: /home/zohaib/fyp_project_ws/install/rtabmap_conversions/share/rtabmap_conversions/cmake/ament_cmake_export_targets-extras.cmake
[38.175s] -- Symlinking: /home/zohaib/fyp_project_ws/install/rtabmap_conversions/share/rtabmap_conversions/cmake/ament_cmake_export_libraries-extras.cmake
[38.191s] -- Symlinking: /home/zohaib/fyp_project_ws/install/rtabmap_conversions/share/rtabmap_conversions/cmake/rtabmap_conversionsConfig.cmake
[38.207s] -- Symlinking: /home/zohaib/fyp_project_ws/install/rtabmap_conversions/share/rtabmap_conversions/cmake/rtabmap_conversionsConfig-version.cmake
[38.225s] -- Symlinking: /home/zohaib/fyp_project_ws/install/rtabmap_conversions/share/rtabmap_conversions/package.xml
[38.241s] -- Installing: /home/zohaib/fyp_project_ws/install/rtabmap_conversions/lib/librtabmap_conversions.so
[38.247s] -- Set non-toolchain portion of runtime path of "/home/zohaib/fyp_project_ws/install/rtabmap_conversions/lib/librtabmap_conversions.so" to ""
[38.247s] -- Installing: /home/zohaib/fyp_project_ws/install/rtabmap_conversions/include
[38.247s] -- Installing: /home/zohaib/fyp_project_ws/install/rtabmap_conversions/include/rtabmap_conversions
[38.247s] -- Installing: /home/zohaib/fyp_project_ws/install/rtabmap_conversions/include/rtabmap_conversions/MsgConversion.h
[38.247s] -- Installing: /home/zohaib/fyp_project_ws/install/rtabmap_conversions/share/rtabmap_conversions/cmake/rtabmap_conversionsExport.cmake
[38.248s] -- Installing: /home/zohaib/fyp_project_ws/install/rtabmap_conversions/share/rtabmap_conversions/cmake/rtabmap_conversionsExport-noconfig.cmake
[38.252s] Invoked command in '/home/zohaib/fyp_project_ws/build/rtabmap_conversions' returned '0': AMENT_PREFIX_PATH=/home/zohaib/fyp_project_ws/install/rtabmap_msgs:${AMENT_PREFIX_PATH} CMAKE_PREFIX_PATH=/home/zohaib/fyp_project_ws/install/rtabmap_msgs:/home/zohaib/ros2_ws/install/rplidar_ros:/opt/ros/jazzy/opt/gz_math_vendor:/opt/ros/jazzy/opt/gz_utils_vendor:/opt/ros/jazzy/opt/gz_cmake_vendor:/home/zohaib/ros2_ws/install/camera_processor:/home/zohaib/fyp_project_ws/install/slam_mapping:/home/zohaib/fyp_project_ws/install/pothole_detection:/home/zohaib/fyp_project_ws/install/imu_interface:/home/zohaib/fyp_project_ws/install/fyp_project:/home/zohaib/fyp_project_ws/install/azure_iot:/opt/ros/jazzy DEBUGINFOD_URLS=https://debuginfod.ubuntu.com LD_LIBRARY_PATH=/home/zohaib/fyp_project_ws/install/rtabmap_msgs/lib:${LD_LIBRARY_PATH} PYTHONPATH=/home/zohaib/fyp_project_ws/install/rtabmap_msgs/lib/python3.12/site-packages:${PYTHONPATH} /usr/bin/cmake --install /home/zohaib/fyp_project_ws/build/rtabmap_conversions
