[3.236s] Invoking command in '/home/zohaib/fyp_project_ws/build/pothole_detection': DEBUGINFOD_URLS=https://debuginfod.ubuntu.com PYTHONPATH=/home/zohaib/fyp_project_ws/build/pothole_detection/prefix_override:/usr/lib/python3/dist-packages/colcon_core/task/python/colcon_distutils_commands:/home/zohaib/fyp_project_ws/install/pothole_detection/lib/python3.12/site-packages:${PYTHONPATH} /usr/bin/python3 -W ignore:setup.py install is deprecated -W ignore:easy_install command is deprecated setup.py develop --editable --build-directory /home/zohaib/fyp_project_ws/build/pothole_detection/build --no-deps symlink_data
[3.951s] running develop
[4.314s] running egg_info
[4.315s] creating pothole_detection.egg-info
[4.361s] writing pothole_detection.egg-info/PKG-INFO
[4.361s] writing dependency_links to pothole_detection.egg-info/dependency_links.txt
[4.362s] writing requirements to pothole_detection.egg-info/requires.txt
[4.363s] writing top-level names to pothole_detection.egg-info/top_level.txt
[4.363s] writing manifest file 'pothole_detection.egg-info/SOURCES.txt'
[4.471s] reading manifest file 'pothole_detection.egg-info/SOURCES.txt'
[4.473s] writing manifest file 'pothole_detection.egg-info/SOURCES.txt'
[4.559s] running build_ext
[4.559s] Creating /home/zohaib/fyp_project_ws/install/pothole_detection/lib/python3.12/site-packages/pothole-detection.egg-link (link to .)
[4.560s] 
[4.560s] Installed /home/zohaib/fyp_project_ws/build/pothole_detection
[4.560s] running symlink_data
[4.563s] creating /home/zohaib/fyp_project_ws/install/pothole_detection/share/ament_index
[4.564s] creating /home/zohaib/fyp_project_ws/install/pothole_detection/share/ament_index/resource_index
[4.564s] creating /home/zohaib/fyp_project_ws/install/pothole_detection/share/ament_index/resource_index/packages
[4.564s] symbolically linking /home/zohaib/fyp_project_ws/build/pothole_detection/resource/pothole_detection -> /home/zohaib/fyp_project_ws/install/pothole_detection/share/ament_index/resource_index/packages
[4.565s] symbolically linking /home/zohaib/fyp_project_ws/build/pothole_detection/package.xml -> /home/zohaib/fyp_project_ws/install/pothole_detection/share/pothole_detection
[5.098s] Invoked command in '/home/zohaib/fyp_project_ws/build/pothole_detection' returned '0': DEBUGINFOD_URLS=https://debuginfod.ubuntu.com PYTHONPATH=/home/zohaib/fyp_project_ws/build/pothole_detection/prefix_override:/usr/lib/python3/dist-packages/colcon_core/task/python/colcon_distutils_commands:/home/zohaib/fyp_project_ws/install/pothole_detection/lib/python3.12/site-packages:${PYTHONPATH} /usr/bin/python3 -W ignore:setup.py install is deprecated -W ignore:easy_install command is deprecated setup.py develop --editable --build-directory /home/zohaib/fyp_project_ws/build/pothole_detection/build --no-deps symlink_data
