[0.483s] DEBUG:colcon:Command line arguments: ['/usr/bin/colcon', 'list', '-p', '--base-paths', '/home/zohaib/fyp_project_ws']
[0.484s] DEBUG:colcon:Parsed command line arguments: Namespace(log_base=None, log_level=None, verb_name='list', build_base='build', ignore_user_meta=False, metas=['./colcon.meta'], base_paths=['/home/zohaib/fyp_project_ws'], packages_ignore=None, packages_ignore_regex=None, paths=None, packages_up_to=None, packages_up_to_regex=None, packages_above=None, packages_above_and_dependencies=None, packages_above_depth=None, packages_select_by_dep=None, packages_skip_by_dep=None, packages_skip_up_to=None, packages_select_build_failed=False, packages_skip_build_finished=False, packages_select_test_failures=False, packages_skip_test_passed=False, packages_select=None, packages_skip=None, packages_select_regex=None, packages_skip_regex=None, packages_start=None, packages_end=None, allow_overriding=[], topological_order=False, names_only=False, paths_only=True, topological_graph=False, topological_graph_dot=False, topological_graph_density=False, topological_graph_legend=False, topological_graph_dot_cluster=False, topological_graph_dot_include_skipped=False, mixin_files=None, mixin=None, verb_parser=<colcon_mixin.mixin.mixin_argument.MixinArgumentDecorator object at 0xffffba2abb90>, verb_extension=<colcon_package_information.verb.list.ListVerb object at 0xffffba515ee0>, main=<bound method ListVerb.main of <colcon_package_information.verb.list.ListVerb object at 0xffffba515ee0>>, mixin_verb=('list',))
[0.610s] Level 1:colcon.colcon_core.package_discovery:discover_packages(colcon_meta) check parameters
[0.611s] Level 1:colcon.colcon_core.package_discovery:discover_packages(recursive) check parameters
[0.611s] Level 1:colcon.colcon_core.package_discovery:discover_packages(ignore) check parameters
[0.611s] Level 1:colcon.colcon_core.package_discovery:discover_packages(path) check parameters
[0.611s] Level 1:colcon.colcon_core.package_discovery:discover_packages(recursive) discover
[0.612s] INFO:colcon.colcon_core.package_discovery:Crawling recursively for packages in '/home/zohaib/fyp_project_ws'
[0.612s] Level 1:colcon.colcon_core.package_identification:_identify(/home/zohaib/fyp_project_ws) by extensions ['ignore', 'ignore_ament_install']
[0.612s] Level 1:colcon.colcon_core.package_identification:_identify(/home/zohaib/fyp_project_ws) by extension 'ignore'
[0.613s] Level 1:colcon.colcon_core.package_identification:_identify(/home/zohaib/fyp_project_ws) by extension 'ignore_ament_install'
[0.613s] Level 1:colcon.colcon_core.package_identification:_identify(/home/zohaib/fyp_project_ws) by extensions ['colcon_pkg']
[0.613s] Level 1:colcon.colcon_core.package_identification:_identify(/home/zohaib/fyp_project_ws) by extension 'colcon_pkg'
[0.613s] Level 1:colcon.colcon_core.package_identification:_identify(/home/zohaib/fyp_project_ws) by extensions ['colcon_meta']
[0.613s] Level 1:colcon.colcon_core.package_identification:_identify(/home/zohaib/fyp_project_ws) by extension 'colcon_meta'
[0.613s] Level 1:colcon.colcon_core.package_identification:_identify(/home/zohaib/fyp_project_ws) by extensions ['ros']
[0.613s] Level 1:colcon.colcon_core.package_identification:_identify(/home/zohaib/fyp_project_ws) by extension 'ros'
[0.696s] Level 1:colcon.colcon_core.package_identification:_identify(/home/zohaib/fyp_project_ws) by extensions ['cmake', 'python']
[0.696s] Level 1:colcon.colcon_core.package_identification:_identify(/home/zohaib/fyp_project_ws) by extension 'cmake'
[0.697s] Level 1:colcon.colcon_core.package_identification:_identify(/home/zohaib/fyp_project_ws) by extension 'python'
[0.697s] Level 1:colcon.colcon_core.package_identification:_identify(/home/zohaib/fyp_project_ws) by extensions ['python_setup_py']
[0.697s] Level 1:colcon.colcon_core.package_identification:_identify(/home/zohaib/fyp_project_ws) by extension 'python_setup_py'
[0.698s] Level 1:colcon.colcon_core.package_identification:_identify(/home/zohaib/fyp_project_ws/build) by extensions ['ignore', 'ignore_ament_install']
[0.698s] Level 1:colcon.colcon_core.package_identification:_identify(/home/zohaib/fyp_project_ws/build) by extension 'ignore'
[0.699s] Level 1:colcon.colcon_core.package_identification:_identify(/home/zohaib/fyp_project_ws/build) ignored
[0.700s] Level 1:colcon.colcon_core.package_identification:_identify(/home/zohaib/fyp_project_ws/install) by extensions ['ignore', 'ignore_ament_install']
[0.701s] Level 1:colcon.colcon_core.package_identification:_identify(/home/zohaib/fyp_project_ws/install) by extension 'ignore'
[0.701s] Level 1:colcon.colcon_core.package_identification:_identify(/home/zohaib/fyp_project_ws/install) ignored
[0.702s] Level 1:colcon.colcon_core.package_identification:_identify(/home/zohaib/fyp_project_ws/log) by extensions ['ignore', 'ignore_ament_install']
[0.703s] Level 1:colcon.colcon_core.package_identification:_identify(/home/zohaib/fyp_project_ws/log) by extension 'ignore'
[0.703s] Level 1:colcon.colcon_core.package_identification:_identify(/home/zohaib/fyp_project_ws/log) ignored
[0.703s] Level 1:colcon.colcon_core.package_identification:_identify(/home/zohaib/fyp_project_ws/src) by extensions ['ignore', 'ignore_ament_install']
[0.703s] Level 1:colcon.colcon_core.package_identification:_identify(/home/zohaib/fyp_project_ws/src) by extension 'ignore'
[0.703s] Level 1:colcon.colcon_core.package_identification:_identify(/home/zohaib/fyp_project_ws/src) by extension 'ignore_ament_install'
[0.703s] Level 1:colcon.colcon_core.package_identification:_identify(/home/zohaib/fyp_project_ws/src) by extensions ['colcon_pkg']
[0.704s] Level 1:colcon.colcon_core.package_identification:_identify(/home/zohaib/fyp_project_ws/src) by extension 'colcon_pkg'
[0.704s] Level 1:colcon.colcon_core.package_identification:_identify(/home/zohaib/fyp_project_ws/src) by extensions ['colcon_meta']
[0.704s] Level 1:colcon.colcon_core.package_identification:_identify(/home/zohaib/fyp_project_ws/src) by extension 'colcon_meta'
[0.704s] Level 1:colcon.colcon_core.package_identification:_identify(/home/zohaib/fyp_project_ws/src) by extensions ['ros']
[0.704s] Level 1:colcon.colcon_core.package_identification:_identify(/home/zohaib/fyp_project_ws/src) by extension 'ros'
[0.704s] Level 1:colcon.colcon_core.package_identification:_identify(/home/zohaib/fyp_project_ws/src) by extensions ['cmake', 'python']
[0.704s] Level 1:colcon.colcon_core.package_identification:_identify(/home/zohaib/fyp_project_ws/src) by extension 'cmake'
[0.704s] Level 1:colcon.colcon_core.package_identification:_identify(/home/zohaib/fyp_project_ws/src) by extension 'python'
[0.705s] Level 1:colcon.colcon_core.package_identification:_identify(/home/zohaib/fyp_project_ws/src) by extensions ['python_setup_py']
[0.705s] Level 1:colcon.colcon_core.package_identification:_identify(/home/zohaib/fyp_project_ws/src) by extension 'python_setup_py'
[0.706s] Level 1:colcon.colcon_core.package_identification:_identify(/home/zohaib/fyp_project_ws/src/azure_iot) by extensions ['ignore', 'ignore_ament_install']
[0.706s] Level 1:colcon.colcon_core.package_identification:_identify(/home/zohaib/fyp_project_ws/src/azure_iot) by extension 'ignore'
[0.707s] Level 1:colcon.colcon_core.package_identification:_identify(/home/zohaib/fyp_project_ws/src/azure_iot) by extension 'ignore_ament_install'
[0.708s] Level 1:colcon.colcon_core.package_identification:_identify(/home/zohaib/fyp_project_ws/src/azure_iot) by extensions ['colcon_pkg']
[0.708s] Level 1:colcon.colcon_core.package_identification:_identify(/home/zohaib/fyp_project_ws/src/azure_iot) by extension 'colcon_pkg'
[0.708s] Level 1:colcon.colcon_core.package_identification:_identify(/home/zohaib/fyp_project_ws/src/azure_iot) by extensions ['colcon_meta']
[0.709s] Level 1:colcon.colcon_core.package_identification:_identify(/home/zohaib/fyp_project_ws/src/azure_iot) by extension 'colcon_meta'
[0.709s] Level 1:colcon.colcon_core.package_identification:_identify(/home/zohaib/fyp_project_ws/src/azure_iot) by extensions ['ros']
[0.710s] Level 1:colcon.colcon_core.package_identification:_identify(/home/zohaib/fyp_project_ws/src/azure_iot) by extension 'ros'
[0.721s] DEBUG:colcon.colcon_core.package_identification:Package '/home/zohaib/fyp_project_ws/src/azure_iot' with type 'ros.ament_python' and name 'azure_iot'
[0.722s] Level 1:colcon.colcon_core.package_identification:_identify(/home/zohaib/fyp_project_ws/src/fyp_project) by extensions ['ignore', 'ignore_ament_install']
[0.722s] Level 1:colcon.colcon_core.package_identification:_identify(/home/zohaib/fyp_project_ws/src/fyp_project) by extension 'ignore'
[0.722s] Level 1:colcon.colcon_core.package_identification:_identify(/home/zohaib/fyp_project_ws/src/fyp_project) by extension 'ignore_ament_install'
[0.723s] Level 1:colcon.colcon_core.package_identification:_identify(/home/zohaib/fyp_project_ws/src/fyp_project) by extensions ['colcon_pkg']
[0.723s] Level 1:colcon.colcon_core.package_identification:_identify(/home/zohaib/fyp_project_ws/src/fyp_project) by extension 'colcon_pkg'
[0.724s] Level 1:colcon.colcon_core.package_identification:_identify(/home/zohaib/fyp_project_ws/src/fyp_project) by extensions ['colcon_meta']
[0.724s] Level 1:colcon.colcon_core.package_identification:_identify(/home/zohaib/fyp_project_ws/src/fyp_project) by extension 'colcon_meta'
[0.725s] Level 1:colcon.colcon_core.package_identification:_identify(/home/zohaib/fyp_project_ws/src/fyp_project) by extensions ['ros']
[0.725s] Level 1:colcon.colcon_core.package_identification:_identify(/home/zohaib/fyp_project_ws/src/fyp_project) by extension 'ros'
[0.727s] DEBUG:colcon.colcon_core.package_identification:Package '/home/zohaib/fyp_project_ws/src/fyp_project' with type 'ros.ament_python' and name 'fyp_project'
[0.727s] Level 1:colcon.colcon_core.package_identification:_identify(/home/zohaib/fyp_project_ws/src/imu_interface) by extensions ['ignore', 'ignore_ament_install']
[0.728s] Level 1:colcon.colcon_core.package_identification:_identify(/home/zohaib/fyp_project_ws/src/imu_interface) by extension 'ignore'
[0.728s] Level 1:colcon.colcon_core.package_identification:_identify(/home/zohaib/fyp_project_ws/src/imu_interface) by extension 'ignore_ament_install'
[0.728s] Level 1:colcon.colcon_core.package_identification:_identify(/home/zohaib/fyp_project_ws/src/imu_interface) by extensions ['colcon_pkg']
[0.728s] Level 1:colcon.colcon_core.package_identification:_identify(/home/zohaib/fyp_project_ws/src/imu_interface) by extension 'colcon_pkg'
[0.728s] Level 1:colcon.colcon_core.package_identification:_identify(/home/zohaib/fyp_project_ws/src/imu_interface) by extensions ['colcon_meta']
[0.728s] Level 1:colcon.colcon_core.package_identification:_identify(/home/zohaib/fyp_project_ws/src/imu_interface) by extension 'colcon_meta'
[0.728s] Level 1:colcon.colcon_core.package_identification:_identify(/home/zohaib/fyp_project_ws/src/imu_interface) by extensions ['ros']
[0.728s] Level 1:colcon.colcon_core.package_identification:_identify(/home/zohaib/fyp_project_ws/src/imu_interface) by extension 'ros'
[0.730s] DEBUG:colcon.colcon_core.package_identification:Package '/home/zohaib/fyp_project_ws/src/imu_interface' with type 'ros.ament_python' and name 'imu_interface'
[0.730s] Level 1:colcon.colcon_core.package_identification:_identify(/home/zohaib/fyp_project_ws/src/pothole_detection) by extensions ['ignore', 'ignore_ament_install']
[0.730s] Level 1:colcon.colcon_core.package_identification:_identify(/home/zohaib/fyp_project_ws/src/pothole_detection) by extension 'ignore'
[0.731s] Level 1:colcon.colcon_core.package_identification:_identify(/home/zohaib/fyp_project_ws/src/pothole_detection) by extension 'ignore_ament_install'
[0.731s] Level 1:colcon.colcon_core.package_identification:_identify(/home/zohaib/fyp_project_ws/src/pothole_detection) by extensions ['colcon_pkg']
[0.732s] Level 1:colcon.colcon_core.package_identification:_identify(/home/zohaib/fyp_project_ws/src/pothole_detection) by extension 'colcon_pkg'
[0.732s] Level 1:colcon.colcon_core.package_identification:_identify(/home/zohaib/fyp_project_ws/src/pothole_detection) by extensions ['colcon_meta']
[0.732s] Level 1:colcon.colcon_core.package_identification:_identify(/home/zohaib/fyp_project_ws/src/pothole_detection) by extension 'colcon_meta'
[0.733s] Level 1:colcon.colcon_core.package_identification:_identify(/home/zohaib/fyp_project_ws/src/pothole_detection) by extensions ['ros']
[0.733s] Level 1:colcon.colcon_core.package_identification:_identify(/home/zohaib/fyp_project_ws/src/pothole_detection) by extension 'ros'
[0.735s] DEBUG:colcon.colcon_core.package_identification:Package '/home/zohaib/fyp_project_ws/src/pothole_detection' with type 'ros.ament_python' and name 'pothole_detection'
[0.736s] Level 1:colcon.colcon_core.package_identification:_identify(/home/zohaib/fyp_project_ws/src/slam_mapping) by extensions ['ignore', 'ignore_ament_install']
[0.736s] Level 1:colcon.colcon_core.package_identification:_identify(/home/zohaib/fyp_project_ws/src/slam_mapping) by extension 'ignore'
[0.737s] Level 1:colcon.colcon_core.package_identification:_identify(/home/zohaib/fyp_project_ws/src/slam_mapping) by extension 'ignore_ament_install'
[0.738s] Level 1:colcon.colcon_core.package_identification:_identify(/home/zohaib/fyp_project_ws/src/slam_mapping) by extensions ['colcon_pkg']
[0.738s] Level 1:colcon.colcon_core.package_identification:_identify(/home/zohaib/fyp_project_ws/src/slam_mapping) by extension 'colcon_pkg'
[0.738s] Level 1:colcon.colcon_core.package_identification:_identify(/home/zohaib/fyp_project_ws/src/slam_mapping) by extensions ['colcon_meta']
[0.739s] Level 1:colcon.colcon_core.package_identification:_identify(/home/zohaib/fyp_project_ws/src/slam_mapping) by extension 'colcon_meta'
[0.739s] Level 1:colcon.colcon_core.package_identification:_identify(/home/zohaib/fyp_project_ws/src/slam_mapping) by extensions ['ros']
[0.739s] Level 1:colcon.colcon_core.package_identification:_identify(/home/zohaib/fyp_project_ws/src/slam_mapping) by extension 'ros'
[0.742s] DEBUG:colcon.colcon_core.package_identification:Package '/home/zohaib/fyp_project_ws/src/slam_mapping' with type 'ros.ament_python' and name 'slam_mapping'
[0.742s] Level 1:colcon.colcon_core.package_discovery:discover_packages(recursive) using defaults
