[0.155s] DEBUG:colcon:Command line arguments: ['/usr/bin/colcon', 'build', '--symlink-install']
[0.155s] DEBUG:colcon:Parsed command line arguments: Namespace(log_base=None, log_level=None, verb_name='build', build_base='build', install_base='install', merge_install=False, symlink_install=True, test_result_base=None, continue_on_error=False, executor='parallel', parallel_workers=4, event_handlers=None, ignore_user_meta=False, metas=['./colcon.meta'], base_paths=['.'], packages_ignore=None, packages_ignore_regex=None, paths=None, packages_up_to=None, packages_up_to_regex=None, packages_above=None, packages_above_and_dependencies=None, packages_above_depth=None, packages_select_by_dep=None, packages_skip_by_dep=None, packages_skip_up_to=None, packages_select_build_failed=False, packages_skip_build_finished=False, packages_select_test_failures=False, packages_skip_test_passed=False, packages_select=None, packages_skip=None, packages_select_regex=None, packages_skip_regex=None, packages_start=None, packages_end=None, allow_overriding=[], cmake_args=None, cmake_target=None, cmake_target_skip_unavailable=False, cmake_clean_cache=False, cmake_clean_first=False, cmake_force_configure=False, ament_cmake_args=None, catkin_cmake_args=None, catkin_skip_building_tests=False, mixin_files=None, mixin=None, verb_parser=<colcon_mixin.mixin.mixin_argument.MixinArgumentDecorator object at 0xffff7e9332f0>, verb_extension=<colcon_core.verb.build.BuildVerb object at 0xffff7e933080>, main=<bound method BuildVerb.main of <colcon_core.verb.build.BuildVerb object at 0xffff7e933080>>, mixin_verb=('build',))
[0.212s] Level 1:colcon.colcon_core.package_discovery:discover_packages(colcon_meta) check parameters
[0.212s] Level 1:colcon.colcon_core.package_discovery:discover_packages(recursive) check parameters
[0.212s] Level 1:colcon.colcon_core.package_discovery:discover_packages(ignore) check parameters
[0.212s] Level 1:colcon.colcon_core.package_discovery:discover_packages(path) check parameters
[0.212s] Level 1:colcon.colcon_core.package_discovery:discover_packages(colcon_meta) discover
[0.212s] Level 1:colcon.colcon_core.package_discovery:discover_packages(recursive) discover
[0.212s] INFO:colcon.colcon_core.package_discovery:Crawling recursively for packages in '/home/zohaib/fyp_project_ws'
[0.213s] Level 1:colcon.colcon_core.package_identification:_identify(.) by extensions ['ignore', 'ignore_ament_install']
[0.213s] Level 1:colcon.colcon_core.package_identification:_identify(.) by extension 'ignore'
[0.213s] Level 1:colcon.colcon_core.package_identification:_identify(.) by extension 'ignore_ament_install'
[0.213s] Level 1:colcon.colcon_core.package_identification:_identify(.) by extensions ['colcon_pkg']
[0.213s] Level 1:colcon.colcon_core.package_identification:_identify(.) by extension 'colcon_pkg'
[0.213s] Level 1:colcon.colcon_core.package_identification:_identify(.) by extensions ['colcon_meta']
[0.213s] Level 1:colcon.colcon_core.package_identification:_identify(.) by extension 'colcon_meta'
[0.213s] Level 1:colcon.colcon_core.package_identification:_identify(.) by extensions ['ros']
[0.213s] Level 1:colcon.colcon_core.package_identification:_identify(.) by extension 'ros'
[0.253s] Level 1:colcon.colcon_core.package_identification:_identify(.) by extensions ['cmake', 'python']
[0.253s] Level 1:colcon.colcon_core.package_identification:_identify(.) by extension 'cmake'
[0.253s] Level 1:colcon.colcon_core.package_identification:_identify(.) by extension 'python'
[0.253s] Level 1:colcon.colcon_core.package_identification:_identify(.) by extensions ['python_setup_py']
[0.253s] Level 1:colcon.colcon_core.package_identification:_identify(.) by extension 'python_setup_py'
[0.253s] Level 1:colcon.colcon_core.package_identification:_identify(build) by extensions ['ignore', 'ignore_ament_install']
[0.253s] Level 1:colcon.colcon_core.package_identification:_identify(build) by extension 'ignore'
[0.254s] Level 1:colcon.colcon_core.package_identification:_identify(build) ignored
[0.254s] Level 1:colcon.colcon_core.package_identification:_identify(install) by extensions ['ignore', 'ignore_ament_install']
[0.254s] Level 1:colcon.colcon_core.package_identification:_identify(install) by extension 'ignore'
[0.254s] Level 1:colcon.colcon_core.package_identification:_identify(install) ignored
[0.254s] Level 1:colcon.colcon_core.package_identification:_identify(log) by extensions ['ignore', 'ignore_ament_install']
[0.254s] Level 1:colcon.colcon_core.package_identification:_identify(log) by extension 'ignore'
[0.254s] Level 1:colcon.colcon_core.package_identification:_identify(log) ignored
[0.254s] Level 1:colcon.colcon_core.package_identification:_identify(src) by extensions ['ignore', 'ignore_ament_install']
[0.254s] Level 1:colcon.colcon_core.package_identification:_identify(src) by extension 'ignore'
[0.254s] Level 1:colcon.colcon_core.package_identification:_identify(src) by extension 'ignore_ament_install'
[0.254s] Level 1:colcon.colcon_core.package_identification:_identify(src) by extensions ['colcon_pkg']
[0.254s] Level 1:colcon.colcon_core.package_identification:_identify(src) by extension 'colcon_pkg'
[0.255s] Level 1:colcon.colcon_core.package_identification:_identify(src) by extensions ['colcon_meta']
[0.255s] Level 1:colcon.colcon_core.package_identification:_identify(src) by extension 'colcon_meta'
[0.255s] Level 1:colcon.colcon_core.package_identification:_identify(src) by extensions ['ros']
[0.255s] Level 1:colcon.colcon_core.package_identification:_identify(src) by extension 'ros'
[0.255s] Level 1:colcon.colcon_core.package_identification:_identify(src) by extensions ['cmake', 'python']
[0.255s] Level 1:colcon.colcon_core.package_identification:_identify(src) by extension 'cmake'
[0.255s] Level 1:colcon.colcon_core.package_identification:_identify(src) by extension 'python'
[0.255s] Level 1:colcon.colcon_core.package_identification:_identify(src) by extensions ['python_setup_py']
[0.255s] Level 1:colcon.colcon_core.package_identification:_identify(src) by extension 'python_setup_py'
[0.255s] Level 1:colcon.colcon_core.package_identification:_identify(src/azure_iot) by extensions ['ignore', 'ignore_ament_install']
[0.255s] Level 1:colcon.colcon_core.package_identification:_identify(src/azure_iot) by extension 'ignore'
[0.255s] Level 1:colcon.colcon_core.package_identification:_identify(src/azure_iot) by extension 'ignore_ament_install'
[0.255s] Level 1:colcon.colcon_core.package_identification:_identify(src/azure_iot) by extensions ['colcon_pkg']
[0.255s] Level 1:colcon.colcon_core.package_identification:_identify(src/azure_iot) by extension 'colcon_pkg'
[0.255s] Level 1:colcon.colcon_core.package_identification:_identify(src/azure_iot) by extensions ['colcon_meta']
[0.255s] Level 1:colcon.colcon_core.package_identification:_identify(src/azure_iot) by extension 'colcon_meta'
[0.255s] Level 1:colcon.colcon_core.package_identification:_identify(src/azure_iot) by extensions ['ros']
[0.255s] Level 1:colcon.colcon_core.package_identification:_identify(src/azure_iot) by extension 'ros'
[0.259s] DEBUG:colcon.colcon_core.package_identification:Package 'src/azure_iot' with type 'ros.ament_python' and name 'azure_iot'
[0.259s] Level 1:colcon.colcon_core.package_identification:_identify(src/fyp_project) by extensions ['ignore', 'ignore_ament_install']
[0.259s] Level 1:colcon.colcon_core.package_identification:_identify(src/fyp_project) by extension 'ignore'
[0.259s] Level 1:colcon.colcon_core.package_identification:_identify(src/fyp_project) by extension 'ignore_ament_install'
[0.259s] Level 1:colcon.colcon_core.package_identification:_identify(src/fyp_project) by extensions ['colcon_pkg']
[0.259s] Level 1:colcon.colcon_core.package_identification:_identify(src/fyp_project) by extension 'colcon_pkg'
[0.259s] Level 1:colcon.colcon_core.package_identification:_identify(src/fyp_project) by extensions ['colcon_meta']
[0.259s] Level 1:colcon.colcon_core.package_identification:_identify(src/fyp_project) by extension 'colcon_meta'
[0.259s] Level 1:colcon.colcon_core.package_identification:_identify(src/fyp_project) by extensions ['ros']
[0.259s] Level 1:colcon.colcon_core.package_identification:_identify(src/fyp_project) by extension 'ros'
[0.260s] DEBUG:colcon.colcon_core.package_identification:Package 'src/fyp_project' with type 'ros.ament_python' and name 'fyp_project'
[0.260s] Level 1:colcon.colcon_core.package_identification:_identify(src/imu_interface) by extensions ['ignore', 'ignore_ament_install']
[0.260s] Level 1:colcon.colcon_core.package_identification:_identify(src/imu_interface) by extension 'ignore'
[0.260s] Level 1:colcon.colcon_core.package_identification:_identify(src/imu_interface) by extension 'ignore_ament_install'
[0.260s] Level 1:colcon.colcon_core.package_identification:_identify(src/imu_interface) by extensions ['colcon_pkg']
[0.260s] Level 1:colcon.colcon_core.package_identification:_identify(src/imu_interface) by extension 'colcon_pkg'
[0.260s] Level 1:colcon.colcon_core.package_identification:_identify(src/imu_interface) by extensions ['colcon_meta']
[0.260s] Level 1:colcon.colcon_core.package_identification:_identify(src/imu_interface) by extension 'colcon_meta'
[0.260s] Level 1:colcon.colcon_core.package_identification:_identify(src/imu_interface) by extensions ['ros']
[0.260s] Level 1:colcon.colcon_core.package_identification:_identify(src/imu_interface) by extension 'ros'
[0.261s] DEBUG:colcon.colcon_core.package_identification:Package 'src/imu_interface' with type 'ros.ament_python' and name 'imu_interface'
[0.261s] Level 1:colcon.colcon_core.package_identification:_identify(src/pothole_detection) by extensions ['ignore', 'ignore_ament_install']
[0.261s] Level 1:colcon.colcon_core.package_identification:_identify(src/pothole_detection) by extension 'ignore'
[0.261s] Level 1:colcon.colcon_core.package_identification:_identify(src/pothole_detection) by extension 'ignore_ament_install'
[0.261s] Level 1:colcon.colcon_core.package_identification:_identify(src/pothole_detection) by extensions ['colcon_pkg']
[0.261s] Level 1:colcon.colcon_core.package_identification:_identify(src/pothole_detection) by extension 'colcon_pkg'
[0.261s] Level 1:colcon.colcon_core.package_identification:_identify(src/pothole_detection) by extensions ['colcon_meta']
[0.261s] Level 1:colcon.colcon_core.package_identification:_identify(src/pothole_detection) by extension 'colcon_meta'
[0.262s] Level 1:colcon.colcon_core.package_identification:_identify(src/pothole_detection) by extensions ['ros']
[0.262s] Level 1:colcon.colcon_core.package_identification:_identify(src/pothole_detection) by extension 'ros'
[0.262s] DEBUG:colcon.colcon_core.package_identification:Package 'src/pothole_detection' with type 'ros.ament_python' and name 'pothole_detection'
[0.262s] Level 1:colcon.colcon_core.package_identification:_identify(src/slam_mapping) by extensions ['ignore', 'ignore_ament_install']
[0.263s] Level 1:colcon.colcon_core.package_identification:_identify(src/slam_mapping) by extension 'ignore'
[0.263s] Level 1:colcon.colcon_core.package_identification:_identify(src/slam_mapping) by extension 'ignore_ament_install'
[0.263s] Level 1:colcon.colcon_core.package_identification:_identify(src/slam_mapping) by extensions ['colcon_pkg']
[0.263s] Level 1:colcon.colcon_core.package_identification:_identify(src/slam_mapping) by extension 'colcon_pkg'
[0.263s] Level 1:colcon.colcon_core.package_identification:_identify(src/slam_mapping) by extensions ['colcon_meta']
[0.263s] Level 1:colcon.colcon_core.package_identification:_identify(src/slam_mapping) by extension 'colcon_meta'
[0.263s] Level 1:colcon.colcon_core.package_identification:_identify(src/slam_mapping) by extensions ['ros']
[0.263s] Level 1:colcon.colcon_core.package_identification:_identify(src/slam_mapping) by extension 'ros'
[0.263s] DEBUG:colcon.colcon_core.package_identification:Package 'src/slam_mapping' with type 'ros.ament_python' and name 'slam_mapping'
[0.264s] Level 1:colcon.colcon_core.package_discovery:discover_packages(recursive) using defaults
[0.264s] Level 1:colcon.colcon_core.package_discovery:discover_packages(ignore) discover
[0.264s] Level 1:colcon.colcon_core.package_discovery:discover_packages(ignore) using defaults
[0.264s] Level 1:colcon.colcon_core.package_discovery:discover_packages(path) discover
[0.264s] Level 1:colcon.colcon_core.package_discovery:discover_packages(path) using defaults
[0.289s] Level 1:colcon.colcon_core.package_discovery:discover_packages(prefix_path) check parameters
[0.289s] Level 1:colcon.colcon_core.package_discovery:discover_packages(prefix_path) discover
[0.291s] DEBUG:colcon.colcon_installed_package_information.package_discovery:Found 3 installed packages in /home/zohaib/ros2_ws/install
[0.292s] DEBUG:colcon.colcon_installed_package_information.package_discovery:Found 5 installed packages in /home/zohaib/fyp_project_ws/install
[0.294s] DEBUG:colcon.colcon_installed_package_information.package_discovery:Found 322 installed packages in /opt/ros/jazzy
[0.297s] Level 1:colcon.colcon_core.package_discovery:discover_packages(prefix_path) using defaults
[0.361s] Level 5:colcon.colcon_core.verb:set package 'azure_iot' build argument 'cmake_args' from command line to 'None'
[0.361s] Level 5:colcon.colcon_core.verb:set package 'azure_iot' build argument 'cmake_target' from command line to 'None'
[0.361s] Level 5:colcon.colcon_core.verb:set package 'azure_iot' build argument 'cmake_target_skip_unavailable' from command line to 'False'
[0.361s] Level 5:colcon.colcon_core.verb:set package 'azure_iot' build argument 'cmake_clean_cache' from command line to 'False'
[0.361s] Level 5:colcon.colcon_core.verb:set package 'azure_iot' build argument 'cmake_clean_first' from command line to 'False'
[0.361s] Level 5:colcon.colcon_core.verb:set package 'azure_iot' build argument 'cmake_force_configure' from command line to 'False'
[0.361s] Level 5:colcon.colcon_core.verb:set package 'azure_iot' build argument 'ament_cmake_args' from command line to 'None'
[0.361s] Level 5:colcon.colcon_core.verb:set package 'azure_iot' build argument 'catkin_cmake_args' from command line to 'None'
[0.361s] Level 5:colcon.colcon_core.verb:set package 'azure_iot' build argument 'catkin_skip_building_tests' from command line to 'False'
[0.361s] DEBUG:colcon.colcon_core.verb:Building package 'azure_iot' with the following arguments: {'ament_cmake_args': None, 'build_base': '/home/zohaib/fyp_project_ws/build/azure_iot', 'catkin_cmake_args': None, 'catkin_skip_building_tests': False, 'cmake_args': None, 'cmake_clean_cache': False, 'cmake_clean_first': False, 'cmake_force_configure': False, 'cmake_target': None, 'cmake_target_skip_unavailable': False, 'install_base': '/home/zohaib/fyp_project_ws/install/azure_iot', 'merge_install': False, 'path': '/home/zohaib/fyp_project_ws/src/azure_iot', 'symlink_install': True, 'test_result_base': None}
[0.362s] Level 5:colcon.colcon_core.verb:set package 'fyp_project' build argument 'cmake_args' from command line to 'None'
[0.362s] Level 5:colcon.colcon_core.verb:set package 'fyp_project' build argument 'cmake_target' from command line to 'None'
[0.362s] Level 5:colcon.colcon_core.verb:set package 'fyp_project' build argument 'cmake_target_skip_unavailable' from command line to 'False'
[0.362s] Level 5:colcon.colcon_core.verb:set package 'fyp_project' build argument 'cmake_clean_cache' from command line to 'False'
[0.362s] Level 5:colcon.colcon_core.verb:set package 'fyp_project' build argument 'cmake_clean_first' from command line to 'False'
[0.362s] Level 5:colcon.colcon_core.verb:set package 'fyp_project' build argument 'cmake_force_configure' from command line to 'False'
[0.362s] Level 5:colcon.colcon_core.verb:set package 'fyp_project' build argument 'ament_cmake_args' from command line to 'None'
[0.362s] Level 5:colcon.colcon_core.verb:set package 'fyp_project' build argument 'catkin_cmake_args' from command line to 'None'
[0.362s] Level 5:colcon.colcon_core.verb:set package 'fyp_project' build argument 'catkin_skip_building_tests' from command line to 'False'
[0.362s] DEBUG:colcon.colcon_core.verb:Building package 'fyp_project' with the following arguments: {'ament_cmake_args': None, 'build_base': '/home/zohaib/fyp_project_ws/build/fyp_project', 'catkin_cmake_args': None, 'catkin_skip_building_tests': False, 'cmake_args': None, 'cmake_clean_cache': False, 'cmake_clean_first': False, 'cmake_force_configure': False, 'cmake_target': None, 'cmake_target_skip_unavailable': False, 'install_base': '/home/zohaib/fyp_project_ws/install/fyp_project', 'merge_install': False, 'path': '/home/zohaib/fyp_project_ws/src/fyp_project', 'symlink_install': True, 'test_result_base': None}
[0.362s] Level 5:colcon.colcon_core.verb:set package 'imu_interface' build argument 'cmake_args' from command line to 'None'
[0.362s] Level 5:colcon.colcon_core.verb:set package 'imu_interface' build argument 'cmake_target' from command line to 'None'
[0.362s] Level 5:colcon.colcon_core.verb:set package 'imu_interface' build argument 'cmake_target_skip_unavailable' from command line to 'False'
[0.362s] Level 5:colcon.colcon_core.verb:set package 'imu_interface' build argument 'cmake_clean_cache' from command line to 'False'
[0.362s] Level 5:colcon.colcon_core.verb:set package 'imu_interface' build argument 'cmake_clean_first' from command line to 'False'
[0.362s] Level 5:colcon.colcon_core.verb:set package 'imu_interface' build argument 'cmake_force_configure' from command line to 'False'
[0.362s] Level 5:colcon.colcon_core.verb:set package 'imu_interface' build argument 'ament_cmake_args' from command line to 'None'
[0.362s] Level 5:colcon.colcon_core.verb:set package 'imu_interface' build argument 'catkin_cmake_args' from command line to 'None'
[0.362s] Level 5:colcon.colcon_core.verb:set package 'imu_interface' build argument 'catkin_skip_building_tests' from command line to 'False'
[0.362s] DEBUG:colcon.colcon_core.verb:Building package 'imu_interface' with the following arguments: {'ament_cmake_args': None, 'build_base': '/home/zohaib/fyp_project_ws/build/imu_interface', 'catkin_cmake_args': None, 'catkin_skip_building_tests': False, 'cmake_args': None, 'cmake_clean_cache': False, 'cmake_clean_first': False, 'cmake_force_configure': False, 'cmake_target': None, 'cmake_target_skip_unavailable': False, 'install_base': '/home/zohaib/fyp_project_ws/install/imu_interface', 'merge_install': False, 'path': '/home/zohaib/fyp_project_ws/src/imu_interface', 'symlink_install': True, 'test_result_base': None}
[0.363s] Level 5:colcon.colcon_core.verb:set package 'pothole_detection' build argument 'cmake_args' from command line to 'None'
[0.363s] Level 5:colcon.colcon_core.verb:set package 'pothole_detection' build argument 'cmake_target' from command line to 'None'
[0.363s] Level 5:colcon.colcon_core.verb:set package 'pothole_detection' build argument 'cmake_target_skip_unavailable' from command line to 'False'
[0.363s] Level 5:colcon.colcon_core.verb:set package 'pothole_detection' build argument 'cmake_clean_cache' from command line to 'False'
[0.363s] Level 5:colcon.colcon_core.verb:set package 'pothole_detection' build argument 'cmake_clean_first' from command line to 'False'
[0.363s] Level 5:colcon.colcon_core.verb:set package 'pothole_detection' build argument 'cmake_force_configure' from command line to 'False'
[0.363s] Level 5:colcon.colcon_core.verb:set package 'pothole_detection' build argument 'ament_cmake_args' from command line to 'None'
[0.363s] Level 5:colcon.colcon_core.verb:set package 'pothole_detection' build argument 'catkin_cmake_args' from command line to 'None'
[0.363s] Level 5:colcon.colcon_core.verb:set package 'pothole_detection' build argument 'catkin_skip_building_tests' from command line to 'False'
[0.363s] DEBUG:colcon.colcon_core.verb:Building package 'pothole_detection' with the following arguments: {'ament_cmake_args': None, 'build_base': '/home/zohaib/fyp_project_ws/build/pothole_detection', 'catkin_cmake_args': None, 'catkin_skip_building_tests': False, 'cmake_args': None, 'cmake_clean_cache': False, 'cmake_clean_first': False, 'cmake_force_configure': False, 'cmake_target': None, 'cmake_target_skip_unavailable': False, 'install_base': '/home/zohaib/fyp_project_ws/install/pothole_detection', 'merge_install': False, 'path': '/home/zohaib/fyp_project_ws/src/pothole_detection', 'symlink_install': True, 'test_result_base': None}
[0.363s] Level 5:colcon.colcon_core.verb:set package 'slam_mapping' build argument 'cmake_args' from command line to 'None'
[0.363s] Level 5:colcon.colcon_core.verb:set package 'slam_mapping' build argument 'cmake_target' from command line to 'None'
[0.363s] Level 5:colcon.colcon_core.verb:set package 'slam_mapping' build argument 'cmake_target_skip_unavailable' from command line to 'False'
[0.363s] Level 5:colcon.colcon_core.verb:set package 'slam_mapping' build argument 'cmake_clean_cache' from command line to 'False'
[0.363s] Level 5:colcon.colcon_core.verb:set package 'slam_mapping' build argument 'cmake_clean_first' from command line to 'False'
[0.363s] Level 5:colcon.colcon_core.verb:set package 'slam_mapping' build argument 'cmake_force_configure' from command line to 'False'
[0.363s] Level 5:colcon.colcon_core.verb:set package 'slam_mapping' build argument 'ament_cmake_args' from command line to 'None'
[0.363s] Level 5:colcon.colcon_core.verb:set package 'slam_mapping' build argument 'catkin_cmake_args' from command line to 'None'
[0.363s] Level 5:colcon.colcon_core.verb:set package 'slam_mapping' build argument 'catkin_skip_building_tests' from command line to 'False'
[0.364s] DEBUG:colcon.colcon_core.verb:Building package 'slam_mapping' with the following arguments: {'ament_cmake_args': None, 'build_base': '/home/zohaib/fyp_project_ws/build/slam_mapping', 'catkin_cmake_args': None, 'catkin_skip_building_tests': False, 'cmake_args': None, 'cmake_clean_cache': False, 'cmake_clean_first': False, 'cmake_force_configure': False, 'cmake_target': None, 'cmake_target_skip_unavailable': False, 'install_base': '/home/zohaib/fyp_project_ws/install/slam_mapping', 'merge_install': False, 'path': '/home/zohaib/fyp_project_ws/src/slam_mapping', 'symlink_install': True, 'test_result_base': None}
[0.364s] INFO:colcon.colcon_core.executor:Executing jobs using 'parallel' executor
[0.365s] DEBUG:colcon.colcon_parallel_executor.executor.parallel:run_until_complete
[0.366s] INFO:colcon.colcon_ros.task.ament_python.build:Building ROS package in '/home/zohaib/fyp_project_ws/src/azure_iot' with build type 'ament_python'
[0.366s] Level 1:colcon.colcon_core.shell:create_environment_hook('azure_iot', 'ament_prefix_path')
[0.370s] INFO:colcon.colcon_core.plugin_system:Skipping extension 'colcon_core.shell.bat': Not used on non-Windows systems
[0.370s] INFO:colcon.colcon_core.shell:Creating environment hook '/home/zohaib/fyp_project_ws/install/azure_iot/share/azure_iot/hook/ament_prefix_path.ps1'
[0.371s] INFO:colcon.colcon_core.shell:Creating environment descriptor '/home/zohaib/fyp_project_ws/install/azure_iot/share/azure_iot/hook/ament_prefix_path.dsv'
[0.374s] INFO:colcon.colcon_core.shell:Creating environment hook '/home/zohaib/fyp_project_ws/install/azure_iot/share/azure_iot/hook/ament_prefix_path.sh'
[0.376s] INFO:colcon.colcon_core.shell:Skip shell extension 'powershell' for command environment: Not usable outside of PowerShell
[0.376s] DEBUG:colcon.colcon_core.shell:Skip shell extension 'dsv' for command environment
[0.385s] INFO:colcon.colcon_ros.task.ament_python.build:Building ROS package in '/home/zohaib/fyp_project_ws/src/fyp_project' with build type 'ament_python'
[0.386s] Level 1:colcon.colcon_core.shell:create_environment_hook('fyp_project', 'ament_prefix_path')
[0.387s] INFO:colcon.colcon_core.shell:Creating environment hook '/home/zohaib/fyp_project_ws/install/fyp_project/share/fyp_project/hook/ament_prefix_path.ps1'
[0.388s] INFO:colcon.colcon_core.shell:Creating environment descriptor '/home/zohaib/fyp_project_ws/install/fyp_project/share/fyp_project/hook/ament_prefix_path.dsv'
[0.389s] INFO:colcon.colcon_core.shell:Creating environment hook '/home/zohaib/fyp_project_ws/install/fyp_project/share/fyp_project/hook/ament_prefix_path.sh'
[0.390s] INFO:colcon.colcon_core.shell:Skip shell extension 'powershell' for command environment: Not usable outside of PowerShell
[0.390s] DEBUG:colcon.colcon_core.shell:Skip shell extension 'dsv' for command environment
[0.396s] INFO:colcon.colcon_ros.task.ament_python.build:Building ROS package in '/home/zohaib/fyp_project_ws/src/imu_interface' with build type 'ament_python'
[0.396s] Level 1:colcon.colcon_core.shell:create_environment_hook('imu_interface', 'ament_prefix_path')
[0.397s] INFO:colcon.colcon_core.shell:Creating environment hook '/home/zohaib/fyp_project_ws/install/imu_interface/share/imu_interface/hook/ament_prefix_path.ps1'
[0.399s] INFO:colcon.colcon_core.shell:Creating environment descriptor '/home/zohaib/fyp_project_ws/install/imu_interface/share/imu_interface/hook/ament_prefix_path.dsv'
[0.400s] INFO:colcon.colcon_core.shell:Creating environment hook '/home/zohaib/fyp_project_ws/install/imu_interface/share/imu_interface/hook/ament_prefix_path.sh'
[0.401s] INFO:colcon.colcon_core.shell:Skip shell extension 'powershell' for command environment: Not usable outside of PowerShell
[0.401s] DEBUG:colcon.colcon_core.shell:Skip shell extension 'dsv' for command environment
[0.407s] INFO:colcon.colcon_ros.task.ament_python.build:Building ROS package in '/home/zohaib/fyp_project_ws/src/pothole_detection' with build type 'ament_python'
[0.407s] Level 1:colcon.colcon_core.shell:create_environment_hook('pothole_detection', 'ament_prefix_path')
[0.407s] INFO:colcon.colcon_core.shell:Creating environment hook '/home/zohaib/fyp_project_ws/install/pothole_detection/share/pothole_detection/hook/ament_prefix_path.ps1'
[0.408s] INFO:colcon.colcon_core.shell:Creating environment descriptor '/home/zohaib/fyp_project_ws/install/pothole_detection/share/pothole_detection/hook/ament_prefix_path.dsv'
[0.409s] INFO:colcon.colcon_core.shell:Creating environment hook '/home/zohaib/fyp_project_ws/install/pothole_detection/share/pothole_detection/hook/ament_prefix_path.sh'
[0.411s] INFO:colcon.colcon_core.shell:Skip shell extension 'powershell' for command environment: Not usable outside of PowerShell
[0.411s] DEBUG:colcon.colcon_core.shell:Skip shell extension 'dsv' for command environment
[0.879s] INFO:colcon.colcon_core.task.python.build:Building Python package in '/home/zohaib/fyp_project_ws/src/azure_iot'
[0.880s] INFO:colcon.colcon_core.shell:Skip shell extension 'powershell' for command environment: Not usable outside of PowerShell
[0.880s] DEBUG:colcon.colcon_core.shell:Skip shell extension 'dsv' for command environment
[1.268s] INFO:colcon.colcon_core.task.python.build:Building Python package in '/home/zohaib/fyp_project_ws/src/fyp_project'
[1.268s] INFO:colcon.colcon_core.shell:Skip shell extension 'powershell' for command environment: Not usable outside of PowerShell
[1.269s] DEBUG:colcon.colcon_core.shell:Skip shell extension 'dsv' for command environment
[1.667s] INFO:colcon.colcon_core.task.python.build:Building Python package in '/home/zohaib/fyp_project_ws/src/imu_interface'
[1.667s] INFO:colcon.colcon_core.shell:Skip shell extension 'powershell' for command environment: Not usable outside of PowerShell
[1.667s] DEBUG:colcon.colcon_core.shell:Skip shell extension 'dsv' for command environment
[2.051s] INFO:colcon.colcon_core.task.python.build:Building Python package in '/home/zohaib/fyp_project_ws/src/pothole_detection'
[2.051s] INFO:colcon.colcon_core.shell:Skip shell extension 'powershell' for command environment: Not usable outside of PowerShell
[2.051s] DEBUG:colcon.colcon_core.shell:Skip shell extension 'dsv' for command environment
[3.450s] DEBUG:colcon.colcon_core.event_handler.log_command:Invoking command in '/home/zohaib/fyp_project_ws/build/fyp_project': DEBUGINFOD_URLS=https://debuginfod.ubuntu.com PYTHONPATH=/home/zohaib/fyp_project_ws/build/fyp_project/prefix_override:/usr/lib/python3/dist-packages/colcon_core/task/python/colcon_distutils_commands:/home/zohaib/fyp_project_ws/install/fyp_project/lib/python3.12/site-packages:${PYTHONPATH} /usr/bin/python3 -W ignore:setup.py install is deprecated -W ignore:easy_install command is deprecated setup.py develop --editable --build-directory /home/zohaib/fyp_project_ws/build/fyp_project/build --no-deps symlink_data
[3.744s] DEBUG:colcon.colcon_core.event_handler.log_command:Invoking command in '/home/zohaib/fyp_project_ws/build/pothole_detection': DEBUGINFOD_URLS=https://debuginfod.ubuntu.com PYTHONPATH=/home/zohaib/fyp_project_ws/build/pothole_detection/prefix_override:/usr/lib/python3/dist-packages/colcon_core/task/python/colcon_distutils_commands:/home/zohaib/fyp_project_ws/install/pothole_detection/lib/python3.12/site-packages:${PYTHONPATH} /usr/bin/python3 -W ignore:setup.py install is deprecated -W ignore:easy_install command is deprecated setup.py develop --editable --build-directory /home/zohaib/fyp_project_ws/build/pothole_detection/build --no-deps symlink_data
[3.861s] DEBUG:colcon.colcon_core.event_handler.log_command:Invoking command in '/home/zohaib/fyp_project_ws/build/imu_interface': DEBUGINFOD_URLS=https://debuginfod.ubuntu.com PYTHONPATH=/home/zohaib/fyp_project_ws/build/imu_interface/prefix_override:/usr/lib/python3/dist-packages/colcon_core/task/python/colcon_distutils_commands:/home/zohaib/fyp_project_ws/install/imu_interface/lib/python3.12/site-packages:${PYTHONPATH} /usr/bin/python3 -W ignore:setup.py install is deprecated -W ignore:easy_install command is deprecated setup.py develop --editable --build-directory /home/zohaib/fyp_project_ws/build/imu_interface/build --no-deps symlink_data
[3.868s] DEBUG:colcon.colcon_core.event_handler.log_command:Invoking command in '/home/zohaib/fyp_project_ws/build/azure_iot': DEBUGINFOD_URLS=https://debuginfod.ubuntu.com PYTHONPATH=/home/zohaib/fyp_project_ws/build/azure_iot/prefix_override:/usr/lib/python3/dist-packages/colcon_core/task/python/colcon_distutils_commands:/home/zohaib/fyp_project_ws/install/azure_iot/lib/python3.12/site-packages:${PYTHONPATH} /usr/bin/python3 -W ignore:setup.py install is deprecated -W ignore:easy_install command is deprecated setup.py develop --editable --build-directory /home/zohaib/fyp_project_ws/build/azure_iot/build --no-deps symlink_data
[5.181s] Level 1:colcon.colcon_core.shell:create_environment_hook('fyp_project', 'pythonpath_develop')
[5.190s] INFO:colcon.colcon_core.shell:Creating environment hook '/home/zohaib/fyp_project_ws/build/fyp_project/share/fyp_project/hook/pythonpath_develop.ps1'
[5.190s] DEBUG:colcon.colcon_core.event_handler.log_command:Invoked command in '/home/zohaib/fyp_project_ws/build/fyp_project' returned '0': DEBUGINFOD_URLS=https://debuginfod.ubuntu.com PYTHONPATH=/home/zohaib/fyp_project_ws/build/fyp_project/prefix_override:/usr/lib/python3/dist-packages/colcon_core/task/python/colcon_distutils_commands:/home/zohaib/fyp_project_ws/install/fyp_project/lib/python3.12/site-packages:${PYTHONPATH} /usr/bin/python3 -W ignore:setup.py install is deprecated -W ignore:easy_install command is deprecated setup.py develop --editable --build-directory /home/zohaib/fyp_project_ws/build/fyp_project/build --no-deps symlink_data
[5.191s] INFO:colcon.colcon_core.shell:Creating environment descriptor '/home/zohaib/fyp_project_ws/build/fyp_project/share/fyp_project/hook/pythonpath_develop.dsv'
[5.191s] INFO:colcon.colcon_core.shell:Creating environment hook '/home/zohaib/fyp_project_ws/build/fyp_project/share/fyp_project/hook/pythonpath_develop.sh'
[5.198s] Level 1:colcon.colcon_core.environment:checking '/home/zohaib/fyp_project_ws/install/fyp_project' for CMake module files
[5.199s] Level 1:colcon.colcon_core.environment:checking '/home/zohaib/fyp_project_ws/install/fyp_project' for CMake config files
[5.200s] Level 1:colcon.colcon_core.environment:checking '/home/zohaib/fyp_project_ws/install/fyp_project/lib'
[5.201s] Level 1:colcon.colcon_core.environment:checking '/home/zohaib/fyp_project_ws/install/fyp_project/bin'
[5.201s] Level 1:colcon.colcon_core.environment:checking '/home/zohaib/fyp_project_ws/install/fyp_project/lib/pkgconfig/fyp_project.pc'
[5.202s] Level 1:colcon.colcon_core.environment:checking '/home/zohaib/fyp_project_ws/install/fyp_project/lib/python3.12/site-packages'
[5.202s] Level 1:colcon.colcon_core.shell:create_environment_hook('fyp_project', 'pythonpath')
[5.202s] INFO:colcon.colcon_core.shell:Creating environment hook '/home/zohaib/fyp_project_ws/install/fyp_project/share/fyp_project/hook/pythonpath.ps1'
[5.203s] INFO:colcon.colcon_core.shell:Creating environment descriptor '/home/zohaib/fyp_project_ws/install/fyp_project/share/fyp_project/hook/pythonpath.dsv'
[5.204s] INFO:colcon.colcon_core.shell:Creating environment hook '/home/zohaib/fyp_project_ws/install/fyp_project/share/fyp_project/hook/pythonpath.sh'
[5.206s] Level 1:colcon.colcon_core.environment:checking '/home/zohaib/fyp_project_ws/install/fyp_project/bin'
[5.207s] Level 1:colcon.colcon_core.environment:create_environment_scripts_only(fyp_project)
[5.207s] INFO:colcon.colcon_core.shell:Creating package script '/home/zohaib/fyp_project_ws/install/fyp_project/share/fyp_project/package.ps1'
[5.209s] INFO:colcon.colcon_core.shell:Creating package descriptor '/home/zohaib/fyp_project_ws/install/fyp_project/share/fyp_project/package.dsv'
[5.210s] INFO:colcon.colcon_core.shell:Creating package script '/home/zohaib/fyp_project_ws/install/fyp_project/share/fyp_project/package.sh'
[5.211s] INFO:colcon.colcon_core.shell:Creating package script '/home/zohaib/fyp_project_ws/install/fyp_project/share/fyp_project/package.bash'
[5.212s] INFO:colcon.colcon_core.shell:Creating package script '/home/zohaib/fyp_project_ws/install/fyp_project/share/fyp_project/package.zsh'
[5.215s] Level 1:colcon.colcon_core.environment:create_file_with_runtime_dependencies(/home/zohaib/fyp_project_ws/install/fyp_project/share/colcon-core/packages/fyp_project)
[5.216s] INFO:colcon.colcon_ros.task.ament_python.build:Building ROS package in '/home/zohaib/fyp_project_ws/src/slam_mapping' with build type 'ament_python'
[5.218s] Level 1:colcon.colcon_core.shell:create_environment_hook('slam_mapping', 'ament_prefix_path')
[5.219s] INFO:colcon.colcon_core.shell:Creating environment hook '/home/zohaib/fyp_project_ws/install/slam_mapping/share/slam_mapping/hook/ament_prefix_path.ps1'
[5.219s] INFO:colcon.colcon_core.shell:Creating environment descriptor '/home/zohaib/fyp_project_ws/install/slam_mapping/share/slam_mapping/hook/ament_prefix_path.dsv'
[5.222s] INFO:colcon.colcon_core.shell:Creating environment hook '/home/zohaib/fyp_project_ws/install/slam_mapping/share/slam_mapping/hook/ament_prefix_path.sh'
[5.224s] INFO:colcon.colcon_core.shell:Skip shell extension 'powershell' for command environment: Not usable outside of PowerShell
[5.224s] DEBUG:colcon.colcon_core.shell:Skip shell extension 'dsv' for command environment
[5.820s] INFO:colcon.colcon_core.task.python.build:Building Python package in '/home/zohaib/fyp_project_ws/src/slam_mapping'
[5.821s] INFO:colcon.colcon_core.shell:Skip shell extension 'powershell' for command environment: Not usable outside of PowerShell
[5.821s] DEBUG:colcon.colcon_core.shell:Skip shell extension 'dsv' for command environment
[5.828s] Level 1:colcon.colcon_core.shell:create_environment_hook('pothole_detection', 'pythonpath_develop')
[5.828s] INFO:colcon.colcon_core.shell:Creating environment hook '/home/zohaib/fyp_project_ws/build/pothole_detection/share/pothole_detection/hook/pythonpath_develop.ps1'
[5.829s] DEBUG:colcon.colcon_core.event_handler.log_command:Invoked command in '/home/zohaib/fyp_project_ws/build/pothole_detection' returned '0': DEBUGINFOD_URLS=https://debuginfod.ubuntu.com PYTHONPATH=/home/zohaib/fyp_project_ws/build/pothole_detection/prefix_override:/usr/lib/python3/dist-packages/colcon_core/task/python/colcon_distutils_commands:/home/zohaib/fyp_project_ws/install/pothole_detection/lib/python3.12/site-packages:${PYTHONPATH} /usr/bin/python3 -W ignore:setup.py install is deprecated -W ignore:easy_install command is deprecated setup.py develop --editable --build-directory /home/zohaib/fyp_project_ws/build/pothole_detection/build --no-deps symlink_data
[5.830s] INFO:colcon.colcon_core.shell:Creating environment descriptor '/home/zohaib/fyp_project_ws/build/pothole_detection/share/pothole_detection/hook/pythonpath_develop.dsv'
[5.830s] INFO:colcon.colcon_core.shell:Creating environment hook '/home/zohaib/fyp_project_ws/build/pothole_detection/share/pothole_detection/hook/pythonpath_develop.sh'
[5.832s] Level 1:colcon.colcon_core.environment:checking '/home/zohaib/fyp_project_ws/install/pothole_detection' for CMake module files
[5.833s] Level 1:colcon.colcon_core.environment:checking '/home/zohaib/fyp_project_ws/install/pothole_detection' for CMake config files
[5.834s] Level 1:colcon.colcon_core.environment:checking '/home/zohaib/fyp_project_ws/install/pothole_detection/lib'
[5.834s] Level 1:colcon.colcon_core.environment:checking '/home/zohaib/fyp_project_ws/install/pothole_detection/bin'
[5.834s] Level 1:colcon.colcon_core.environment:checking '/home/zohaib/fyp_project_ws/install/pothole_detection/lib/pkgconfig/pothole_detection.pc'
[5.835s] Level 1:colcon.colcon_core.environment:checking '/home/zohaib/fyp_project_ws/install/pothole_detection/lib/python3.12/site-packages'
[5.835s] Level 1:colcon.colcon_core.shell:create_environment_hook('pothole_detection', 'pythonpath')
[5.835s] INFO:colcon.colcon_core.shell:Creating environment hook '/home/zohaib/fyp_project_ws/install/pothole_detection/share/pothole_detection/hook/pythonpath.ps1'
[5.836s] INFO:colcon.colcon_core.shell:Creating environment descriptor '/home/zohaib/fyp_project_ws/install/pothole_detection/share/pothole_detection/hook/pythonpath.dsv'
[5.837s] INFO:colcon.colcon_core.shell:Creating environment hook '/home/zohaib/fyp_project_ws/install/pothole_detection/share/pothole_detection/hook/pythonpath.sh'
[5.838s] Level 1:colcon.colcon_core.environment:checking '/home/zohaib/fyp_project_ws/install/pothole_detection/bin'
[5.838s] Level 1:colcon.colcon_core.environment:create_environment_scripts_only(pothole_detection)
[5.839s] INFO:colcon.colcon_core.shell:Creating package script '/home/zohaib/fyp_project_ws/install/pothole_detection/share/pothole_detection/package.ps1'
[5.840s] INFO:colcon.colcon_core.shell:Creating package descriptor '/home/zohaib/fyp_project_ws/install/pothole_detection/share/pothole_detection/package.dsv'
[5.841s] INFO:colcon.colcon_core.shell:Creating package script '/home/zohaib/fyp_project_ws/install/pothole_detection/share/pothole_detection/package.sh'
[5.842s] INFO:colcon.colcon_core.shell:Creating package script '/home/zohaib/fyp_project_ws/install/pothole_detection/share/pothole_detection/package.bash'
[5.843s] INFO:colcon.colcon_core.shell:Creating package script '/home/zohaib/fyp_project_ws/install/pothole_detection/share/pothole_detection/package.zsh'
[5.844s] Level 1:colcon.colcon_core.environment:create_file_with_runtime_dependencies(/home/zohaib/fyp_project_ws/install/pothole_detection/share/colcon-core/packages/pothole_detection)
[5.845s] Level 1:colcon.colcon_core.shell:create_environment_hook('azure_iot', 'pythonpath_develop')
[5.845s] INFO:colcon.colcon_core.shell:Creating environment hook '/home/zohaib/fyp_project_ws/build/azure_iot/share/azure_iot/hook/pythonpath_develop.ps1'
[5.847s] INFO:colcon.colcon_core.shell:Creating environment descriptor '/home/zohaib/fyp_project_ws/build/azure_iot/share/azure_iot/hook/pythonpath_develop.dsv'
[5.848s] DEBUG:colcon.colcon_core.event_handler.log_command:Invoked command in '/home/zohaib/fyp_project_ws/build/azure_iot' returned '0': DEBUGINFOD_URLS=https://debuginfod.ubuntu.com PYTHONPATH=/home/zohaib/fyp_project_ws/build/azure_iot/prefix_override:/usr/lib/python3/dist-packages/colcon_core/task/python/colcon_distutils_commands:/home/zohaib/fyp_project_ws/install/azure_iot/lib/python3.12/site-packages:${PYTHONPATH} /usr/bin/python3 -W ignore:setup.py install is deprecated -W ignore:easy_install command is deprecated setup.py develop --editable --build-directory /home/zohaib/fyp_project_ws/build/azure_iot/build --no-deps symlink_data
[5.849s] INFO:colcon.colcon_core.shell:Creating environment hook '/home/zohaib/fyp_project_ws/build/azure_iot/share/azure_iot/hook/pythonpath_develop.sh'
[5.851s] Level 1:colcon.colcon_core.environment:checking '/home/zohaib/fyp_project_ws/install/azure_iot' for CMake module files
[5.852s] Level 1:colcon.colcon_core.environment:checking '/home/zohaib/fyp_project_ws/install/azure_iot' for CMake config files
[5.852s] Level 1:colcon.colcon_core.environment:checking '/home/zohaib/fyp_project_ws/install/azure_iot/lib'
[5.852s] Level 1:colcon.colcon_core.environment:checking '/home/zohaib/fyp_project_ws/install/azure_iot/bin'
[5.852s] Level 1:colcon.colcon_core.environment:checking '/home/zohaib/fyp_project_ws/install/azure_iot/lib/pkgconfig/azure_iot.pc'
[5.853s] Level 1:colcon.colcon_core.environment:checking '/home/zohaib/fyp_project_ws/install/azure_iot/lib/python3.12/site-packages'
[5.853s] Level 1:colcon.colcon_core.shell:create_environment_hook('azure_iot', 'pythonpath')
[5.853s] INFO:colcon.colcon_core.shell:Creating environment hook '/home/zohaib/fyp_project_ws/install/azure_iot/share/azure_iot/hook/pythonpath.ps1'
[5.854s] INFO:colcon.colcon_core.shell:Creating environment descriptor '/home/zohaib/fyp_project_ws/install/azure_iot/share/azure_iot/hook/pythonpath.dsv'
[5.855s] INFO:colcon.colcon_core.shell:Creating environment hook '/home/zohaib/fyp_project_ws/install/azure_iot/share/azure_iot/hook/pythonpath.sh'
[5.856s] Level 1:colcon.colcon_core.environment:checking '/home/zohaib/fyp_project_ws/install/azure_iot/bin'
[5.856s] Level 1:colcon.colcon_core.environment:create_environment_scripts_only(azure_iot)
[5.856s] INFO:colcon.colcon_core.shell:Creating package script '/home/zohaib/fyp_project_ws/install/azure_iot/share/azure_iot/package.ps1'
[5.857s] INFO:colcon.colcon_core.shell:Creating package descriptor '/home/zohaib/fyp_project_ws/install/azure_iot/share/azure_iot/package.dsv'
[5.858s] INFO:colcon.colcon_core.shell:Creating package script '/home/zohaib/fyp_project_ws/install/azure_iot/share/azure_iot/package.sh'
[5.859s] INFO:colcon.colcon_core.shell:Creating package script '/home/zohaib/fyp_project_ws/install/azure_iot/share/azure_iot/package.bash'
[5.860s] INFO:colcon.colcon_core.shell:Creating package script '/home/zohaib/fyp_project_ws/install/azure_iot/share/azure_iot/package.zsh'
[5.861s] Level 1:colcon.colcon_core.environment:create_file_with_runtime_dependencies(/home/zohaib/fyp_project_ws/install/azure_iot/share/colcon-core/packages/azure_iot)
[5.862s] Level 1:colcon.colcon_core.shell:create_environment_hook('imu_interface', 'pythonpath_develop')
[5.863s] INFO:colcon.colcon_core.shell:Creating environment hook '/home/zohaib/fyp_project_ws/build/imu_interface/share/imu_interface/hook/pythonpath_develop.ps1'
[5.863s] DEBUG:colcon.colcon_core.event_handler.log_command:Invoked command in '/home/zohaib/fyp_project_ws/build/imu_interface' returned '0': DEBUGINFOD_URLS=https://debuginfod.ubuntu.com PYTHONPATH=/home/zohaib/fyp_project_ws/build/imu_interface/prefix_override:/usr/lib/python3/dist-packages/colcon_core/task/python/colcon_distutils_commands:/home/zohaib/fyp_project_ws/install/imu_interface/lib/python3.12/site-packages:${PYTHONPATH} /usr/bin/python3 -W ignore:setup.py install is deprecated -W ignore:easy_install command is deprecated setup.py develop --editable --build-directory /home/zohaib/fyp_project_ws/build/imu_interface/build --no-deps symlink_data
[5.864s] INFO:colcon.colcon_core.shell:Creating environment descriptor '/home/zohaib/fyp_project_ws/build/imu_interface/share/imu_interface/hook/pythonpath_develop.dsv'
[5.865s] INFO:colcon.colcon_core.shell:Creating environment hook '/home/zohaib/fyp_project_ws/build/imu_interface/share/imu_interface/hook/pythonpath_develop.sh'
[5.866s] Level 1:colcon.colcon_core.environment:checking '/home/zohaib/fyp_project_ws/install/imu_interface' for CMake module files
[5.866s] Level 1:colcon.colcon_core.environment:checking '/home/zohaib/fyp_project_ws/install/imu_interface' for CMake config files
[5.867s] Level 1:colcon.colcon_core.environment:checking '/home/zohaib/fyp_project_ws/install/imu_interface/lib'
[5.867s] Level 1:colcon.colcon_core.environment:checking '/home/zohaib/fyp_project_ws/install/imu_interface/bin'
[5.867s] Level 1:colcon.colcon_core.environment:checking '/home/zohaib/fyp_project_ws/install/imu_interface/lib/pkgconfig/imu_interface.pc'
[5.867s] Level 1:colcon.colcon_core.environment:checking '/home/zohaib/fyp_project_ws/install/imu_interface/lib/python3.12/site-packages'
[5.867s] Level 1:colcon.colcon_core.shell:create_environment_hook('imu_interface', 'pythonpath')
[5.868s] INFO:colcon.colcon_core.shell:Creating environment hook '/home/zohaib/fyp_project_ws/install/imu_interface/share/imu_interface/hook/pythonpath.ps1'
[5.868s] INFO:colcon.colcon_core.shell:Creating environment descriptor '/home/zohaib/fyp_project_ws/install/imu_interface/share/imu_interface/hook/pythonpath.dsv'
[5.869s] INFO:colcon.colcon_core.shell:Creating environment hook '/home/zohaib/fyp_project_ws/install/imu_interface/share/imu_interface/hook/pythonpath.sh'
[5.870s] Level 1:colcon.colcon_core.environment:checking '/home/zohaib/fyp_project_ws/install/imu_interface/bin'
[5.870s] Level 1:colcon.colcon_core.environment:create_environment_scripts_only(imu_interface)
[5.871s] INFO:colcon.colcon_core.shell:Creating package script '/home/zohaib/fyp_project_ws/install/imu_interface/share/imu_interface/package.ps1'
[5.872s] INFO:colcon.colcon_core.shell:Creating package descriptor '/home/zohaib/fyp_project_ws/install/imu_interface/share/imu_interface/package.dsv'
[5.872s] INFO:colcon.colcon_core.shell:Creating package script '/home/zohaib/fyp_project_ws/install/imu_interface/share/imu_interface/package.sh'
[5.873s] INFO:colcon.colcon_core.shell:Creating package script '/home/zohaib/fyp_project_ws/install/imu_interface/share/imu_interface/package.bash'
[5.874s] INFO:colcon.colcon_core.shell:Creating package script '/home/zohaib/fyp_project_ws/install/imu_interface/share/imu_interface/package.zsh'
[5.875s] Level 1:colcon.colcon_core.environment:create_file_with_runtime_dependencies(/home/zohaib/fyp_project_ws/install/imu_interface/share/colcon-core/packages/imu_interface)
[6.893s] DEBUG:colcon.colcon_core.event_handler.log_command:Invoking command in '/home/zohaib/fyp_project_ws/build/slam_mapping': DEBUGINFOD_URLS=https://debuginfod.ubuntu.com PYTHONPATH=/home/zohaib/fyp_project_ws/build/slam_mapping/prefix_override:/usr/lib/python3/dist-packages/colcon_core/task/python/colcon_distutils_commands:/home/zohaib/fyp_project_ws/install/slam_mapping/lib/python3.12/site-packages:${PYTHONPATH} /usr/bin/python3 -W ignore:setup.py install is deprecated -W ignore:easy_install command is deprecated setup.py develop --editable --build-directory /home/zohaib/fyp_project_ws/build/slam_mapping/build --no-deps symlink_data
[7.946s] Level 1:colcon.colcon_core.shell:create_environment_hook('slam_mapping', 'pythonpath_develop')
[7.947s] INFO:colcon.colcon_core.shell:Creating environment hook '/home/zohaib/fyp_project_ws/build/slam_mapping/share/slam_mapping/hook/pythonpath_develop.ps1'
[7.949s] INFO:colcon.colcon_core.shell:Creating environment descriptor '/home/zohaib/fyp_project_ws/build/slam_mapping/share/slam_mapping/hook/pythonpath_develop.dsv'
[7.950s] DEBUG:colcon.colcon_core.event_handler.log_command:Invoked command in '/home/zohaib/fyp_project_ws/build/slam_mapping' returned '0': DEBUGINFOD_URLS=https://debuginfod.ubuntu.com PYTHONPATH=/home/zohaib/fyp_project_ws/build/slam_mapping/prefix_override:/usr/lib/python3/dist-packages/colcon_core/task/python/colcon_distutils_commands:/home/zohaib/fyp_project_ws/install/slam_mapping/lib/python3.12/site-packages:${PYTHONPATH} /usr/bin/python3 -W ignore:setup.py install is deprecated -W ignore:easy_install command is deprecated setup.py develop --editable --build-directory /home/zohaib/fyp_project_ws/build/slam_mapping/build --no-deps symlink_data
[7.952s] INFO:colcon.colcon_core.shell:Creating environment hook '/home/zohaib/fyp_project_ws/build/slam_mapping/share/slam_mapping/hook/pythonpath_develop.sh'
[7.953s] Level 1:colcon.colcon_core.environment:checking '/home/zohaib/fyp_project_ws/install/slam_mapping' for CMake module files
[7.954s] Level 1:colcon.colcon_core.environment:checking '/home/zohaib/fyp_project_ws/install/slam_mapping' for CMake config files
[7.956s] Level 1:colcon.colcon_core.environment:checking '/home/zohaib/fyp_project_ws/install/slam_mapping/lib'
[7.956s] Level 1:colcon.colcon_core.environment:checking '/home/zohaib/fyp_project_ws/install/slam_mapping/bin'
[7.956s] Level 1:colcon.colcon_core.environment:checking '/home/zohaib/fyp_project_ws/install/slam_mapping/lib/pkgconfig/slam_mapping.pc'
[7.957s] Level 1:colcon.colcon_core.environment:checking '/home/zohaib/fyp_project_ws/install/slam_mapping/lib/python3.12/site-packages'
[7.957s] Level 1:colcon.colcon_core.shell:create_environment_hook('slam_mapping', 'pythonpath')
[7.957s] INFO:colcon.colcon_core.shell:Creating environment hook '/home/zohaib/fyp_project_ws/install/slam_mapping/share/slam_mapping/hook/pythonpath.ps1'
[7.958s] INFO:colcon.colcon_core.shell:Creating environment descriptor '/home/zohaib/fyp_project_ws/install/slam_mapping/share/slam_mapping/hook/pythonpath.dsv'
[7.959s] INFO:colcon.colcon_core.shell:Creating environment hook '/home/zohaib/fyp_project_ws/install/slam_mapping/share/slam_mapping/hook/pythonpath.sh'
[7.960s] Level 1:colcon.colcon_core.environment:checking '/home/zohaib/fyp_project_ws/install/slam_mapping/bin'
[7.960s] Level 1:colcon.colcon_core.environment:create_environment_scripts_only(slam_mapping)
[7.960s] INFO:colcon.colcon_core.shell:Creating package script '/home/zohaib/fyp_project_ws/install/slam_mapping/share/slam_mapping/package.ps1'
[7.961s] INFO:colcon.colcon_core.shell:Creating package descriptor '/home/zohaib/fyp_project_ws/install/slam_mapping/share/slam_mapping/package.dsv'
[7.962s] INFO:colcon.colcon_core.shell:Creating package script '/home/zohaib/fyp_project_ws/install/slam_mapping/share/slam_mapping/package.sh'
[7.963s] INFO:colcon.colcon_core.shell:Creating package script '/home/zohaib/fyp_project_ws/install/slam_mapping/share/slam_mapping/package.bash'
[7.964s] INFO:colcon.colcon_core.shell:Creating package script '/home/zohaib/fyp_project_ws/install/slam_mapping/share/slam_mapping/package.zsh'
[7.964s] Level 1:colcon.colcon_core.environment:create_file_with_runtime_dependencies(/home/zohaib/fyp_project_ws/install/slam_mapping/share/colcon-core/packages/slam_mapping)
[7.965s] DEBUG:colcon.colcon_parallel_executor.executor.parallel:closing loop
[7.966s] DEBUG:colcon.colcon_parallel_executor.executor.parallel:loop closed
[7.966s] DEBUG:colcon.colcon_parallel_executor.executor.parallel:run_until_complete finished with '0'
[7.966s] DEBUG:colcon.colcon_core.event_reactor:joining thread
[7.980s] INFO:colcon.colcon_core.plugin_system:Skipping extension 'colcon_notification.desktop_notification.terminal_notifier': Not used on non-Darwin systems
[7.980s] INFO:colcon.colcon_core.plugin_system:Skipping extension 'colcon_notification.desktop_notification.win32': Not used on non-Windows systems
[7.981s] INFO:colcon.colcon_notification.desktop_notification:Sending desktop notification using 'notify2'
[8.023s] DEBUG:colcon.colcon_core.event_reactor:joined thread
[8.023s] INFO:colcon.colcon_core.shell:Creating prefix script '/home/zohaib/fyp_project_ws/install/local_setup.ps1'
[8.025s] INFO:colcon.colcon_core.shell:Creating prefix util module '/home/zohaib/fyp_project_ws/install/_local_setup_util_ps1.py'
[8.028s] INFO:colcon.colcon_core.shell:Creating prefix chain script '/home/zohaib/fyp_project_ws/install/setup.ps1'
[8.031s] INFO:colcon.colcon_core.shell:Creating prefix script '/home/zohaib/fyp_project_ws/install/local_setup.sh'
[8.033s] INFO:colcon.colcon_core.shell:Creating prefix util module '/home/zohaib/fyp_project_ws/install/_local_setup_util_sh.py'
[8.034s] INFO:colcon.colcon_core.shell:Creating prefix chain script '/home/zohaib/fyp_project_ws/install/setup.sh'
[8.036s] INFO:colcon.colcon_core.shell:Creating prefix script '/home/zohaib/fyp_project_ws/install/local_setup.bash'
[8.037s] INFO:colcon.colcon_core.shell:Creating prefix chain script '/home/zohaib/fyp_project_ws/install/setup.bash'
[8.040s] INFO:colcon.colcon_core.shell:Creating prefix script '/home/zohaib/fyp_project_ws/install/local_setup.zsh'
[8.041s] INFO:colcon.colcon_core.shell:Creating prefix chain script '/home/zohaib/fyp_project_ws/install/setup.zsh'
