[0.032s] Invoking command in '/home/zohaib/fyp_project_ws/build/rtabmap_util': AMENT_PREFIX_PATH=/home/zohaib/fyp_project_ws/install/rtabmap_conversions:/home/zohaib/fyp_project_ws/install/rtabmap_msgs:${AMENT_PREFIX_PATH} CMAKE_PREFIX_PATH=/home/zohaib/fyp_project_ws/install/rtabmap_conversions:/home/zohaib/fyp_project_ws/install/rtabmap_msgs:/home/zohaib/ros2_ws/install/rplidar_ros:/opt/ros/jazzy/opt/gz_math_vendor:/opt/ros/jazzy/opt/gz_utils_vendor:/opt/ros/jazzy/opt/gz_cmake_vendor:/home/zohaib/ros2_ws/install/camera_processor:/home/zohaib/fyp_project_ws/install/slam_mapping:/home/zohaib/fyp_project_ws/install/pothole_detection:/home/zohaib/fyp_project_ws/install/imu_interface:/home/zohaib/fyp_project_ws/install/fyp_project:/home/zohaib/fyp_project_ws/install/azure_iot:/opt/ros/jazzy DEBUGINFOD_URLS=https://debuginfod.ubuntu.com LD_LIBRARY_PATH=/home/zohaib/fyp_project_ws/install/rtabmap_conversions/lib:/home/zohaib/fyp_project_ws/install/rtabmap_msgs/lib:${LD_LIBRARY_PATH} PYTHONPATH=/home/zohaib/fyp_project_ws/install/rtabmap_msgs/lib/python3.12/site-packages:${PYTHONPATH} /usr/bin/cmake /home/zohaib/fyp_project_ws/src/rtabmap_ros/rtabmap_util -DAMENT_CMAKE_SYMLINK_INSTALL=1 -DCMAKE_INSTALL_PREFIX=/home/zohaib/fyp_project_ws/install/rtabmap_util
[0.214s] -- The C compiler identification is GNU 13.3.0
[0.398s] -- The CXX compiler identification is GNU 13.3.0
[0.427s] -- Detecting C compiler ABI info
[0.667s] -- Detecting C compiler ABI info - done
[0.682s] -- Check for working C compiler: /usr/bin/cc - skipped
[0.682s] -- Detecting C compile features
[0.683s] -- Detecting C compile features - done
[0.699s] -- Detecting CXX compiler ABI info
[0.967s] -- Detecting CXX compiler ABI info - done
[0.981s] -- Check for working CXX compiler: /usr/bin/c++ - skipped
[0.981s] -- Detecting CXX compile features
[0.982s] -- Detecting CXX compile features - done
[0.998s] -- Found OpenCV: /usr (found version "4.6.0") found components: core calib3d imgproc highgui stitching photo video aruco objdetect missing components: xfeatures2d nonfree gpu cudafeatures2d
[1.070s] -- Found Boost: /usr/lib/aarch64-linux-gnu/cmake/Boost-1.83.0/BoostConfig.cmake (found suitable version "1.83.0", minimum required is "1.65.0") found components: system filesystem iostreams serialization 
[1.196s] -- Checking for module 'libusb-1.0'
[1.227s] --   Found libusb-1.0, version 1.0.27
[1.310s] -- Found libusb: /usr/lib/aarch64-linux-gnu/libusb-1.0.so  
[1.312s] -- Found OpenNI: /usr/lib/libOpenNI.so;libusb::libusb (found version "1.5.4.0") 
[1.312s] -- OpenNI found (version: 1.5.4.0, include: /usr/include/ni, lib: /usr/lib/libOpenNI.so;libusb::libusb)
[1.437s] -- Found OpenNI2: /usr/lib/aarch64-linux-gnu/libOpenNI2.so;libusb::libusb (found version "2.2.0.33") 
[1.438s] -- OpenNI2 found (version: 2.2.0.33, include: /usr/include/openni2, lib: /usr/lib/aarch64-linux-gnu/libOpenNI2.so;libusb::libusb)
[1.448s] -- Could NOT find Pcap (missing: PCAP_LIBRARIES PCAP_INCLUDE_DIRS) 
[1.449s] [0m** WARNING ** io features related to pcap will be disabled[0m
[1.474s] -- Found ZLIB: /usr/lib/aarch64-linux-gnu/libz.so (found version "1.3")  
[1.514s] -- Found PNG: /usr/lib/aarch64-linux-gnu/libpng.so (found version "1.6.43") 
[1.577s] -- Performing Test CMAKE_HAVE_LIBC_PTHREAD
[1.761s] -- Performing Test CMAKE_HAVE_LIBC_PTHREAD - Success
[1.762s] -- Found Threads: TRUE  
[1.762s] -- Found GLEW: /usr/lib/aarch64-linux-gnu/libGLEW.so  
[1.762s] -- Found OpenGL: /usr/lib/aarch64-linux-gnu/libOpenGL.so  found components: OpenGL GLX 
[2.109s] -- Found MPI_C: /usr/lib/aarch64-linux-gnu/libmpi.so (found version "3.1") 
[2.109s] -- Found MPI: TRUE (found version "3.1") found components: C 
[2.114s] -- Found JsonCpp: /usr/lib/aarch64-linux-gnu/libjsoncpp.so (found suitable version "1.9.5", minimum required is "0.7.0") 
[2.183s] -- Found Eigen3: /usr/include/eigen3 (found version "3.4.0") 
[2.417s] -- Found X11: /usr/include   
[2.417s] -- Looking for XOpenDisplay in /usr/lib/aarch64-linux-gnu/libX11.so;/usr/lib/aarch64-linux-gnu/libXext.so
[2.617s] -- Looking for XOpenDisplay in /usr/lib/aarch64-linux-gnu/libX11.so;/usr/lib/aarch64-linux-gnu/libXext.so - found
[2.618s] -- Looking for gethostbyname
[2.812s] -- Looking for gethostbyname - found
[2.813s] -- Looking for connect
[3.034s] -- Looking for connect - found
[3.034s] -- Looking for remove
[3.262s] -- Looking for remove - found
[3.264s] -- Looking for shmat
[3.486s] -- Looking for shmat - found
[3.486s] -- Looking for IceConnectionNumber in ICE
[3.685s] -- Looking for IceConnectionNumber in ICE - found
[3.973s] -- Found EXPAT: /usr/lib/aarch64-linux-gnu/libexpat.so (found version "2.6.1") 
[3.980s] -- Found double-conversion: /usr/lib/aarch64-linux-gnu/libdouble-conversion.so  
[3.983s] -- Found LZ4: /usr/lib/aarch64-linux-gnu/liblz4.so (found version "1.9.4") 
[3.986s] -- Found LZMA: /usr/lib/aarch64-linux-gnu/liblzma.so (found version "5.4.5") 
[4.007s] -- Found JPEG: /usr/lib/aarch64-linux-gnu/libjpeg.so (found version "80") 
[4.029s] -- Found TIFF: /usr/lib/aarch64-linux-gnu/libtiff.so (found version "4.5.1")  
[4.038s] -- Found Freetype: /usr/lib/aarch64-linux-gnu/libfreetype.so (found version "2.13.2") 
[4.048s] -- Found utf8cpp: /usr/include/utf8cpp  
[4.819s] -- Found OpenMP_CXX: -fopenmp (found version "4.5") 
[4.820s] -- Found OpenMP: TRUE (found version "4.5") found components: CXX 
[4.836s] [33mCMake Warning (dev) at /usr/lib/aarch64-linux-gnu/cmake/pcl/Modules/FindFLANN.cmake:45 (find_package):
[4.836s]   Policy CMP0144 is not set: find_package uses upper-case <PACKAGENAME>_ROOT
[4.837s]   variables.  Run "cmake --help-policy CMP0144" for policy details.  Use the
[4.837s]   cmake_policy command to set the policy and suppress this warning.
[4.837s] 
[4.837s]   CMake variable FLANN_ROOT is set to:
[4.837s] 
[4.837s]     /usr
[4.837s] 
[4.837s]   For compatibility, find_package is ignoring the variable, but code in a
[4.837s]   .cmake module might still use it.
[4.838s] Call Stack (most recent call first):
[4.838s]   /usr/lib/aarch64-linux-gnu/cmake/pcl/PCLConfig.cmake:261 (find_package)
[4.838s]   /usr/lib/aarch64-linux-gnu/cmake/pcl/PCLConfig.cmake:306 (find_flann)
[4.838s]   /usr/lib/aarch64-linux-gnu/cmake/pcl/PCLConfig.cmake:570 (find_external_library)
[4.838s]   /usr/share/cmake-3.28/Modules/CMakeFindDependencyMacro.cmake:76 (find_package)
[4.839s]   /opt/ros/jazzy/lib/aarch64-linux-gnu/rtabmap-0.21/RTABMapConfig.cmake:7 (find_dependency)
[4.839s]   CMakeLists.txt:8 (find_package)
[4.839s] This warning is for project developers.  Use -Wno-dev to suppress it.
[4.839s] [0m
[4.839s] -- Found flann version 1.9.2
[4.845s] -- Found Qhull version 8.0.2
[7.434s] -- OpenNI found (version: 1.5.4.0, include: /usr/include/ni, lib: /usr/lib/libOpenNI.so;libusb::libusb)
[7.448s] -- OpenNI2 found (version: 2.2.0.33, include: /usr/include/openni2, lib: /usr/lib/aarch64-linux-gnu/libOpenNI2.so;libusb::libusb)
[8.240s] -- looking for PCL_COMMON
[8.242s] -- Found PCL_COMMON: /usr/lib/aarch64-linux-gnu/libpcl_common.so  
[8.242s] -- looking for PCL_OCTREE
[8.244s] -- Found PCL_OCTREE: /usr/lib/aarch64-linux-gnu/libpcl_octree.so  
[8.244s] -- looking for PCL_IO
[8.246s] -- Found PCL_IO: /usr/lib/aarch64-linux-gnu/libpcl_io.so  
[8.246s] -- looking for PCL_KDTREE
[8.248s] -- Found PCL_KDTREE: /usr/lib/aarch64-linux-gnu/libpcl_kdtree.so  
[8.248s] -- looking for PCL_SEARCH
[8.250s] -- Found PCL_SEARCH: /usr/lib/aarch64-linux-gnu/libpcl_search.so  
[8.250s] -- looking for PCL_SURFACE
[8.251s] -- Found PCL_SURFACE: /usr/lib/aarch64-linux-gnu/libpcl_surface.so  
[8.252s] -- looking for PCL_FILTERS
[8.253s] -- Found PCL_FILTERS: /usr/lib/aarch64-linux-gnu/libpcl_filters.so  
[8.254s] -- looking for PCL_2D
[8.254s] -- Found PCL_2D: /usr/include/pcl-1.14  
[8.255s] -- looking for PCL_FEATURES
[8.256s] -- Found PCL_FEATURES: /usr/lib/aarch64-linux-gnu/libpcl_features.so  
[8.257s] -- looking for PCL_REGISTRATION
[8.258s] -- Found PCL_REGISTRATION: /usr/lib/aarch64-linux-gnu/libpcl_registration.so  
[8.259s] -- looking for PCL_SAMPLE_CONSENSUS
[8.260s] -- Found PCL_SAMPLE_CONSENSUS: /usr/lib/aarch64-linux-gnu/libpcl_sample_consensus.so  
[8.261s] -- looking for PCL_GEOMETRY
[8.261s] -- Found PCL_GEOMETRY: /usr/include/pcl-1.14  
[8.261s] -- looking for PCL_ML
[8.266s] -- Found PCL_ML: /usr/lib/aarch64-linux-gnu/libpcl_ml.so  
[8.266s] -- looking for PCL_SEGMENTATION
[8.266s] -- Found PCL_SEGMENTATION: /usr/lib/aarch64-linux-gnu/libpcl_segmentation.so  
[8.266s] -- looking for PCL_VISUALIZATION
[8.267s] -- Found PCL_VISUALIZATION: /usr/lib/aarch64-linux-gnu/libpcl_visualization.so  
[8.269s] -- Found PCL: pcl_common;pcl_octree;pcl_io;pcl_kdtree;pcl_search;pcl_surface;pcl_filters;pcl_features;pcl_registration;pcl_sample_consensus;pcl_ml;pcl_segmentation;pcl_visualization;Boost::system;Boost::filesystem;Boost::iostreams;Boost::serialization;/usr/lib/libOpenNI.so;libusb::libusb;/usr/lib/aarch64-linux-gnu/libOpenNI2.so;libusb::libusb;VTK::ChartsCore;VTK::CommonColor;VTK::CommonComputationalGeometry;VTK::CommonCore;VTK::CommonDataModel;VTK::CommonExecutionModel;VTK::CommonMath;VTK::CommonMisc;VTK::CommonTransforms;VTK::FiltersCore;VTK::FiltersExtraction;VTK::FiltersGeneral;VTK::FiltersGeometry;VTK::FiltersModeling;VTK::FiltersSources;VTK::ImagingCore;VTK::ImagingSources;VTK::InteractionImage;VTK::InteractionStyle;VTK::InteractionWidgets;VTK::IOCore;VTK::IOGeometry;VTK::IOImage;VTK::IOLegacy;VTK::IOPLY;VTK::RenderingAnnotation;VTK::RenderingCore;VTK::RenderingContext2D;VTK::RenderingLOD;VTK::RenderingFreeType;VTK::ViewsCore;VTK::ViewsContext2D;VTK::RenderingOpenGL2;VTK::RenderingContextOpenGL2;VTK::GUISupportQt;FLANN::FLANN;QHULL::QHULL (Required is at least version "1.7") 
[8.283s] -- RTABMap=rtabmap::utilite;rtabmap::core;rtabmap::gui
[8.286s] -- Found ament_cmake: 2.5.3 (/opt/ros/jazzy/share/ament_cmake/cmake)
[8.651s] -- Found Python3: /usr/bin/python3 (found version "3.12.3") found components: Interpreter 
[8.839s] -- Override CMake install command with custom implementation using symlinks instead of copying resources
[8.904s] -- Found cv_bridge: 4.1.0 (/opt/ros/jazzy/share/cv_bridge/cmake)
[8.971s] -- Found rosidl_generator_c: 4.6.5 (/opt/ros/jazzy/share/rosidl_generator_c/cmake)
[8.997s] -- Found rosidl_generator_cpp: 4.6.5 (/opt/ros/jazzy/share/rosidl_generator_cpp/cmake)
[9.028s] -- Using all available rosidl_typesupport_c: rosidl_typesupport_fastrtps_c;rosidl_typesupport_introspection_c
[9.064s] -- Using all available rosidl_typesupport_cpp: rosidl_typesupport_fastrtps_cpp;rosidl_typesupport_introspection_cpp
[9.300s] -- Found rmw_implementation_cmake: 7.3.1 (/opt/ros/jazzy/share/rmw_implementation_cmake/cmake)
[9.313s] -- Found rmw_fastrtps_cpp: 8.4.1 (/opt/ros/jazzy/share/rmw_fastrtps_cpp/cmake)
[9.540s] -- Found OpenSSL: /usr/lib/aarch64-linux-gnu/libcrypto.so (found version "3.0.13")  
[9.570s] -- Found FastRTPS: /opt/ros/jazzy/include (Required is at least version "2.13") 
[9.614s] -- Using RMW implementation 'rmw_fastrtps_cpp' as default
[9.735s] -- Found image_transport: 5.1.5 (/opt/ros/jazzy/share/image_transport/cmake)
[9.780s] -- Found rclcpp_components: 28.1.6 (/opt/ros/jazzy/share/rclcpp_components/cmake)
[9.827s] -- Found stereo_msgs: 5.3.5 (/opt/ros/jazzy/share/stereo_msgs/cmake)
[9.872s] -- Found nav_msgs: 5.3.5 (/opt/ros/jazzy/share/nav_msgs/cmake)
[9.914s] -- Found tf2: 0.36.8 (/opt/ros/jazzy/share/tf2/cmake)
[9.925s] -- Found tf2_geometry_msgs: 0.36.8 (/opt/ros/jazzy/share/tf2_geometry_msgs/cmake)
[9.942s] -- Found eigen3_cmake_module: 0.3.0 (/opt/ros/jazzy/share/eigen3_cmake_module/cmake)
[9.944s] -- Found Eigen3: TRUE (found version "3.4.0") 
[9.944s] -- Ensuring Eigen3 include directory is part of orocos-kdl CMake target
[10.079s] -- Found laser_geometry: 2.7.0 (/opt/ros/jazzy/share/laser_geometry/cmake)
[10.088s] -- Found pcl_conversions: 2.6.2 (/opt/ros/jazzy/share/pcl_conversions/cmake)
[10.140s] -- Found pcl_ros: 2.6.2 (/opt/ros/jazzy/share/pcl_ros/cmake)
[10.171s] -- Found rtabmap_msgs: 0.21.10 (/home/zohaib/fyp_project_ws/install/rtabmap_msgs/share/rtabmap_msgs/cmake)
[10.249s] -- Found rtabmap_conversions: 0.21.10 (/home/zohaib/fyp_project_ws/install/rtabmap_conversions/share/rtabmap_conversions/cmake)
[10.284s] -- Found octomap_msgs: 2.0.1 (/opt/ros/jazzy/share/octomap_msgs/cmake)
[10.336s] [33mCMake Warning at CMakeLists.txt:32 (find_package):
[10.336s]   By not providing "Findgrid_map_ros.cmake" in CMAKE_MODULE_PATH this project
[10.336s]   has asked CMake to find a package configuration file provided by
[10.336s]   "grid_map_ros", but CMake did not find one.
[10.336s] 
[10.337s]   Could not find a package configuration file provided by "grid_map_ros" with
[10.337s]   any of the following names:
[10.337s] 
[10.337s]     grid_map_rosConfig.cmake
[10.337s]     grid_map_ros-config.cmake
[10.337s] 
[10.337s]   Add the installation prefix of "grid_map_ros" to CMAKE_PREFIX_PATH or set
[10.337s]   "grid_map_ros_DIR" to a directory containing one of the above files.  If
[10.337s]   "grid_map_ros" provides a separate development package or SDK, be sure it
[10.337s]   has been installed.
[10.337s] 
[10.338s] [0m
[10.338s] -- WITH octomap_msgs
[10.936s] -- Configuring done (10.9s)
[13.318s] -- Generating done (2.1s)
[13.638s] -- Build files have been written to: /home/zohaib/fyp_project_ws/build/rtabmap_util
[13.907s] Invoked command in '/home/zohaib/fyp_project_ws/build/rtabmap_util' returned '0': AMENT_PREFIX_PATH=/home/zohaib/fyp_project_ws/install/rtabmap_conversions:/home/zohaib/fyp_project_ws/install/rtabmap_msgs:${AMENT_PREFIX_PATH} CMAKE_PREFIX_PATH=/home/zohaib/fyp_project_ws/install/rtabmap_conversions:/home/zohaib/fyp_project_ws/install/rtabmap_msgs:/home/zohaib/ros2_ws/install/rplidar_ros:/opt/ros/jazzy/opt/gz_math_vendor:/opt/ros/jazzy/opt/gz_utils_vendor:/opt/ros/jazzy/opt/gz_cmake_vendor:/home/zohaib/ros2_ws/install/camera_processor:/home/zohaib/fyp_project_ws/install/slam_mapping:/home/zohaib/fyp_project_ws/install/pothole_detection:/home/zohaib/fyp_project_ws/install/imu_interface:/home/zohaib/fyp_project_ws/install/fyp_project:/home/zohaib/fyp_project_ws/install/azure_iot:/opt/ros/jazzy DEBUGINFOD_URLS=https://debuginfod.ubuntu.com LD_LIBRARY_PATH=/home/zohaib/fyp_project_ws/install/rtabmap_conversions/lib:/home/zohaib/fyp_project_ws/install/rtabmap_msgs/lib:${LD_LIBRARY_PATH} PYTHONPATH=/home/zohaib/fyp_project_ws/install/rtabmap_msgs/lib/python3.12/site-packages:${PYTHONPATH} /usr/bin/cmake /home/zohaib/fyp_project_ws/src/rtabmap_ros/rtabmap_util -DAMENT_CMAKE_SYMLINK_INSTALL=1 -DCMAKE_INSTALL_PREFIX=/home/zohaib/fyp_project_ws/install/rtabmap_util
[13.907s] Invoking command in '/home/zohaib/fyp_project_ws/build/rtabmap_util': AMENT_PREFIX_PATH=/home/zohaib/fyp_project_ws/install/rtabmap_conversions:/home/zohaib/fyp_project_ws/install/rtabmap_msgs:${AMENT_PREFIX_PATH} CMAKE_PREFIX_PATH=/home/zohaib/fyp_project_ws/install/rtabmap_conversions:/home/zohaib/fyp_project_ws/install/rtabmap_msgs:/home/zohaib/ros2_ws/install/rplidar_ros:/opt/ros/jazzy/opt/gz_math_vendor:/opt/ros/jazzy/opt/gz_utils_vendor:/opt/ros/jazzy/opt/gz_cmake_vendor:/home/zohaib/ros2_ws/install/camera_processor:/home/zohaib/fyp_project_ws/install/slam_mapping:/home/zohaib/fyp_project_ws/install/pothole_detection:/home/zohaib/fyp_project_ws/install/imu_interface:/home/zohaib/fyp_project_ws/install/fyp_project:/home/zohaib/fyp_project_ws/install/azure_iot:/opt/ros/jazzy DEBUGINFOD_URLS=https://debuginfod.ubuntu.com LD_LIBRARY_PATH=/home/zohaib/fyp_project_ws/install/rtabmap_conversions/lib:/home/zohaib/fyp_project_ws/install/rtabmap_msgs/lib:${LD_LIBRARY_PATH} PYTHONPATH=/home/zohaib/fyp_project_ws/install/rtabmap_msgs/lib/python3.12/site-packages:${PYTHONPATH} /usr/bin/cmake --build /home/zohaib/fyp_project_ws/build/rtabmap_util -- -j4 -l4
[14.108s] [  2%] [32mBuilding CXX object CMakeFiles/rtabmap_util_plugins.dir/src/nodelets/point_cloud_xyz.cpp.o[0m
[14.115s] [  5%] [32mBuilding CXX object CMakeFiles/rtabmap_util_plugins.dir/src/MapsManager.cpp.o[0m
[14.124s] [  7%] [32mBuilding CXX object CMakeFiles/rtabmap_util_plugins.dir/src/nodelets/point_cloud_xyzrgb.cpp.o[0m
[14.132s] [ 10%] [32mBuilding CXX object CMakeFiles/rtabmap_util_plugins.dir/src/nodelets/disparity_to_depth.cpp.o[0m
