[0.211s] DEBUG:colcon:Command line arguments: ['/usr/bin/colcon', 'build', '--symlink-install']
[0.211s] DEBUG:colcon:Parsed command line arguments: Namespace(log_base=None, log_level=None, verb_name='build', build_base='build', install_base='install', merge_install=False, symlink_install=True, test_result_base=None, continue_on_error=False, executor='parallel', parallel_workers=4, event_handlers=None, ignore_user_meta=False, metas=['./colcon.meta'], base_paths=['.'], packages_ignore=None, packages_ignore_regex=None, paths=None, packages_up_to=None, packages_up_to_regex=None, packages_above=None, packages_above_and_dependencies=None, packages_above_depth=None, packages_select_by_dep=None, packages_skip_by_dep=None, packages_skip_up_to=None, packages_select_build_failed=False, packages_skip_build_finished=False, packages_select_test_failures=False, packages_skip_test_passed=False, packages_select=None, packages_skip=None, packages_select_regex=None, packages_skip_regex=None, packages_start=None, packages_end=None, allow_overriding=[], cmake_args=None, cmake_target=None, cmake_target_skip_unavailable=False, cmake_clean_cache=False, cmake_clean_first=False, cmake_force_configure=False, ament_cmake_args=None, catkin_cmake_args=None, catkin_skip_building_tests=False, mixin_files=None, mixin=None, verb_parser=<colcon_mixin.mixin.mixin_argument.MixinArgumentDecorator object at 0xffffa71f3b60>, verb_extension=<colcon_core.verb.build.BuildVerb object at 0xffffa71f3800>, main=<bound method BuildVerb.main of <colcon_core.verb.build.BuildVerb object at 0xffffa71f3800>>, mixin_verb=('build',))
[0.283s] Level 1:colcon.colcon_core.package_discovery:discover_packages(colcon_meta) check parameters
[0.284s] Level 1:colcon.colcon_core.package_discovery:discover_packages(recursive) check parameters
[0.284s] Level 1:colcon.colcon_core.package_discovery:discover_packages(ignore) check parameters
[0.284s] Level 1:colcon.colcon_core.package_discovery:discover_packages(path) check parameters
[0.284s] Level 1:colcon.colcon_core.package_discovery:discover_packages(colcon_meta) discover
[0.284s] Level 1:colcon.colcon_core.package_discovery:discover_packages(recursive) discover
[0.284s] INFO:colcon.colcon_core.package_discovery:Crawling recursively for packages in '/home/zohaib/fyp_project_ws'
[0.284s] Level 1:colcon.colcon_core.package_identification:_identify(.) by extensions ['ignore', 'ignore_ament_install']
[0.284s] Level 1:colcon.colcon_core.package_identification:_identify(.) by extension 'ignore'
[0.284s] Level 1:colcon.colcon_core.package_identification:_identify(.) by extension 'ignore_ament_install'
[0.284s] Level 1:colcon.colcon_core.package_identification:_identify(.) by extensions ['colcon_pkg']
[0.284s] Level 1:colcon.colcon_core.package_identification:_identify(.) by extension 'colcon_pkg'
[0.284s] Level 1:colcon.colcon_core.package_identification:_identify(.) by extensions ['colcon_meta']
[0.284s] Level 1:colcon.colcon_core.package_identification:_identify(.) by extension 'colcon_meta'
[0.285s] Level 1:colcon.colcon_core.package_identification:_identify(.) by extensions ['ros']
[0.285s] Level 1:colcon.colcon_core.package_identification:_identify(.) by extension 'ros'
[0.323s] Level 1:colcon.colcon_core.package_identification:_identify(.) by extensions ['cmake', 'python']
[0.323s] Level 1:colcon.colcon_core.package_identification:_identify(.) by extension 'cmake'
[0.323s] Level 1:colcon.colcon_core.package_identification:_identify(.) by extension 'python'
[0.323s] Level 1:colcon.colcon_core.package_identification:_identify(.) by extensions ['python_setup_py']
[0.323s] Level 1:colcon.colcon_core.package_identification:_identify(.) by extension 'python_setup_py'
[0.324s] Level 1:colcon.colcon_core.package_identification:_identify(build) by extensions ['ignore', 'ignore_ament_install']
[0.324s] Level 1:colcon.colcon_core.package_identification:_identify(build) by extension 'ignore'
[0.324s] Level 1:colcon.colcon_core.package_identification:_identify(build) ignored
[0.324s] Level 1:colcon.colcon_core.package_identification:_identify(install) by extensions ['ignore', 'ignore_ament_install']
[0.324s] Level 1:colcon.colcon_core.package_identification:_identify(install) by extension 'ignore'
[0.324s] Level 1:colcon.colcon_core.package_identification:_identify(install) ignored
[0.324s] Level 1:colcon.colcon_core.package_identification:_identify(log) by extensions ['ignore', 'ignore_ament_install']
[0.324s] Level 1:colcon.colcon_core.package_identification:_identify(log) by extension 'ignore'
[0.324s] Level 1:colcon.colcon_core.package_identification:_identify(log) ignored
[0.324s] Level 1:colcon.colcon_core.package_identification:_identify(src) by extensions ['ignore', 'ignore_ament_install']
[0.325s] Level 1:colcon.colcon_core.package_identification:_identify(src) by extension 'ignore'
[0.325s] Level 1:colcon.colcon_core.package_identification:_identify(src) by extension 'ignore_ament_install'
[0.325s] Level 1:colcon.colcon_core.package_identification:_identify(src) by extensions ['colcon_pkg']
[0.325s] Level 1:colcon.colcon_core.package_identification:_identify(src) by extension 'colcon_pkg'
[0.325s] Level 1:colcon.colcon_core.package_identification:_identify(src) by extensions ['colcon_meta']
[0.325s] Level 1:colcon.colcon_core.package_identification:_identify(src) by extension 'colcon_meta'
[0.325s] Level 1:colcon.colcon_core.package_identification:_identify(src) by extensions ['ros']
[0.325s] Level 1:colcon.colcon_core.package_identification:_identify(src) by extension 'ros'
[0.325s] Level 1:colcon.colcon_core.package_identification:_identify(src) by extensions ['cmake', 'python']
[0.325s] Level 1:colcon.colcon_core.package_identification:_identify(src) by extension 'cmake'
[0.325s] Level 1:colcon.colcon_core.package_identification:_identify(src) by extension 'python'
[0.325s] Level 1:colcon.colcon_core.package_identification:_identify(src) by extensions ['python_setup_py']
[0.325s] Level 1:colcon.colcon_core.package_identification:_identify(src) by extension 'python_setup_py'
[0.325s] Level 1:colcon.colcon_core.package_identification:_identify(src/azure_iot) by extensions ['ignore', 'ignore_ament_install']
[0.325s] Level 1:colcon.colcon_core.package_identification:_identify(src/azure_iot) by extension 'ignore'
[0.325s] Level 1:colcon.colcon_core.package_identification:_identify(src/azure_iot) by extension 'ignore_ament_install'
[0.325s] Level 1:colcon.colcon_core.package_identification:_identify(src/azure_iot) by extensions ['colcon_pkg']
[0.325s] Level 1:colcon.colcon_core.package_identification:_identify(src/azure_iot) by extension 'colcon_pkg'
[0.325s] Level 1:colcon.colcon_core.package_identification:_identify(src/azure_iot) by extensions ['colcon_meta']
[0.325s] Level 1:colcon.colcon_core.package_identification:_identify(src/azure_iot) by extension 'colcon_meta'
[0.326s] Level 1:colcon.colcon_core.package_identification:_identify(src/azure_iot) by extensions ['ros']
[0.326s] Level 1:colcon.colcon_core.package_identification:_identify(src/azure_iot) by extension 'ros'
[0.329s] DEBUG:colcon.colcon_core.package_identification:Package 'src/azure_iot' with type 'ros.ament_python' and name 'azure_iot'
[0.329s] Level 1:colcon.colcon_core.package_identification:_identify(src/build) by extensions ['ignore', 'ignore_ament_install']
[0.329s] Level 1:colcon.colcon_core.package_identification:_identify(src/build) by extension 'ignore'
[0.329s] Level 1:colcon.colcon_core.package_identification:_identify(src/build) ignored
[0.329s] Level 1:colcon.colcon_core.package_identification:_identify(src/fyp_project) by extensions ['ignore', 'ignore_ament_install']
[0.329s] Level 1:colcon.colcon_core.package_identification:_identify(src/fyp_project) by extension 'ignore'
[0.329s] Level 1:colcon.colcon_core.package_identification:_identify(src/fyp_project) by extension 'ignore_ament_install'
[0.329s] Level 1:colcon.colcon_core.package_identification:_identify(src/fyp_project) by extensions ['colcon_pkg']
[0.330s] Level 1:colcon.colcon_core.package_identification:_identify(src/fyp_project) by extension 'colcon_pkg'
[0.330s] Level 1:colcon.colcon_core.package_identification:_identify(src/fyp_project) by extensions ['colcon_meta']
[0.330s] Level 1:colcon.colcon_core.package_identification:_identify(src/fyp_project) by extension 'colcon_meta'
[0.330s] Level 1:colcon.colcon_core.package_identification:_identify(src/fyp_project) by extensions ['ros']
[0.330s] Level 1:colcon.colcon_core.package_identification:_identify(src/fyp_project) by extension 'ros'
[0.330s] DEBUG:colcon.colcon_core.package_identification:Package 'src/fyp_project' with type 'ros.ament_python' and name 'fyp_project'
[0.330s] Level 1:colcon.colcon_core.package_identification:_identify(src/gps_interface) by extensions ['ignore', 'ignore_ament_install']
[0.331s] Level 1:colcon.colcon_core.package_identification:_identify(src/gps_interface) by extension 'ignore'
[0.331s] Level 1:colcon.colcon_core.package_identification:_identify(src/gps_interface) by extension 'ignore_ament_install'
[0.331s] Level 1:colcon.colcon_core.package_identification:_identify(src/gps_interface) by extensions ['colcon_pkg']
[0.331s] Level 1:colcon.colcon_core.package_identification:_identify(src/gps_interface) by extension 'colcon_pkg'
[0.331s] Level 1:colcon.colcon_core.package_identification:_identify(src/gps_interface) by extensions ['colcon_meta']
[0.331s] Level 1:colcon.colcon_core.package_identification:_identify(src/gps_interface) by extension 'colcon_meta'
[0.331s] Level 1:colcon.colcon_core.package_identification:_identify(src/gps_interface) by extensions ['ros']
[0.331s] Level 1:colcon.colcon_core.package_identification:_identify(src/gps_interface) by extension 'ros'
[0.331s] DEBUG:colcon.colcon_core.package_identification:Package 'src/gps_interface' with type 'ros.ament_python' and name 'gps_interface'
[0.332s] Level 1:colcon.colcon_core.package_identification:_identify(src/imu_interface) by extensions ['ignore', 'ignore_ament_install']
[0.332s] Level 1:colcon.colcon_core.package_identification:_identify(src/imu_interface) by extension 'ignore'
[0.332s] Level 1:colcon.colcon_core.package_identification:_identify(src/imu_interface) by extension 'ignore_ament_install'
[0.332s] Level 1:colcon.colcon_core.package_identification:_identify(src/imu_interface) by extensions ['colcon_pkg']
[0.332s] Level 1:colcon.colcon_core.package_identification:_identify(src/imu_interface) by extension 'colcon_pkg'
[0.332s] Level 1:colcon.colcon_core.package_identification:_identify(src/imu_interface) by extensions ['colcon_meta']
[0.332s] Level 1:colcon.colcon_core.package_identification:_identify(src/imu_interface) by extension 'colcon_meta'
[0.332s] Level 1:colcon.colcon_core.package_identification:_identify(src/imu_interface) by extensions ['ros']
[0.332s] Level 1:colcon.colcon_core.package_identification:_identify(src/imu_interface) by extension 'ros'
[0.333s] DEBUG:colcon.colcon_core.package_identification:Package 'src/imu_interface' with type 'ros.ament_python' and name 'imu_interface'
[0.333s] Level 1:colcon.colcon_core.package_identification:_identify(src/install) by extensions ['ignore', 'ignore_ament_install']
[0.333s] Level 1:colcon.colcon_core.package_identification:_identify(src/install) by extension 'ignore'
[0.333s] Level 1:colcon.colcon_core.package_identification:_identify(src/install) ignored
[0.333s] Level 1:colcon.colcon_core.package_identification:_identify(src/log) by extensions ['ignore', 'ignore_ament_install']
[0.333s] Level 1:colcon.colcon_core.package_identification:_identify(src/log) by extension 'ignore'
[0.333s] Level 1:colcon.colcon_core.package_identification:_identify(src/log) ignored
[0.333s] Level 1:colcon.colcon_core.package_identification:_identify(src/pothole_detection) by extensions ['ignore', 'ignore_ament_install']
[0.333s] Level 1:colcon.colcon_core.package_identification:_identify(src/pothole_detection) by extension 'ignore'
[0.333s] Level 1:colcon.colcon_core.package_identification:_identify(src/pothole_detection) by extension 'ignore_ament_install'
[0.334s] Level 1:colcon.colcon_core.package_identification:_identify(src/pothole_detection) by extensions ['colcon_pkg']
[0.334s] Level 1:colcon.colcon_core.package_identification:_identify(src/pothole_detection) by extension 'colcon_pkg'
[0.334s] Level 1:colcon.colcon_core.package_identification:_identify(src/pothole_detection) by extensions ['colcon_meta']
[0.334s] Level 1:colcon.colcon_core.package_identification:_identify(src/pothole_detection) by extension 'colcon_meta'
[0.334s] Level 1:colcon.colcon_core.package_identification:_identify(src/pothole_detection) by extensions ['ros']
[0.334s] Level 1:colcon.colcon_core.package_identification:_identify(src/pothole_detection) by extension 'ros'
[0.334s] DEBUG:colcon.colcon_core.package_identification:Package 'src/pothole_detection' with type 'ros.ament_python' and name 'pothole_detection'
[0.334s] Level 1:colcon.colcon_core.package_identification:_identify(src/slam_mapping) by extensions ['ignore', 'ignore_ament_install']
[0.335s] Level 1:colcon.colcon_core.package_identification:_identify(src/slam_mapping) by extension 'ignore'
[0.335s] Level 1:colcon.colcon_core.package_identification:_identify(src/slam_mapping) by extension 'ignore_ament_install'
[0.335s] Level 1:colcon.colcon_core.package_identification:_identify(src/slam_mapping) by extensions ['colcon_pkg']
[0.335s] Level 1:colcon.colcon_core.package_identification:_identify(src/slam_mapping) by extension 'colcon_pkg'
[0.335s] Level 1:colcon.colcon_core.package_identification:_identify(src/slam_mapping) by extensions ['colcon_meta']
[0.335s] Level 1:colcon.colcon_core.package_identification:_identify(src/slam_mapping) by extension 'colcon_meta'
[0.335s] Level 1:colcon.colcon_core.package_identification:_identify(src/slam_mapping) by extensions ['ros']
[0.335s] Level 1:colcon.colcon_core.package_identification:_identify(src/slam_mapping) by extension 'ros'
[0.335s] DEBUG:colcon.colcon_core.package_identification:Package 'src/slam_mapping' with type 'ros.ament_python' and name 'slam_mapping'
[0.335s] Level 1:colcon.colcon_core.package_discovery:discover_packages(recursive) using defaults
[0.336s] Level 1:colcon.colcon_core.package_discovery:discover_packages(ignore) discover
[0.336s] Level 1:colcon.colcon_core.package_discovery:discover_packages(ignore) using defaults
[0.336s] Level 1:colcon.colcon_core.package_discovery:discover_packages(path) discover
[0.336s] Level 1:colcon.colcon_core.package_discovery:discover_packages(path) using defaults
[0.362s] Level 1:colcon.colcon_core.package_discovery:discover_packages(prefix_path) check parameters
[0.362s] Level 1:colcon.colcon_core.package_discovery:discover_packages(prefix_path) discover
[0.363s] WARNING:colcon.colcon_ros.prefix_path.ament:The path '/home/zohaib/fyp_project_ws/install/rtabmap_python' in the environment variable AMENT_PREFIX_PATH doesn't exist
[0.363s] WARNING:colcon.colcon_ros.prefix_path.ament:The path '/home/zohaib/fyp_project_ws/install/rtabmap_conversions' in the environment variable AMENT_PREFIX_PATH doesn't exist
[0.363s] WARNING:colcon.colcon_ros.prefix_path.ament:The path '/home/zohaib/fyp_project_ws/install/rtabmap_msgs' in the environment variable AMENT_PREFIX_PATH doesn't exist
[0.364s] WARNING:colcon.colcon_ros.prefix_path.catkin:The path '/home/zohaib/fyp_project_ws/install/rtabmap_conversions' in the environment variable CMAKE_PREFIX_PATH doesn't exist
[0.364s] WARNING:colcon.colcon_ros.prefix_path.catkin:The path '/home/zohaib/fyp_project_ws/install/rtabmap_msgs' in the environment variable CMAKE_PREFIX_PATH doesn't exist
[0.366s] DEBUG:colcon.colcon_installed_package_information.package_discovery:Found 6 installed packages in /home/zohaib/fyp_project_ws/install
[0.367s] DEBUG:colcon.colcon_installed_package_information.package_discovery:Found 3 installed packages in /home/zohaib/ros2_ws/install
[0.370s] DEBUG:colcon.colcon_installed_package_information.package_discovery:Found 328 installed packages in /opt/ros/jazzy
[0.375s] Level 1:colcon.colcon_core.package_discovery:discover_packages(prefix_path) using defaults
[0.440s] Level 5:colcon.colcon_core.verb:set package 'azure_iot' build argument 'cmake_args' from command line to 'None'
[0.441s] Level 5:colcon.colcon_core.verb:set package 'azure_iot' build argument 'cmake_target' from command line to 'None'
[0.441s] Level 5:colcon.colcon_core.verb:set package 'azure_iot' build argument 'cmake_target_skip_unavailable' from command line to 'False'
[0.441s] Level 5:colcon.colcon_core.verb:set package 'azure_iot' build argument 'cmake_clean_cache' from command line to 'False'
[0.441s] Level 5:colcon.colcon_core.verb:set package 'azure_iot' build argument 'cmake_clean_first' from command line to 'False'
[0.441s] Level 5:colcon.colcon_core.verb:set package 'azure_iot' build argument 'cmake_force_configure' from command line to 'False'
[0.441s] Level 5:colcon.colcon_core.verb:set package 'azure_iot' build argument 'ament_cmake_args' from command line to 'None'
[0.441s] Level 5:colcon.colcon_core.verb:set package 'azure_iot' build argument 'catkin_cmake_args' from command line to 'None'
[0.441s] Level 5:colcon.colcon_core.verb:set package 'azure_iot' build argument 'catkin_skip_building_tests' from command line to 'False'
[0.441s] DEBUG:colcon.colcon_core.verb:Building package 'azure_iot' with the following arguments: {'ament_cmake_args': None, 'build_base': '/home/zohaib/fyp_project_ws/build/azure_iot', 'catkin_cmake_args': None, 'catkin_skip_building_tests': False, 'cmake_args': None, 'cmake_clean_cache': False, 'cmake_clean_first': False, 'cmake_force_configure': False, 'cmake_target': None, 'cmake_target_skip_unavailable': False, 'install_base': '/home/zohaib/fyp_project_ws/install/azure_iot', 'merge_install': False, 'path': '/home/zohaib/fyp_project_ws/src/azure_iot', 'symlink_install': True, 'test_result_base': None}
[0.441s] Level 5:colcon.colcon_core.verb:set package 'fyp_project' build argument 'cmake_args' from command line to 'None'
[0.441s] Level 5:colcon.colcon_core.verb:set package 'fyp_project' build argument 'cmake_target' from command line to 'None'
[0.441s] Level 5:colcon.colcon_core.verb:set package 'fyp_project' build argument 'cmake_target_skip_unavailable' from command line to 'False'
[0.441s] Level 5:colcon.colcon_core.verb:set package 'fyp_project' build argument 'cmake_clean_cache' from command line to 'False'
[0.441s] Level 5:colcon.colcon_core.verb:set package 'fyp_project' build argument 'cmake_clean_first' from command line to 'False'
[0.441s] Level 5:colcon.colcon_core.verb:set package 'fyp_project' build argument 'cmake_force_configure' from command line to 'False'
[0.441s] Level 5:colcon.colcon_core.verb:set package 'fyp_project' build argument 'ament_cmake_args' from command line to 'None'
[0.441s] Level 5:colcon.colcon_core.verb:set package 'fyp_project' build argument 'catkin_cmake_args' from command line to 'None'
[0.441s] Level 5:colcon.colcon_core.verb:set package 'fyp_project' build argument 'catkin_skip_building_tests' from command line to 'False'
[0.441s] DEBUG:colcon.colcon_core.verb:Building package 'fyp_project' with the following arguments: {'ament_cmake_args': None, 'build_base': '/home/zohaib/fyp_project_ws/build/fyp_project', 'catkin_cmake_args': None, 'catkin_skip_building_tests': False, 'cmake_args': None, 'cmake_clean_cache': False, 'cmake_clean_first': False, 'cmake_force_configure': False, 'cmake_target': None, 'cmake_target_skip_unavailable': False, 'install_base': '/home/zohaib/fyp_project_ws/install/fyp_project', 'merge_install': False, 'path': '/home/zohaib/fyp_project_ws/src/fyp_project', 'symlink_install': True, 'test_result_base': None}
[0.442s] Level 5:colcon.colcon_core.verb:set package 'gps_interface' build argument 'cmake_args' from command line to 'None'
[0.442s] Level 5:colcon.colcon_core.verb:set package 'gps_interface' build argument 'cmake_target' from command line to 'None'
[0.442s] Level 5:colcon.colcon_core.verb:set package 'gps_interface' build argument 'cmake_target_skip_unavailable' from command line to 'False'
[0.442s] Level 5:colcon.colcon_core.verb:set package 'gps_interface' build argument 'cmake_clean_cache' from command line to 'False'
[0.442s] Level 5:colcon.colcon_core.verb:set package 'gps_interface' build argument 'cmake_clean_first' from command line to 'False'
[0.442s] Level 5:colcon.colcon_core.verb:set package 'gps_interface' build argument 'cmake_force_configure' from command line to 'False'
[0.442s] Level 5:colcon.colcon_core.verb:set package 'gps_interface' build argument 'ament_cmake_args' from command line to 'None'
[0.442s] Level 5:colcon.colcon_core.verb:set package 'gps_interface' build argument 'catkin_cmake_args' from command line to 'None'
[0.442s] Level 5:colcon.colcon_core.verb:set package 'gps_interface' build argument 'catkin_skip_building_tests' from command line to 'False'
[0.442s] DEBUG:colcon.colcon_core.verb:Building package 'gps_interface' with the following arguments: {'ament_cmake_args': None, 'build_base': '/home/zohaib/fyp_project_ws/build/gps_interface', 'catkin_cmake_args': None, 'catkin_skip_building_tests': False, 'cmake_args': None, 'cmake_clean_cache': False, 'cmake_clean_first': False, 'cmake_force_configure': False, 'cmake_target': None, 'cmake_target_skip_unavailable': False, 'install_base': '/home/zohaib/fyp_project_ws/install/gps_interface', 'merge_install': False, 'path': '/home/zohaib/fyp_project_ws/src/gps_interface', 'symlink_install': True, 'test_result_base': None}
[0.442s] Level 5:colcon.colcon_core.verb:set package 'imu_interface' build argument 'cmake_args' from command line to 'None'
[0.442s] Level 5:colcon.colcon_core.verb:set package 'imu_interface' build argument 'cmake_target' from command line to 'None'
[0.442s] Level 5:colcon.colcon_core.verb:set package 'imu_interface' build argument 'cmake_target_skip_unavailable' from command line to 'False'
[0.442s] Level 5:colcon.colcon_core.verb:set package 'imu_interface' build argument 'cmake_clean_cache' from command line to 'False'
[0.442s] Level 5:colcon.colcon_core.verb:set package 'imu_interface' build argument 'cmake_clean_first' from command line to 'False'
[0.442s] Level 5:colcon.colcon_core.verb:set package 'imu_interface' build argument 'cmake_force_configure' from command line to 'False'
[0.443s] Level 5:colcon.colcon_core.verb:set package 'imu_interface' build argument 'ament_cmake_args' from command line to 'None'
[0.443s] Level 5:colcon.colcon_core.verb:set package 'imu_interface' build argument 'catkin_cmake_args' from command line to 'None'
[0.443s] Level 5:colcon.colcon_core.verb:set package 'imu_interface' build argument 'catkin_skip_building_tests' from command line to 'False'
[0.443s] DEBUG:colcon.colcon_core.verb:Building package 'imu_interface' with the following arguments: {'ament_cmake_args': None, 'build_base': '/home/zohaib/fyp_project_ws/build/imu_interface', 'catkin_cmake_args': None, 'catkin_skip_building_tests': False, 'cmake_args': None, 'cmake_clean_cache': False, 'cmake_clean_first': False, 'cmake_force_configure': False, 'cmake_target': None, 'cmake_target_skip_unavailable': False, 'install_base': '/home/zohaib/fyp_project_ws/install/imu_interface', 'merge_install': False, 'path': '/home/zohaib/fyp_project_ws/src/imu_interface', 'symlink_install': True, 'test_result_base': None}
[0.443s] Level 5:colcon.colcon_core.verb:set package 'pothole_detection' build argument 'cmake_args' from command line to 'None'
[0.443s] Level 5:colcon.colcon_core.verb:set package 'pothole_detection' build argument 'cmake_target' from command line to 'None'
[0.443s] Level 5:colcon.colcon_core.verb:set package 'pothole_detection' build argument 'cmake_target_skip_unavailable' from command line to 'False'
[0.443s] Level 5:colcon.colcon_core.verb:set package 'pothole_detection' build argument 'cmake_clean_cache' from command line to 'False'
[0.443s] Level 5:colcon.colcon_core.verb:set package 'pothole_detection' build argument 'cmake_clean_first' from command line to 'False'
[0.443s] Level 5:colcon.colcon_core.verb:set package 'pothole_detection' build argument 'cmake_force_configure' from command line to 'False'
[0.443s] Level 5:colcon.colcon_core.verb:set package 'pothole_detection' build argument 'ament_cmake_args' from command line to 'None'
[0.443s] Level 5:colcon.colcon_core.verb:set package 'pothole_detection' build argument 'catkin_cmake_args' from command line to 'None'
[0.443s] Level 5:colcon.colcon_core.verb:set package 'pothole_detection' build argument 'catkin_skip_building_tests' from command line to 'False'
[0.443s] DEBUG:colcon.colcon_core.verb:Building package 'pothole_detection' with the following arguments: {'ament_cmake_args': None, 'build_base': '/home/zohaib/fyp_project_ws/build/pothole_detection', 'catkin_cmake_args': None, 'catkin_skip_building_tests': False, 'cmake_args': None, 'cmake_clean_cache': False, 'cmake_clean_first': False, 'cmake_force_configure': False, 'cmake_target': None, 'cmake_target_skip_unavailable': False, 'install_base': '/home/zohaib/fyp_project_ws/install/pothole_detection', 'merge_install': False, 'path': '/home/zohaib/fyp_project_ws/src/pothole_detection', 'symlink_install': True, 'test_result_base': None}
[0.443s] Level 5:colcon.colcon_core.verb:set package 'slam_mapping' build argument 'cmake_args' from command line to 'None'
[0.443s] Level 5:colcon.colcon_core.verb:set package 'slam_mapping' build argument 'cmake_target' from command line to 'None'
[0.443s] Level 5:colcon.colcon_core.verb:set package 'slam_mapping' build argument 'cmake_target_skip_unavailable' from command line to 'False'
[0.443s] Level 5:colcon.colcon_core.verb:set package 'slam_mapping' build argument 'cmake_clean_cache' from command line to 'False'
[0.443s] Level 5:colcon.colcon_core.verb:set package 'slam_mapping' build argument 'cmake_clean_first' from command line to 'False'
[0.444s] Level 5:colcon.colcon_core.verb:set package 'slam_mapping' build argument 'cmake_force_configure' from command line to 'False'
[0.444s] Level 5:colcon.colcon_core.verb:set package 'slam_mapping' build argument 'ament_cmake_args' from command line to 'None'
[0.444s] Level 5:colcon.colcon_core.verb:set package 'slam_mapping' build argument 'catkin_cmake_args' from command line to 'None'
[0.444s] Level 5:colcon.colcon_core.verb:set package 'slam_mapping' build argument 'catkin_skip_building_tests' from command line to 'False'
[0.444s] DEBUG:colcon.colcon_core.verb:Building package 'slam_mapping' with the following arguments: {'ament_cmake_args': None, 'build_base': '/home/zohaib/fyp_project_ws/build/slam_mapping', 'catkin_cmake_args': None, 'catkin_skip_building_tests': False, 'cmake_args': None, 'cmake_clean_cache': False, 'cmake_clean_first': False, 'cmake_force_configure': False, 'cmake_target': None, 'cmake_target_skip_unavailable': False, 'install_base': '/home/zohaib/fyp_project_ws/install/slam_mapping', 'merge_install': False, 'path': '/home/zohaib/fyp_project_ws/src/slam_mapping', 'symlink_install': True, 'test_result_base': None}
[0.444s] INFO:colcon.colcon_core.executor:Executing jobs using 'parallel' executor
[0.445s] DEBUG:colcon.colcon_parallel_executor.executor.parallel:run_until_complete
[0.445s] INFO:colcon.colcon_ros.task.ament_python.build:Building ROS package in '/home/zohaib/fyp_project_ws/src/azure_iot' with build type 'ament_python'
[0.446s] Level 1:colcon.colcon_core.shell:create_environment_hook('azure_iot', 'ament_prefix_path')
[0.450s] INFO:colcon.colcon_core.plugin_system:Skipping extension 'colcon_core.shell.bat': Not used on non-Windows systems
[0.450s] INFO:colcon.colcon_core.shell:Creating environment hook '/home/zohaib/fyp_project_ws/install/azure_iot/share/azure_iot/hook/ament_prefix_path.ps1'
[0.452s] INFO:colcon.colcon_core.shell:Creating environment descriptor '/home/zohaib/fyp_project_ws/install/azure_iot/share/azure_iot/hook/ament_prefix_path.dsv'
[0.459s] INFO:colcon.colcon_core.shell:Creating environment hook '/home/zohaib/fyp_project_ws/install/azure_iot/share/azure_iot/hook/ament_prefix_path.sh'
[0.460s] INFO:colcon.colcon_core.shell:Skip shell extension 'powershell' for command environment: Not usable outside of PowerShell
[0.460s] DEBUG:colcon.colcon_core.shell:Skip shell extension 'dsv' for command environment
[0.466s] INFO:colcon.colcon_ros.task.ament_python.build:Building ROS package in '/home/zohaib/fyp_project_ws/src/fyp_project' with build type 'ament_python'
[0.466s] Level 1:colcon.colcon_core.shell:create_environment_hook('fyp_project', 'ament_prefix_path')
[0.466s] INFO:colcon.colcon_core.shell:Creating environment hook '/home/zohaib/fyp_project_ws/install/fyp_project/share/fyp_project/hook/ament_prefix_path.ps1'
[0.468s] INFO:colcon.colcon_core.shell:Creating environment descriptor '/home/zohaib/fyp_project_ws/install/fyp_project/share/fyp_project/hook/ament_prefix_path.dsv'
[0.468s] INFO:colcon.colcon_core.shell:Creating environment hook '/home/zohaib/fyp_project_ws/install/fyp_project/share/fyp_project/hook/ament_prefix_path.sh'
[0.470s] INFO:colcon.colcon_core.shell:Skip shell extension 'powershell' for command environment: Not usable outside of PowerShell
[0.470s] DEBUG:colcon.colcon_core.shell:Skip shell extension 'dsv' for command environment
[0.480s] INFO:colcon.colcon_ros.task.ament_python.build:Building ROS package in '/home/zohaib/fyp_project_ws/src/gps_interface' with build type 'ament_python'
[0.480s] Level 1:colcon.colcon_core.shell:create_environment_hook('gps_interface', 'ament_prefix_path')
[0.480s] INFO:colcon.colcon_core.shell:Creating environment hook '/home/zohaib/fyp_project_ws/install/gps_interface/share/gps_interface/hook/ament_prefix_path.ps1'
[0.482s] INFO:colcon.colcon_core.shell:Creating environment descriptor '/home/zohaib/fyp_project_ws/install/gps_interface/share/gps_interface/hook/ament_prefix_path.dsv'
[0.482s] INFO:colcon.colcon_core.shell:Creating environment hook '/home/zohaib/fyp_project_ws/install/gps_interface/share/gps_interface/hook/ament_prefix_path.sh'
[0.484s] INFO:colcon.colcon_core.shell:Skip shell extension 'powershell' for command environment: Not usable outside of PowerShell
[0.484s] DEBUG:colcon.colcon_core.shell:Skip shell extension 'dsv' for command environment
[0.491s] INFO:colcon.colcon_ros.task.ament_python.build:Building ROS package in '/home/zohaib/fyp_project_ws/src/imu_interface' with build type 'ament_python'
[0.492s] Level 1:colcon.colcon_core.shell:create_environment_hook('imu_interface', 'ament_prefix_path')
[0.493s] INFO:colcon.colcon_core.shell:Creating environment hook '/home/zohaib/fyp_project_ws/install/imu_interface/share/imu_interface/hook/ament_prefix_path.ps1'
[0.495s] INFO:colcon.colcon_core.shell:Creating environment descriptor '/home/zohaib/fyp_project_ws/install/imu_interface/share/imu_interface/hook/ament_prefix_path.dsv'
[0.495s] INFO:colcon.colcon_core.shell:Creating environment hook '/home/zohaib/fyp_project_ws/install/imu_interface/share/imu_interface/hook/ament_prefix_path.sh'
[0.497s] INFO:colcon.colcon_core.shell:Skip shell extension 'powershell' for command environment: Not usable outside of PowerShell
[0.497s] DEBUG:colcon.colcon_core.shell:Skip shell extension 'dsv' for command environment
[0.875s] INFO:colcon.colcon_core.task.python.build:Building Python package in '/home/zohaib/fyp_project_ws/src/azure_iot'
[0.875s] INFO:colcon.colcon_core.shell:Skip shell extension 'powershell' for command environment: Not usable outside of PowerShell
[0.875s] DEBUG:colcon.colcon_core.shell:Skip shell extension 'dsv' for command environment
[1.243s] INFO:colcon.colcon_core.task.python.build:Building Python package in '/home/zohaib/fyp_project_ws/src/fyp_project'
[1.243s] INFO:colcon.colcon_core.shell:Skip shell extension 'powershell' for command environment: Not usable outside of PowerShell
[1.243s] DEBUG:colcon.colcon_core.shell:Skip shell extension 'dsv' for command environment
[1.610s] INFO:colcon.colcon_core.task.python.build:Building Python package in '/home/zohaib/fyp_project_ws/src/gps_interface'
[1.610s] INFO:colcon.colcon_core.shell:Skip shell extension 'powershell' for command environment: Not usable outside of PowerShell
[1.610s] DEBUG:colcon.colcon_core.shell:Skip shell extension 'dsv' for command environment
[1.987s] INFO:colcon.colcon_core.task.python.build:Building Python package in '/home/zohaib/fyp_project_ws/src/imu_interface'
[1.988s] INFO:colcon.colcon_core.shell:Skip shell extension 'powershell' for command environment: Not usable outside of PowerShell
[1.988s] DEBUG:colcon.colcon_core.shell:Skip shell extension 'dsv' for command environment
[3.375s] DEBUG:colcon.colcon_core.event_handler.log_command:Invoking command in '/home/zohaib/fyp_project_ws/build/azure_iot': DEBUGINFOD_URLS=https://debuginfod.ubuntu.com PYTHONPATH=/home/zohaib/fyp_project_ws/build/azure_iot/prefix_override:/usr/lib/python3/dist-packages/colcon_core/task/python/colcon_distutils_commands:/home/zohaib/fyp_project_ws/install/azure_iot/lib/python3.12/site-packages:${PYTHONPATH} /usr/bin/python3 -W ignore:setup.py install is deprecated -W ignore:easy_install command is deprecated setup.py develop --editable --build-directory /home/zohaib/fyp_project_ws/build/azure_iot/build --no-deps symlink_data
[3.503s] DEBUG:colcon.colcon_core.event_handler.log_command:Invoking command in '/home/zohaib/fyp_project_ws/build/imu_interface': DEBUGINFOD_URLS=https://debuginfod.ubuntu.com PYTHONPATH=/home/zohaib/fyp_project_ws/build/imu_interface/prefix_override:/usr/lib/python3/dist-packages/colcon_core/task/python/colcon_distutils_commands:/home/zohaib/fyp_project_ws/install/imu_interface/lib/python3.12/site-packages:${PYTHONPATH} /usr/bin/python3 -W ignore:setup.py install is deprecated -W ignore:easy_install command is deprecated setup.py develop --editable --build-directory /home/zohaib/fyp_project_ws/build/imu_interface/build --no-deps symlink_data
[3.522s] DEBUG:colcon.colcon_core.event_handler.log_command:Invoking command in '/home/zohaib/fyp_project_ws/build/fyp_project': DEBUGINFOD_URLS=https://debuginfod.ubuntu.com PYTHONPATH=/home/zohaib/fyp_project_ws/build/fyp_project/prefix_override:/usr/lib/python3/dist-packages/colcon_core/task/python/colcon_distutils_commands:/home/zohaib/fyp_project_ws/install/fyp_project/lib/python3.12/site-packages:${PYTHONPATH} /usr/bin/python3 -W ignore:setup.py install is deprecated -W ignore:easy_install command is deprecated setup.py develop --editable --build-directory /home/zohaib/fyp_project_ws/build/fyp_project/build --no-deps symlink_data
[3.526s] DEBUG:colcon.colcon_core.event_handler.log_command:Invoking command in '/home/zohaib/fyp_project_ws/build/gps_interface': DEBUGINFOD_URLS=https://debuginfod.ubuntu.com PYTHONPATH=/home/zohaib/fyp_project_ws/build/gps_interface/prefix_override:/usr/lib/python3/dist-packages/colcon_core/task/python/colcon_distutils_commands:/home/zohaib/fyp_project_ws/install/gps_interface/lib/python3.12/site-packages:${PYTHONPATH} /usr/bin/python3 -W ignore:setup.py install is deprecated -W ignore:easy_install command is deprecated setup.py develop --editable --build-directory /home/zohaib/fyp_project_ws/build/gps_interface/build --no-deps symlink_data
[4.785s] Level 1:colcon.colcon_core.shell:create_environment_hook('gps_interface', 'pythonpath_develop')
[4.786s] INFO:colcon.colcon_core.shell:Creating environment hook '/home/zohaib/fyp_project_ws/build/gps_interface/share/gps_interface/hook/pythonpath_develop.ps1'
[4.792s] INFO:colcon.colcon_core.shell:Creating environment descriptor '/home/zohaib/fyp_project_ws/build/gps_interface/share/gps_interface/hook/pythonpath_develop.dsv'
[4.790s] DEBUG:colcon.colcon_core.event_handler.log_command:Invoked command in '/home/zohaib/fyp_project_ws/build/gps_interface' returned '0': DEBUGINFOD_URLS=https://debuginfod.ubuntu.com PYTHONPATH=/home/zohaib/fyp_project_ws/build/gps_interface/prefix_override:/usr/lib/python3/dist-packages/colcon_core/task/python/colcon_distutils_commands:/home/zohaib/fyp_project_ws/install/gps_interface/lib/python3.12/site-packages:${PYTHONPATH} /usr/bin/python3 -W ignore:setup.py install is deprecated -W ignore:easy_install command is deprecated setup.py develop --editable --build-directory /home/zohaib/fyp_project_ws/build/gps_interface/build --no-deps symlink_data
[4.798s] INFO:colcon.colcon_core.shell:Creating environment hook '/home/zohaib/fyp_project_ws/build/gps_interface/share/gps_interface/hook/pythonpath_develop.sh'
[4.810s] Level 1:colcon.colcon_core.environment:checking '/home/zohaib/fyp_project_ws/install/gps_interface' for CMake module files
[4.811s] Level 1:colcon.colcon_core.environment:checking '/home/zohaib/fyp_project_ws/install/gps_interface' for CMake config files
[4.813s] Level 1:colcon.colcon_core.environment:checking '/home/zohaib/fyp_project_ws/install/gps_interface/lib'
[4.814s] Level 1:colcon.colcon_core.environment:checking '/home/zohaib/fyp_project_ws/install/gps_interface/bin'
[4.814s] Level 1:colcon.colcon_core.environment:checking '/home/zohaib/fyp_project_ws/install/gps_interface/lib/pkgconfig/gps_interface.pc'
[4.815s] Level 1:colcon.colcon_core.environment:checking '/home/zohaib/fyp_project_ws/install/gps_interface/lib/python3.12/site-packages'
[4.815s] Level 1:colcon.colcon_core.shell:create_environment_hook('gps_interface', 'pythonpath')
[4.816s] INFO:colcon.colcon_core.shell:Creating environment hook '/home/zohaib/fyp_project_ws/install/gps_interface/share/gps_interface/hook/pythonpath.ps1'
[4.817s] INFO:colcon.colcon_core.shell:Creating environment descriptor '/home/zohaib/fyp_project_ws/install/gps_interface/share/gps_interface/hook/pythonpath.dsv'
[4.820s] INFO:colcon.colcon_core.shell:Creating environment hook '/home/zohaib/fyp_project_ws/install/gps_interface/share/gps_interface/hook/pythonpath.sh'
[4.822s] Level 1:colcon.colcon_core.environment:checking '/home/zohaib/fyp_project_ws/install/gps_interface/bin'
[4.823s] Level 1:colcon.colcon_core.environment:create_environment_scripts_only(gps_interface)
[4.824s] INFO:colcon.colcon_core.shell:Creating package script '/home/zohaib/fyp_project_ws/install/gps_interface/share/gps_interface/package.ps1'
[4.826s] INFO:colcon.colcon_core.shell:Creating package descriptor '/home/zohaib/fyp_project_ws/install/gps_interface/share/gps_interface/package.dsv'
[4.831s] INFO:colcon.colcon_core.shell:Creating package script '/home/zohaib/fyp_project_ws/install/gps_interface/share/gps_interface/package.sh'
[4.835s] INFO:colcon.colcon_core.shell:Creating package script '/home/zohaib/fyp_project_ws/install/gps_interface/share/gps_interface/package.bash'
[4.839s] INFO:colcon.colcon_core.shell:Creating package script '/home/zohaib/fyp_project_ws/install/gps_interface/share/gps_interface/package.zsh'
[4.846s] Level 1:colcon.colcon_core.environment:create_file_with_runtime_dependencies(/home/zohaib/fyp_project_ws/install/gps_interface/share/colcon-core/packages/gps_interface)
[4.850s] INFO:colcon.colcon_ros.task.ament_python.build:Building ROS package in '/home/zohaib/fyp_project_ws/src/pothole_detection' with build type 'ament_python'
[4.851s] Level 1:colcon.colcon_core.shell:create_environment_hook('pothole_detection', 'ament_prefix_path')
[4.852s] INFO:colcon.colcon_core.shell:Creating environment hook '/home/zohaib/fyp_project_ws/install/pothole_detection/share/pothole_detection/hook/ament_prefix_path.ps1'
[4.854s] INFO:colcon.colcon_core.shell:Creating environment descriptor '/home/zohaib/fyp_project_ws/install/pothole_detection/share/pothole_detection/hook/ament_prefix_path.dsv'
[4.858s] INFO:colcon.colcon_core.shell:Creating environment hook '/home/zohaib/fyp_project_ws/install/pothole_detection/share/pothole_detection/hook/ament_prefix_path.sh'
[4.865s] INFO:colcon.colcon_core.shell:Skip shell extension 'powershell' for command environment: Not usable outside of PowerShell
[4.865s] DEBUG:colcon.colcon_core.shell:Skip shell extension 'dsv' for command environment
[4.879s] Level 1:colcon.colcon_core.shell:create_environment_hook('imu_interface', 'pythonpath_develop')
[4.881s] INFO:colcon.colcon_core.shell:Creating environment hook '/home/zohaib/fyp_project_ws/build/imu_interface/share/imu_interface/hook/pythonpath_develop.ps1'
[4.880s] DEBUG:colcon.colcon_core.event_handler.log_command:Invoked command in '/home/zohaib/fyp_project_ws/build/imu_interface' returned '0': DEBUGINFOD_URLS=https://debuginfod.ubuntu.com PYTHONPATH=/home/zohaib/fyp_project_ws/build/imu_interface/prefix_override:/usr/lib/python3/dist-packages/colcon_core/task/python/colcon_distutils_commands:/home/zohaib/fyp_project_ws/install/imu_interface/lib/python3.12/site-packages:${PYTHONPATH} /usr/bin/python3 -W ignore:setup.py install is deprecated -W ignore:easy_install command is deprecated setup.py develop --editable --build-directory /home/zohaib/fyp_project_ws/build/imu_interface/build --no-deps symlink_data
[4.884s] INFO:colcon.colcon_core.shell:Creating environment descriptor '/home/zohaib/fyp_project_ws/build/imu_interface/share/imu_interface/hook/pythonpath_develop.dsv'
[4.885s] INFO:colcon.colcon_core.shell:Creating environment hook '/home/zohaib/fyp_project_ws/build/imu_interface/share/imu_interface/hook/pythonpath_develop.sh'
[4.887s] Level 1:colcon.colcon_core.environment:checking '/home/zohaib/fyp_project_ws/install/imu_interface' for CMake module files
[4.888s] Level 1:colcon.colcon_core.environment:checking '/home/zohaib/fyp_project_ws/install/imu_interface' for CMake config files
[4.890s] Level 1:colcon.colcon_core.environment:checking '/home/zohaib/fyp_project_ws/install/imu_interface/lib'
[4.890s] Level 1:colcon.colcon_core.environment:checking '/home/zohaib/fyp_project_ws/install/imu_interface/bin'
[4.890s] Level 1:colcon.colcon_core.environment:checking '/home/zohaib/fyp_project_ws/install/imu_interface/lib/pkgconfig/imu_interface.pc'
[4.891s] Level 1:colcon.colcon_core.environment:checking '/home/zohaib/fyp_project_ws/install/imu_interface/lib/python3.12/site-packages'
[4.891s] Level 1:colcon.colcon_core.shell:create_environment_hook('imu_interface', 'pythonpath')
[4.893s] INFO:colcon.colcon_core.shell:Creating environment hook '/home/zohaib/fyp_project_ws/install/imu_interface/share/imu_interface/hook/pythonpath.ps1'
[4.894s] INFO:colcon.colcon_core.shell:Creating environment descriptor '/home/zohaib/fyp_project_ws/install/imu_interface/share/imu_interface/hook/pythonpath.dsv'
[4.897s] INFO:colcon.colcon_core.shell:Creating environment hook '/home/zohaib/fyp_project_ws/install/imu_interface/share/imu_interface/hook/pythonpath.sh'
[4.899s] Level 1:colcon.colcon_core.environment:checking '/home/zohaib/fyp_project_ws/install/imu_interface/bin'
[4.899s] Level 1:colcon.colcon_core.environment:create_environment_scripts_only(imu_interface)
[4.900s] INFO:colcon.colcon_core.shell:Creating package script '/home/zohaib/fyp_project_ws/install/imu_interface/share/imu_interface/package.ps1'
[4.903s] INFO:colcon.colcon_core.shell:Creating package descriptor '/home/zohaib/fyp_project_ws/install/imu_interface/share/imu_interface/package.dsv'
[4.905s] INFO:colcon.colcon_core.shell:Creating package script '/home/zohaib/fyp_project_ws/install/imu_interface/share/imu_interface/package.sh'
[4.907s] INFO:colcon.colcon_core.shell:Creating package script '/home/zohaib/fyp_project_ws/install/imu_interface/share/imu_interface/package.bash'
[4.909s] INFO:colcon.colcon_core.shell:Creating package script '/home/zohaib/fyp_project_ws/install/imu_interface/share/imu_interface/package.zsh'
[4.911s] Level 1:colcon.colcon_core.environment:create_file_with_runtime_dependencies(/home/zohaib/fyp_project_ws/install/imu_interface/share/colcon-core/packages/imu_interface)
[4.915s] INFO:colcon.colcon_ros.task.ament_python.build:Building ROS package in '/home/zohaib/fyp_project_ws/src/slam_mapping' with build type 'ament_python'
[4.916s] Level 1:colcon.colcon_core.shell:create_environment_hook('slam_mapping', 'ament_prefix_path')
[4.916s] INFO:colcon.colcon_core.shell:Creating environment hook '/home/zohaib/fyp_project_ws/install/slam_mapping/share/slam_mapping/hook/ament_prefix_path.ps1'
[4.919s] INFO:colcon.colcon_core.shell:Creating environment descriptor '/home/zohaib/fyp_project_ws/install/slam_mapping/share/slam_mapping/hook/ament_prefix_path.dsv'
[4.921s] INFO:colcon.colcon_core.shell:Creating environment hook '/home/zohaib/fyp_project_ws/install/slam_mapping/share/slam_mapping/hook/ament_prefix_path.sh'
[4.923s] INFO:colcon.colcon_core.shell:Skip shell extension 'powershell' for command environment: Not usable outside of PowerShell
[4.923s] DEBUG:colcon.colcon_core.shell:Skip shell extension 'dsv' for command environment
[4.942s] Level 1:colcon.colcon_core.shell:create_environment_hook('azure_iot', 'pythonpath_develop')
[4.943s] INFO:colcon.colcon_core.shell:Creating environment hook '/home/zohaib/fyp_project_ws/build/azure_iot/share/azure_iot/hook/pythonpath_develop.ps1'
[4.945s] DEBUG:colcon.colcon_core.event_handler.log_command:Invoked command in '/home/zohaib/fyp_project_ws/build/azure_iot' returned '0': DEBUGINFOD_URLS=https://debuginfod.ubuntu.com PYTHONPATH=/home/zohaib/fyp_project_ws/build/azure_iot/prefix_override:/usr/lib/python3/dist-packages/colcon_core/task/python/colcon_distutils_commands:/home/zohaib/fyp_project_ws/install/azure_iot/lib/python3.12/site-packages:${PYTHONPATH} /usr/bin/python3 -W ignore:setup.py install is deprecated -W ignore:easy_install command is deprecated setup.py develop --editable --build-directory /home/zohaib/fyp_project_ws/build/azure_iot/build --no-deps symlink_data
[4.946s] INFO:colcon.colcon_core.shell:Creating environment descriptor '/home/zohaib/fyp_project_ws/build/azure_iot/share/azure_iot/hook/pythonpath_develop.dsv'
[4.948s] INFO:colcon.colcon_core.shell:Creating environment hook '/home/zohaib/fyp_project_ws/build/azure_iot/share/azure_iot/hook/pythonpath_develop.sh'
[4.950s] Level 1:colcon.colcon_core.environment:checking '/home/zohaib/fyp_project_ws/install/azure_iot' for CMake module files
[4.951s] Level 1:colcon.colcon_core.environment:checking '/home/zohaib/fyp_project_ws/install/azure_iot' for CMake config files
[4.953s] Level 1:colcon.colcon_core.environment:checking '/home/zohaib/fyp_project_ws/install/azure_iot/lib'
[4.954s] Level 1:colcon.colcon_core.environment:checking '/home/zohaib/fyp_project_ws/install/azure_iot/bin'
[4.954s] Level 1:colcon.colcon_core.environment:checking '/home/zohaib/fyp_project_ws/install/azure_iot/lib/pkgconfig/azure_iot.pc'
[4.954s] Level 1:colcon.colcon_core.environment:checking '/home/zohaib/fyp_project_ws/install/azure_iot/lib/python3.12/site-packages'
[4.955s] Level 1:colcon.colcon_core.shell:create_environment_hook('azure_iot', 'pythonpath')
[4.955s] INFO:colcon.colcon_core.shell:Creating environment hook '/home/zohaib/fyp_project_ws/install/azure_iot/share/azure_iot/hook/pythonpath.ps1'
[4.957s] INFO:colcon.colcon_core.shell:Creating environment descriptor '/home/zohaib/fyp_project_ws/install/azure_iot/share/azure_iot/hook/pythonpath.dsv'
[4.958s] INFO:colcon.colcon_core.shell:Creating environment hook '/home/zohaib/fyp_project_ws/install/azure_iot/share/azure_iot/hook/pythonpath.sh'
[4.960s] Level 1:colcon.colcon_core.environment:checking '/home/zohaib/fyp_project_ws/install/azure_iot/bin'
[4.961s] Level 1:colcon.colcon_core.environment:create_environment_scripts_only(azure_iot)
[4.961s] INFO:colcon.colcon_core.shell:Creating package script '/home/zohaib/fyp_project_ws/install/azure_iot/share/azure_iot/package.ps1'
[4.963s] INFO:colcon.colcon_core.shell:Creating package descriptor '/home/zohaib/fyp_project_ws/install/azure_iot/share/azure_iot/package.dsv'
[4.965s] INFO:colcon.colcon_core.shell:Creating package script '/home/zohaib/fyp_project_ws/install/azure_iot/share/azure_iot/package.sh'
[4.966s] INFO:colcon.colcon_core.shell:Creating package script '/home/zohaib/fyp_project_ws/install/azure_iot/share/azure_iot/package.bash'
[4.968s] INFO:colcon.colcon_core.shell:Creating package script '/home/zohaib/fyp_project_ws/install/azure_iot/share/azure_iot/package.zsh'
[4.969s] Level 1:colcon.colcon_core.environment:create_file_with_runtime_dependencies(/home/zohaib/fyp_project_ws/install/azure_iot/share/colcon-core/packages/azure_iot)
[5.341s] INFO:colcon.colcon_core.task.python.build:Building Python package in '/home/zohaib/fyp_project_ws/src/pothole_detection'
[5.341s] INFO:colcon.colcon_core.shell:Skip shell extension 'powershell' for command environment: Not usable outside of PowerShell
[5.341s] DEBUG:colcon.colcon_core.shell:Skip shell extension 'dsv' for command environment
[5.689s] INFO:colcon.colcon_core.task.python.build:Building Python package in '/home/zohaib/fyp_project_ws/src/slam_mapping'
[5.690s] INFO:colcon.colcon_core.shell:Skip shell extension 'powershell' for command environment: Not usable outside of PowerShell
[5.690s] DEBUG:colcon.colcon_core.shell:Skip shell extension 'dsv' for command environment
[5.695s] Level 1:colcon.colcon_core.shell:create_environment_hook('fyp_project', 'pythonpath_develop')
[5.696s] INFO:colcon.colcon_core.shell:Creating environment hook '/home/zohaib/fyp_project_ws/build/fyp_project/share/fyp_project/hook/pythonpath_develop.ps1'
[5.696s] DEBUG:colcon.colcon_core.event_handler.log_command:Invoked command in '/home/zohaib/fyp_project_ws/build/fyp_project' returned '0': DEBUGINFOD_URLS=https://debuginfod.ubuntu.com PYTHONPATH=/home/zohaib/fyp_project_ws/build/fyp_project/prefix_override:/usr/lib/python3/dist-packages/colcon_core/task/python/colcon_distutils_commands:/home/zohaib/fyp_project_ws/install/fyp_project/lib/python3.12/site-packages:${PYTHONPATH} /usr/bin/python3 -W ignore:setup.py install is deprecated -W ignore:easy_install command is deprecated setup.py develop --editable --build-directory /home/zohaib/fyp_project_ws/build/fyp_project/build --no-deps symlink_data
[5.698s] INFO:colcon.colcon_core.shell:Creating environment descriptor '/home/zohaib/fyp_project_ws/build/fyp_project/share/fyp_project/hook/pythonpath_develop.dsv'
[5.699s] INFO:colcon.colcon_core.shell:Creating environment hook '/home/zohaib/fyp_project_ws/build/fyp_project/share/fyp_project/hook/pythonpath_develop.sh'
[5.700s] Level 1:colcon.colcon_core.environment:checking '/home/zohaib/fyp_project_ws/install/fyp_project' for CMake module files
[5.701s] Level 1:colcon.colcon_core.environment:checking '/home/zohaib/fyp_project_ws/install/fyp_project' for CMake config files
[5.701s] Level 1:colcon.colcon_core.environment:checking '/home/zohaib/fyp_project_ws/install/fyp_project/lib'
[5.702s] Level 1:colcon.colcon_core.environment:checking '/home/zohaib/fyp_project_ws/install/fyp_project/bin'
[5.702s] Level 1:colcon.colcon_core.environment:checking '/home/zohaib/fyp_project_ws/install/fyp_project/lib/pkgconfig/fyp_project.pc'
[5.702s] Level 1:colcon.colcon_core.environment:checking '/home/zohaib/fyp_project_ws/install/fyp_project/lib/python3.12/site-packages'
[5.702s] Level 1:colcon.colcon_core.shell:create_environment_hook('fyp_project', 'pythonpath')
[5.703s] INFO:colcon.colcon_core.shell:Creating environment hook '/home/zohaib/fyp_project_ws/install/fyp_project/share/fyp_project/hook/pythonpath.ps1'
[5.704s] INFO:colcon.colcon_core.shell:Creating environment descriptor '/home/zohaib/fyp_project_ws/install/fyp_project/share/fyp_project/hook/pythonpath.dsv'
[5.705s] INFO:colcon.colcon_core.shell:Creating environment hook '/home/zohaib/fyp_project_ws/install/fyp_project/share/fyp_project/hook/pythonpath.sh'
[5.706s] Level 1:colcon.colcon_core.environment:checking '/home/zohaib/fyp_project_ws/install/fyp_project/bin'
[5.706s] Level 1:colcon.colcon_core.environment:create_environment_scripts_only(fyp_project)
[5.707s] INFO:colcon.colcon_core.shell:Creating package script '/home/zohaib/fyp_project_ws/install/fyp_project/share/fyp_project/package.ps1'
[5.708s] INFO:colcon.colcon_core.shell:Creating package descriptor '/home/zohaib/fyp_project_ws/install/fyp_project/share/fyp_project/package.dsv'
[5.708s] INFO:colcon.colcon_core.shell:Creating package script '/home/zohaib/fyp_project_ws/install/fyp_project/share/fyp_project/package.sh'
[5.709s] INFO:colcon.colcon_core.shell:Creating package script '/home/zohaib/fyp_project_ws/install/fyp_project/share/fyp_project/package.bash'
[5.710s] INFO:colcon.colcon_core.shell:Creating package script '/home/zohaib/fyp_project_ws/install/fyp_project/share/fyp_project/package.zsh'
[5.711s] Level 1:colcon.colcon_core.environment:create_file_with_runtime_dependencies(/home/zohaib/fyp_project_ws/install/fyp_project/share/colcon-core/packages/fyp_project)
[6.822s] DEBUG:colcon.colcon_core.event_handler.log_command:Invoking command in '/home/zohaib/fyp_project_ws/build/pothole_detection': DEBUGINFOD_URLS=https://debuginfod.ubuntu.com PYTHONPATH=/home/zohaib/fyp_project_ws/build/pothole_detection/prefix_override:/usr/lib/python3/dist-packages/colcon_core/task/python/colcon_distutils_commands:/home/zohaib/fyp_project_ws/install/pothole_detection/lib/python3.12/site-packages:${PYTHONPATH} /usr/bin/python3 -W ignore:setup.py install is deprecated -W ignore:easy_install command is deprecated setup.py develop --editable --build-directory /home/zohaib/fyp_project_ws/build/pothole_detection/build --no-deps symlink_data
[6.839s] DEBUG:colcon.colcon_core.event_handler.log_command:Invoking command in '/home/zohaib/fyp_project_ws/build/slam_mapping': DEBUGINFOD_URLS=https://debuginfod.ubuntu.com PYTHONPATH=/home/zohaib/fyp_project_ws/build/slam_mapping/prefix_override:/usr/lib/python3/dist-packages/colcon_core/task/python/colcon_distutils_commands:/home/zohaib/fyp_project_ws/install/slam_mapping/lib/python3.12/site-packages:${PYTHONPATH} /usr/bin/python3 -W ignore:setup.py install is deprecated -W ignore:easy_install command is deprecated setup.py develop --editable --build-directory /home/zohaib/fyp_project_ws/build/slam_mapping/build --no-deps symlink_data
[7.869s] Level 1:colcon.colcon_core.shell:create_environment_hook('pothole_detection', 'pythonpath_develop')
[7.869s] INFO:colcon.colcon_core.shell:Creating environment hook '/home/zohaib/fyp_project_ws/build/pothole_detection/share/pothole_detection/hook/pythonpath_develop.ps1'
[7.870s] DEBUG:colcon.colcon_core.event_handler.log_command:Invoked command in '/home/zohaib/fyp_project_ws/build/pothole_detection' returned '0': DEBUGINFOD_URLS=https://debuginfod.ubuntu.com PYTHONPATH=/home/zohaib/fyp_project_ws/build/pothole_detection/prefix_override:/usr/lib/python3/dist-packages/colcon_core/task/python/colcon_distutils_commands:/home/zohaib/fyp_project_ws/install/pothole_detection/lib/python3.12/site-packages:${PYTHONPATH} /usr/bin/python3 -W ignore:setup.py install is deprecated -W ignore:easy_install command is deprecated setup.py develop --editable --build-directory /home/zohaib/fyp_project_ws/build/pothole_detection/build --no-deps symlink_data
[7.871s] INFO:colcon.colcon_core.shell:Creating environment descriptor '/home/zohaib/fyp_project_ws/build/pothole_detection/share/pothole_detection/hook/pythonpath_develop.dsv'
[7.873s] INFO:colcon.colcon_core.shell:Creating environment hook '/home/zohaib/fyp_project_ws/build/pothole_detection/share/pothole_detection/hook/pythonpath_develop.sh'
[7.874s] Level 1:colcon.colcon_core.environment:checking '/home/zohaib/fyp_project_ws/install/pothole_detection' for CMake module files
[7.875s] Level 1:colcon.colcon_core.environment:checking '/home/zohaib/fyp_project_ws/install/pothole_detection' for CMake config files
[7.876s] Level 1:colcon.colcon_core.environment:checking '/home/zohaib/fyp_project_ws/install/pothole_detection/lib'
[7.876s] Level 1:colcon.colcon_core.environment:checking '/home/zohaib/fyp_project_ws/install/pothole_detection/bin'
[7.876s] Level 1:colcon.colcon_core.environment:checking '/home/zohaib/fyp_project_ws/install/pothole_detection/lib/pkgconfig/pothole_detection.pc'
[7.876s] Level 1:colcon.colcon_core.environment:checking '/home/zohaib/fyp_project_ws/install/pothole_detection/lib/python3.12/site-packages'
[7.876s] Level 1:colcon.colcon_core.shell:create_environment_hook('pothole_detection', 'pythonpath')
[7.877s] INFO:colcon.colcon_core.shell:Creating environment hook '/home/zohaib/fyp_project_ws/install/pothole_detection/share/pothole_detection/hook/pythonpath.ps1'
[7.878s] INFO:colcon.colcon_core.shell:Creating environment descriptor '/home/zohaib/fyp_project_ws/install/pothole_detection/share/pothole_detection/hook/pythonpath.dsv'
[7.878s] INFO:colcon.colcon_core.shell:Creating environment hook '/home/zohaib/fyp_project_ws/install/pothole_detection/share/pothole_detection/hook/pythonpath.sh'
[7.879s] Level 1:colcon.colcon_core.environment:checking '/home/zohaib/fyp_project_ws/install/pothole_detection/bin'
[7.879s] Level 1:colcon.colcon_core.environment:create_environment_scripts_only(pothole_detection)
[7.880s] INFO:colcon.colcon_core.shell:Creating package script '/home/zohaib/fyp_project_ws/install/pothole_detection/share/pothole_detection/package.ps1'
[7.881s] INFO:colcon.colcon_core.shell:Creating package descriptor '/home/zohaib/fyp_project_ws/install/pothole_detection/share/pothole_detection/package.dsv'
[7.882s] INFO:colcon.colcon_core.shell:Creating package script '/home/zohaib/fyp_project_ws/install/pothole_detection/share/pothole_detection/package.sh'
[7.882s] INFO:colcon.colcon_core.shell:Creating package script '/home/zohaib/fyp_project_ws/install/pothole_detection/share/pothole_detection/package.bash'
[7.883s] INFO:colcon.colcon_core.shell:Creating package script '/home/zohaib/fyp_project_ws/install/pothole_detection/share/pothole_detection/package.zsh'
[7.884s] Level 1:colcon.colcon_core.environment:create_file_with_runtime_dependencies(/home/zohaib/fyp_project_ws/install/pothole_detection/share/colcon-core/packages/pothole_detection)
[7.894s] Level 1:colcon.colcon_core.shell:create_environment_hook('slam_mapping', 'pythonpath_develop')
[7.895s] INFO:colcon.colcon_core.shell:Creating environment hook '/home/zohaib/fyp_project_ws/build/slam_mapping/share/slam_mapping/hook/pythonpath_develop.ps1'
[7.895s] DEBUG:colcon.colcon_core.event_handler.log_command:Invoked command in '/home/zohaib/fyp_project_ws/build/slam_mapping' returned '0': DEBUGINFOD_URLS=https://debuginfod.ubuntu.com PYTHONPATH=/home/zohaib/fyp_project_ws/build/slam_mapping/prefix_override:/usr/lib/python3/dist-packages/colcon_core/task/python/colcon_distutils_commands:/home/zohaib/fyp_project_ws/install/slam_mapping/lib/python3.12/site-packages:${PYTHONPATH} /usr/bin/python3 -W ignore:setup.py install is deprecated -W ignore:easy_install command is deprecated setup.py develop --editable --build-directory /home/zohaib/fyp_project_ws/build/slam_mapping/build --no-deps symlink_data
[7.896s] INFO:colcon.colcon_core.shell:Creating environment descriptor '/home/zohaib/fyp_project_ws/build/slam_mapping/share/slam_mapping/hook/pythonpath_develop.dsv'
[7.897s] INFO:colcon.colcon_core.shell:Creating environment hook '/home/zohaib/fyp_project_ws/build/slam_mapping/share/slam_mapping/hook/pythonpath_develop.sh'
[7.898s] Level 1:colcon.colcon_core.environment:checking '/home/zohaib/fyp_project_ws/install/slam_mapping' for CMake module files
[7.898s] Level 1:colcon.colcon_core.environment:checking '/home/zohaib/fyp_project_ws/install/slam_mapping' for CMake config files
[7.899s] Level 1:colcon.colcon_core.environment:checking '/home/zohaib/fyp_project_ws/install/slam_mapping/lib'
[7.899s] Level 1:colcon.colcon_core.environment:checking '/home/zohaib/fyp_project_ws/install/slam_mapping/bin'
[7.899s] Level 1:colcon.colcon_core.environment:checking '/home/zohaib/fyp_project_ws/install/slam_mapping/lib/pkgconfig/slam_mapping.pc'
[7.899s] Level 1:colcon.colcon_core.environment:checking '/home/zohaib/fyp_project_ws/install/slam_mapping/lib/python3.12/site-packages'
[7.899s] Level 1:colcon.colcon_core.shell:create_environment_hook('slam_mapping', 'pythonpath')
[7.900s] INFO:colcon.colcon_core.shell:Creating environment hook '/home/zohaib/fyp_project_ws/install/slam_mapping/share/slam_mapping/hook/pythonpath.ps1'
[7.900s] INFO:colcon.colcon_core.shell:Creating environment descriptor '/home/zohaib/fyp_project_ws/install/slam_mapping/share/slam_mapping/hook/pythonpath.dsv'
[7.901s] INFO:colcon.colcon_core.shell:Creating environment hook '/home/zohaib/fyp_project_ws/install/slam_mapping/share/slam_mapping/hook/pythonpath.sh'
[7.902s] Level 1:colcon.colcon_core.environment:checking '/home/zohaib/fyp_project_ws/install/slam_mapping/bin'
[7.902s] Level 1:colcon.colcon_core.environment:create_environment_scripts_only(slam_mapping)
[7.902s] INFO:colcon.colcon_core.shell:Creating package script '/home/zohaib/fyp_project_ws/install/slam_mapping/share/slam_mapping/package.ps1'
[7.903s] INFO:colcon.colcon_core.shell:Creating package descriptor '/home/zohaib/fyp_project_ws/install/slam_mapping/share/slam_mapping/package.dsv'
[7.904s] INFO:colcon.colcon_core.shell:Creating package script '/home/zohaib/fyp_project_ws/install/slam_mapping/share/slam_mapping/package.sh'
[7.905s] INFO:colcon.colcon_core.shell:Creating package script '/home/zohaib/fyp_project_ws/install/slam_mapping/share/slam_mapping/package.bash'
[7.906s] INFO:colcon.colcon_core.shell:Creating package script '/home/zohaib/fyp_project_ws/install/slam_mapping/share/slam_mapping/package.zsh'
[7.906s] Level 1:colcon.colcon_core.environment:create_file_with_runtime_dependencies(/home/zohaib/fyp_project_ws/install/slam_mapping/share/colcon-core/packages/slam_mapping)
[7.907s] DEBUG:colcon.colcon_parallel_executor.executor.parallel:closing loop
[7.908s] DEBUG:colcon.colcon_parallel_executor.executor.parallel:loop closed
[7.908s] DEBUG:colcon.colcon_parallel_executor.executor.parallel:run_until_complete finished with '0'
[7.908s] DEBUG:colcon.colcon_core.event_reactor:joining thread
[7.919s] INFO:colcon.colcon_core.plugin_system:Skipping extension 'colcon_notification.desktop_notification.terminal_notifier': Not used on non-Darwin systems
[7.919s] INFO:colcon.colcon_core.plugin_system:Skipping extension 'colcon_notification.desktop_notification.win32': Not used on non-Windows systems
[7.920s] INFO:colcon.colcon_notification.desktop_notification:Sending desktop notification using 'notify2'
[7.943s] DEBUG:colcon.colcon_core.event_reactor:joined thread
[7.944s] INFO:colcon.colcon_core.shell:Creating prefix script '/home/zohaib/fyp_project_ws/install/local_setup.ps1'
[7.945s] INFO:colcon.colcon_core.shell:Creating prefix util module '/home/zohaib/fyp_project_ws/install/_local_setup_util_ps1.py'
[7.948s] INFO:colcon.colcon_core.shell:Creating prefix chain script '/home/zohaib/fyp_project_ws/install/setup.ps1'
[7.950s] INFO:colcon.colcon_core.shell:Creating prefix script '/home/zohaib/fyp_project_ws/install/local_setup.sh'
[7.950s] INFO:colcon.colcon_core.shell:Creating prefix util module '/home/zohaib/fyp_project_ws/install/_local_setup_util_sh.py'
[7.951s] INFO:colcon.colcon_core.shell:Creating prefix chain script '/home/zohaib/fyp_project_ws/install/setup.sh'
[7.953s] INFO:colcon.colcon_core.shell:Creating prefix script '/home/zohaib/fyp_project_ws/install/local_setup.bash'
[7.954s] INFO:colcon.colcon_core.shell:Creating prefix chain script '/home/zohaib/fyp_project_ws/install/setup.bash'
[7.955s] INFO:colcon.colcon_core.shell:Creating prefix script '/home/zohaib/fyp_project_ws/install/local_setup.zsh'
[7.959s] INFO:colcon.colcon_core.shell:Creating prefix chain script '/home/zohaib/fyp_project_ws/install/setup.zsh'
