[  2%] [32mBuilding CXX object CMakeFiles/rtabmap_util_plugins.dir/src/MapsManager.cpp.o[0m
[  5%] [32mBuilding CXX object CMakeFiles/rtabmap_util_plugins.dir/src/nodelets/disparity_to_depth.cpp.o[0m
[  7%] [32mBuilding CXX object CMakeFiles/rtabmap_util_plugins.dir/src/nodelets/pointcloud_to_depthimage.cpp.o[0m
[ 10%] [32mBuilding CXX object CMakeFiles/rtabmap_util_plugins.dir/src/nodelets/obstacles_detection.cpp.o[0m
[ 13%] [32mBuilding CXX object CMakeFiles/rtabmap_util_plugins.dir/src/nodelets/point_cloud_aggregator.cpp.o[0m
[ 15%] [32mBuilding CXX object CMakeFiles/rtabmap_util_plugins.dir/src/nodelets/point_cloud_xyz.cpp.o[0m
[ 18%] [32mBuilding CXX object CMakeFiles/rtabmap_util_plugins.dir/src/nodelets/point_cloud_xyzrgb.cpp.o[0m
[ 21%] [32mBuilding CXX object CMakeFiles/rtabmap_util_plugins.dir/src/nodelets/lidar_deskewing.cpp.o[0m
[ 23%] [32mBuilding CXX object CMakeFiles/rtabmap_util_plugins.dir/src/nodelets/rgbd_relay.cpp.o[0m
[ 26%] [32mBuilding CXX object CMakeFiles/rtabmap_util_plugins.dir/src/nodelets/rgbd_split.cpp.o[0m
[ 28%] [32mBuilding CXX object CMakeFiles/rtabmap_util_plugins.dir/src/nodelets/map_assembler.cpp.o[0m
[01m[K/home/zohaib/fyp_project_ws/src/rtabmap_ros/rtabmap_util/src/nodelets/map_assembler.cpp:[m[K In constructor ‘[01m[Krtabmap_util::MapAssembler::[01;32m[KMapAssembler[m[K(const rclcpp::NodeOptions&)[m[K’:
[01m[K/home/zohaib/fyp_project_ws/src/rtabmap_ros/rtabmap_util/src/nodelets/map_assembler.cpp:190:65:[m[K [01;35m[Kwarning: [m[K‘[01m[Ktypename rclcpp::Client<ServiceT>::SharedPtr rclcpp::Node::[01;32m[Kcreate_client[m[K(const std::string&, const rmw_qos_profile_t&, rclcpp::CallbackGroup::SharedPtr) [35m[K[with ServiceT = rtabmap_msgs::srv::GetMap; typename rclcpp::Client<ServiceT>::SharedPtr = std::shared_ptr<rclcpp::Client<rtabmap_msgs::srv::GetMap> >; std::string = std::__cxx11::basic_string<char>; rmw_qos_profile_t = rmw_qos_profile_s; rclcpp::CallbackGroup::SharedPtr = std::shared_ptr<rclcpp::CallbackGroup>][m[K[m[K’ is deprecated: use rclcpp::QoS instead of rmw_qos_profile_t [[01;35m[K]8;;https://gcc.gnu.org/onlinedocs/gcc/Warning-Options.html#index-Wdeprecated-declarations-Wdeprecated-declarations]8;;[m[K]
  190 |     client_ = [01;35m[Kthis->create_client<rtabmap_msgs::srv::GetMap>(getMapSrv, rmw_qos_profile_services_default, serviceCbGroup_)[m[K; // Put it in a different group than the timer
      |               [01;35m[K~~~~~~~~~~~~~~~~~~~~~~~~~~~~~~~~~~~~~~~~~~~~~~^~~~~~~~~~~~~~~~~~~~~~~~~~~~~~~~~~~~~~~~~~~~~~~~~~~~~~~~~~~~~~[m[K

In file included from [01m[K/opt/ros/jazzy/include/rclcpp/rclcpp/node.hpp:1663[m[K,
                 from [01m[K/opt/ros/jazzy/include/rclcpp/rclcpp/executors/single_threaded_executor.hpp:28[m[K,
                 from [01m[K/opt/ros/jazzy/include/rclcpp/rclcpp/executors.hpp:22[m[K,
                 from [01m[K/opt/ros/jazzy/include/rclcpp/rclcpp/rclcpp.hpp:172[m[K,
                 from [01m[K/home/zohaib/fyp_project_ws/src/rtabmap_ros/rtabmap_util/include/rtabmap_util/map_assembler.hpp:29[m[K,
                 from [01m[K/home/zohaib/fyp_project_ws/src/rtabmap_ros/rtabmap_util/src/nodelets/map_assembler.cpp:28[m[K:
[01m[K/opt/ros/jazzy/include/rclcpp/rclcpp/node_impl.hpp:159:1:[m[K [01;36m[Knote: [m[Kdeclared here
  159 | [01;36m[KNode[m[K::create_client(
      | [01;36m[K^~~~[m[K
[ 34%] [32mBuilding CXX object CMakeFiles/rtabmap_util_plugins.dir/src/nodelets/point_cloud_assembler.cpp.o[0m
[ 34%] [32mBuilding CXX object CMakeFiles/rtabmap_util_plugins.dir/src/nodelets/imu_to_tf.cpp.o[0m
[ 36%] [32m[1mLinking CXX shared library librtabmap_util_plugins.so[0m
[ 36%] Built target rtabmap_util_plugins
[ 42%] [32mBuilding CXX object CMakeFiles/rtabmap_rgbd_split.dir/src/RGBDSplitNode.cpp.o[0m
[ 42%] [32mBuilding CXX object CMakeFiles/rtabmap_imu_to_tf.dir/src/ImuToTFNode.cpp.o[0m
[ 44%] [32mBuilding CXX object CMakeFiles/rtabmap_map_assembler.dir/src/MapAssemblerNode.cpp.o[0m
[ 47%] [32mBuilding CXX object CMakeFiles/rtabmap_rgbd_relay.dir/src/RGBDRelayNode.cpp.o[0m
[ 50%] [32m[1mLinking CXX executable rgbd_relay[0m
[ 52%] [32m[1mLinking CXX executable imu_to_tf[0m
[ 55%] [32m[1mLinking CXX executable rgbd_split[0m
[ 55%] Built target rtabmap_imu_to_tf
[ 55%] Built target rtabmap_rgbd_relay
[ 57%] [32mBuilding CXX object CMakeFiles/rtabmap_disparity_to_depth.dir/src/DisparityToDepthNode.cpp.o[0m
[ 60%] [32mBuilding CXX object CMakeFiles/rtabmap_lidar_deskewing.dir/src/LidarDeskewingNode.cpp.o[0m
[ 60%] Built target rtabmap_rgbd_split
[ 63%] [32mBuilding CXX object CMakeFiles/rtabmap_point_cloud_xyz.dir/src/PointCloudXYZNode.cpp.o[0m
[ 65%] [32m[1mLinking CXX executable map_assembler[0m
[ 68%] [32m[1mLinking CXX executable disparity_to_depth[0m
[ 71%] [32m[1mLinking CXX executable lidar_deskewing[0m
[ 71%] Built target rtabmap_disparity_to_depth
[ 71%] Built target rtabmap_map_assembler
[ 71%] Built target rtabmap_lidar_deskewing
[ 73%] [32m[1mLinking CXX executable point_cloud_xyz[0m
[ 76%] [32mBuilding CXX object CMakeFiles/rtabmap_obstacles_detection.dir/src/ObstaclesDetectionNode.cpp.o[0m
[ 78%] [32mBuilding CXX object CMakeFiles/rtabmap_pointcloud_to_depthimage.dir/src/PointCloudToDepthImageNode.cpp.o[0m
[ 81%] [32mBuilding CXX object CMakeFiles/rtabmap_point_cloud_xyzrgb.dir/src/PointCloudXYZRGBNode.cpp.o[0m
[ 84%] [32m[1mLinking CXX executable pointcloud_to_depthimage[0m
[ 84%] Built target rtabmap_point_cloud_xyz
[ 86%] [32mBuilding CXX object CMakeFiles/rtabmap_point_cloud_aggregator.dir/src/PointCloudAggregatorNode.cpp.o[0m
[ 89%] [32m[1mLinking CXX executable point_cloud_aggregator[0m
[ 92%] [32m[1mLinking CXX executable point_cloud_xyzrgb[0m
[ 92%] Built target rtabmap_pointcloud_to_depthimage
[ 94%] [32m[1mLinking CXX executable obstacles_detection[0m
[ 94%] Built target rtabmap_point_cloud_aggregator
[ 97%] [32mBuilding CXX object CMakeFiles/rtabmap_point_cloud_assembler.dir/src/PointCloudAssemblerNode.cpp.o[0m
[ 97%] Built target rtabmap_point_cloud_xyzrgb
[ 97%] Built target rtabmap_obstacles_detection
[100%] [32m[1mLinking CXX executable point_cloud_assembler[0m
[100%] Built target rtabmap_point_cloud_assembler
