[0.056s] Invoking command in '/home/zohaib/fyp_project_ws/build/rtabmap_util': CMAKE_PREFIX_PATH=/home/zohaib/fyp_project_ws/install/rtabmap_conversions:/home/zohaib/fyp_project_ws/install/rtabmap_msgs:/home/zohaib/ros2_ws/install/rplidar_ros:/opt/ros/jazzy/opt/gz_math_vendor:/opt/ros/jazzy/opt/gz_utils_vendor:/opt/ros/jazzy/opt/gz_cmake_vendor:/home/zohaib/ros2_ws/install/camera_processor:/home/zohaib/fyp_project_ws/install/slam_mapping:/home/zohaib/fyp_project_ws/install/rtabmap_python:/home/zohaib/fyp_project_ws/install/pothole_detection:/home/zohaib/fyp_project_ws/install/imu_interface:/home/zohaib/fyp_project_ws/install/fyp_project:/home/zohaib/fyp_project_ws/install/azure_iot:/opt/ros/jazzy DEBUGINFOD_URLS=https://debuginfod.ubuntu.com PYTHONPATH=/home/zohaib/fyp_project_ws/install/rtabmap_msgs/lib/python3.12/site-packages:/home/zohaib/ros2_ws/install/camera_processor/lib/python3.12/site-packages:/home/zohaib/fyp_project_ws/build/slam_mapping:/home/zohaib/fyp_project_ws/install/slam_mapping/lib/python3.12/site-packages:/home/zohaib/fyp_project_ws/build/rtabmap_python:/home/zohaib/fyp_project_ws/install/rtabmap_python/lib/python3.12/site-packages:/home/zohaib/fyp_project_ws/build/pothole_detection:/home/zohaib/fyp_project_ws/install/pothole_detection/lib/python3.12/site-packages:/home/zohaib/fyp_project_ws/build/imu_interface:/home/zohaib/fyp_project_ws/install/imu_interface/lib/python3.12/site-packages:/home/zohaib/fyp_project_ws/build/fyp_project:/home/zohaib/fyp_project_ws/install/fyp_project/lib/python3.12/site-packages:/home/zohaib/fyp_project_ws/build/azure_iot:/home/zohaib/fyp_project_ws/install/azure_iot/lib/python3.12/site-packages:/opt/ros/jazzy/lib/python3.12/site-packages /usr/bin/cmake --build /home/zohaib/fyp_project_ws/build/rtabmap_util -- -j4 -l4
[0.257s] [  2%] [32mBuilding CXX object CMakeFiles/rtabmap_util_plugins.dir/src/MapsManager.cpp.o[0m
[31.597s] [  5%] [32mBuilding CXX object CMakeFiles/rtabmap_util_plugins.dir/src/nodelets/disparity_to_depth.cpp.o[0m
[50.445s] [  7%] [32mBuilding CXX object CMakeFiles/rtabmap_util_plugins.dir/src/nodelets/pointcloud_to_depthimage.cpp.o[0m
[96.797s] [ 10%] [32mBuilding CXX object CMakeFiles/rtabmap_util_plugins.dir/src/nodelets/obstacles_detection.cpp.o[0m
[123.845s] [ 13%] [32mBuilding CXX object CMakeFiles/rtabmap_util_plugins.dir/src/nodelets/point_cloud_aggregator.cpp.o[0m
[125.893s] [ 15%] [32mBuilding CXX object CMakeFiles/rtabmap_util_plugins.dir/src/nodelets/point_cloud_xyz.cpp.o[0m
[127.945s] [ 18%] [32mBuilding CXX object CMakeFiles/rtabmap_util_plugins.dir/src/nodelets/point_cloud_xyzrgb.cpp.o[0m
[239.975s] [ 21%] [32mBuilding CXX object CMakeFiles/rtabmap_util_plugins.dir/src/nodelets/lidar_deskewing.cpp.o[0m
[270.426s] [ 23%] [32mBuilding CXX object CMakeFiles/rtabmap_util_plugins.dir/src/nodelets/rgbd_relay.cpp.o[0m
[294.556s] [ 26%] [32mBuilding CXX object CMakeFiles/rtabmap_util_plugins.dir/src/nodelets/rgbd_split.cpp.o[0m
[311.128s] [ 28%] [32mBuilding CXX object CMakeFiles/rtabmap_util_plugins.dir/src/nodelets/map_assembler.cpp.o[0m
[324.040s] [01m[K/home/zohaib/fyp_project_ws/src/rtabmap_ros/rtabmap_util/src/nodelets/map_assembler.cpp:[m[K In constructor ‘[01m[Krtabmap_util::MapAssembler::[01;32m[KMapAssembler[m[K(const rclcpp::NodeOptions&)[m[K’:
[324.040s] [01m[K/home/zohaib/fyp_project_ws/src/rtabmap_ros/rtabmap_util/src/nodelets/map_assembler.cpp:190:65:[m[K [01;35m[Kwarning: [m[K‘[01m[Ktypename rclcpp::Client<ServiceT>::SharedPtr rclcpp::Node::[01;32m[Kcreate_client[m[K(const std::string&, const rmw_qos_profile_t&, rclcpp::CallbackGroup::SharedPtr) [35m[K[with ServiceT = rtabmap_msgs::srv::GetMap; typename rclcpp::Client<ServiceT>::SharedPtr = std::shared_ptr<rclcpp::Client<rtabmap_msgs::srv::GetMap> >; std::string = std::__cxx11::basic_string<char>; rmw_qos_profile_t = rmw_qos_profile_s; rclcpp::CallbackGroup::SharedPtr = std::shared_ptr<rclcpp::CallbackGroup>][m[K[m[K’ is deprecated: use rclcpp::QoS instead of rmw_qos_profile_t [[01;35m[K]8;;https://gcc.gnu.org/onlinedocs/gcc/Warning-Options.html#index-Wdeprecated-declarations-Wdeprecated-declarations]8;;[m[K]
[324.040s]   190 |     client_ = [01;35m[Kthis->create_client<rtabmap_msgs::srv::GetMap>(getMapSrv, rmw_qos_profile_services_default, serviceCbGroup_)[m[K; // Put it in a different group than the timer
[324.040s]       |               [01;35m[K~~~~~~~~~~~~~~~~~~~~~~~~~~~~~~~~~~~~~~~~~~~~~~^~~~~~~~~~~~~~~~~~~~~~~~~~~~~~~~~~~~~~~~~~~~~~~~~~~~~~~~~~~~~~[m[K
[324.041s] 
[324.041s] In file included from [01m[K/opt/ros/jazzy/include/rclcpp/rclcpp/node.hpp:1663[m[K,
[324.041s]                  from [01m[K/opt/ros/jazzy/include/rclcpp/rclcpp/executors/single_threaded_executor.hpp:28[m[K,
[324.041s]                  from [01m[K/opt/ros/jazzy/include/rclcpp/rclcpp/executors.hpp:22[m[K,
[324.041s]                  from [01m[K/opt/ros/jazzy/include/rclcpp/rclcpp/rclcpp.hpp:172[m[K,
[324.041s]                  from [01m[K/home/zohaib/fyp_project_ws/src/rtabmap_ros/rtabmap_util/include/rtabmap_util/map_assembler.hpp:29[m[K,
[324.041s]                  from [01m[K/home/zohaib/fyp_project_ws/src/rtabmap_ros/rtabmap_util/src/nodelets/map_assembler.cpp:28[m[K:
[324.041s] [01m[K/opt/ros/jazzy/include/rclcpp/rclcpp/node_impl.hpp:159:1:[m[K [01;36m[Knote: [m[Kdeclared here
[324.041s]   159 | [01;36m[KNode[m[K::create_client(
[324.041s]       | [01;36m[K^~~~[m[K
[341.094s] [ 34%] [32mBuilding CXX object CMakeFiles/rtabmap_util_plugins.dir/src/nodelets/point_cloud_assembler.cpp.o[0m
[341.094s] [ 34%] [32mBuilding CXX object CMakeFiles/rtabmap_util_plugins.dir/src/nodelets/imu_to_tf.cpp.o[0m
[382.357s] [ 36%] [32m[1mLinking CXX shared library librtabmap_util_plugins.so[0m
[403.712s] [ 36%] Built target rtabmap_util_plugins
[403.790s] [ 42%] [32mBuilding CXX object CMakeFiles/rtabmap_rgbd_split.dir/src/RGBDSplitNode.cpp.o[0m
[403.790s] [ 42%] [32mBuilding CXX object CMakeFiles/rtabmap_imu_to_tf.dir/src/ImuToTFNode.cpp.o[0m
[403.793s] [ 44%] [32mBuilding CXX object CMakeFiles/rtabmap_map_assembler.dir/src/MapAssemblerNode.cpp.o[0m
[403.794s] [ 47%] [32mBuilding CXX object CMakeFiles/rtabmap_rgbd_relay.dir/src/RGBDRelayNode.cpp.o[0m
[411.181s] [ 50%] [32m[1mLinking CXX executable rgbd_relay[0m
[412.283s] [ 52%] [32m[1mLinking CXX executable imu_to_tf[0m
[422.000s] [ 55%] [32m[1mLinking CXX executable rgbd_split[0m
[447.116s] [ 55%] Built target rtabmap_imu_to_tf
[447.211s] [ 55%] Built target rtabmap_rgbd_relay
[447.219s] [ 57%] [32mBuilding CXX object CMakeFiles/rtabmap_disparity_to_depth.dir/src/DisparityToDepthNode.cpp.o[0m
[447.300s] [ 60%] [32mBuilding CXX object CMakeFiles/rtabmap_lidar_deskewing.dir/src/LidarDeskewingNode.cpp.o[0m
[451.059s] [ 60%] Built target rtabmap_rgbd_split
[451.121s] [ 63%] [32mBuilding CXX object CMakeFiles/rtabmap_point_cloud_xyz.dir/src/PointCloudXYZNode.cpp.o[0m
[454.789s] [ 65%] [32m[1mLinking CXX executable map_assembler[0m
[455.714s] [ 68%] [32m[1mLinking CXX executable disparity_to_depth[0m
[456.824s] [ 71%] [32m[1mLinking CXX executable lidar_deskewing[0m
[492.611s] [ 71%] Built target rtabmap_disparity_to_depth
[493.046s] [ 71%] Built target rtabmap_map_assembler
[493.243s] [ 71%] Built target rtabmap_lidar_deskewing
[493.844s] [ 73%] [32m[1mLinking CXX executable point_cloud_xyz[0m
[494.303s] [ 76%] [32mBuilding CXX object CMakeFiles/rtabmap_obstacles_detection.dir/src/ObstaclesDetectionNode.cpp.o[0m
[495.355s] [ 78%] [32mBuilding CXX object CMakeFiles/rtabmap_pointcloud_to_depthimage.dir/src/PointCloudToDepthImageNode.cpp.o[0m
[496.476s] [ 81%] [32mBuilding CXX object CMakeFiles/rtabmap_point_cloud_xyzrgb.dir/src/PointCloudXYZRGBNode.cpp.o[0m
[509.447s] [ 84%] [32m[1mLinking CXX executable pointcloud_to_depthimage[0m
[511.419s] [ 84%] Built target rtabmap_point_cloud_xyz
[511.518s] [ 86%] [32mBuilding CXX object CMakeFiles/rtabmap_point_cloud_aggregator.dir/src/PointCloudAggregatorNode.cpp.o[0m
[525.503s] [ 89%] [32m[1mLinking CXX executable point_cloud_aggregator[0m
[528.087s] [ 92%] [32m[1mLinking CXX executable point_cloud_xyzrgb[0m
[528.118s] [ 92%] Built target rtabmap_pointcloud_to_depthimage
[536.773s] [ 94%] [32m[1mLinking CXX executable obstacles_detection[0m
[553.668s] [ 94%] Built target rtabmap_point_cloud_aggregator
[553.761s] [ 97%] [32mBuilding CXX object CMakeFiles/rtabmap_point_cloud_assembler.dir/src/PointCloudAssemblerNode.cpp.o[0m
[556.158s] [ 97%] Built target rtabmap_point_cloud_xyzrgb
[559.420s] [ 97%] Built target rtabmap_obstacles_detection
[572.322s] [100%] [32m[1mLinking CXX executable point_cloud_assembler[0m
[584.322s] [100%] Built target rtabmap_point_cloud_assembler
