[0.190s] DEBUG:colcon:Command line arguments: ['/usr/bin/colcon', 'build', '--symlink-install']
[0.190s] DEBUG:colcon:Parsed command line arguments: Namespace(log_base=None, log_level=None, verb_name='build', build_base='build', install_base='install', merge_install=False, symlink_install=True, test_result_base=None, continue_on_error=False, executor='parallel', parallel_workers=4, event_handlers=None, ignore_user_meta=False, metas=['./colcon.meta'], base_paths=['.'], packages_ignore=None, packages_ignore_regex=None, paths=None, packages_up_to=None, packages_up_to_regex=None, packages_above=None, packages_above_and_dependencies=None, packages_above_depth=None, packages_select_by_dep=None, packages_skip_by_dep=None, packages_skip_up_to=None, packages_select_build_failed=False, packages_skip_build_finished=False, packages_select_test_failures=False, packages_skip_test_passed=False, packages_select=None, packages_skip=None, packages_select_regex=None, packages_skip_regex=None, packages_start=None, packages_end=None, allow_overriding=[], cmake_args=None, cmake_target=None, cmake_target_skip_unavailable=False, cmake_clean_cache=False, cmake_clean_first=False, cmake_force_configure=False, ament_cmake_args=None, catkin_cmake_args=None, catkin_skip_building_tests=False, mixin_files=None, mixin=None, verb_parser=<colcon_mixin.mixin.mixin_argument.MixinArgumentDecorator object at 0xffffa17ab170>, verb_extension=<colcon_core.verb.build.BuildVerb object at 0xffffa17aaea0>, main=<bound method BuildVerb.main of <colcon_core.verb.build.BuildVerb object at 0xffffa17aaea0>>, mixin_verb=('build',))
[0.260s] Level 1:colcon.colcon_core.package_discovery:discover_packages(colcon_meta) check parameters
[0.260s] Level 1:colcon.colcon_core.package_discovery:discover_packages(recursive) check parameters
[0.260s] Level 1:colcon.colcon_core.package_discovery:discover_packages(ignore) check parameters
[0.260s] Level 1:colcon.colcon_core.package_discovery:discover_packages(path) check parameters
[0.261s] Level 1:colcon.colcon_core.package_discovery:discover_packages(colcon_meta) discover
[0.261s] Level 1:colcon.colcon_core.package_discovery:discover_packages(recursive) discover
[0.261s] INFO:colcon.colcon_core.package_discovery:Crawling recursively for packages in '/home/zohaib/fyp_project_ws'
[0.261s] Level 1:colcon.colcon_core.package_identification:_identify(.) by extensions ['ignore', 'ignore_ament_install']
[0.261s] Level 1:colcon.colcon_core.package_identification:_identify(.) by extension 'ignore'
[0.261s] Level 1:colcon.colcon_core.package_identification:_identify(.) by extension 'ignore_ament_install'
[0.261s] Level 1:colcon.colcon_core.package_identification:_identify(.) by extensions ['colcon_pkg']
[0.261s] Level 1:colcon.colcon_core.package_identification:_identify(.) by extension 'colcon_pkg'
[0.261s] Level 1:colcon.colcon_core.package_identification:_identify(.) by extensions ['colcon_meta']
[0.261s] Level 1:colcon.colcon_core.package_identification:_identify(.) by extension 'colcon_meta'
[0.261s] Level 1:colcon.colcon_core.package_identification:_identify(.) by extensions ['ros']
[0.261s] Level 1:colcon.colcon_core.package_identification:_identify(.) by extension 'ros'
[0.305s] Level 1:colcon.colcon_core.package_identification:_identify(.) by extensions ['cmake', 'python']
[0.305s] Level 1:colcon.colcon_core.package_identification:_identify(.) by extension 'cmake'
[0.305s] Level 1:colcon.colcon_core.package_identification:_identify(.) by extension 'python'
[0.305s] Level 1:colcon.colcon_core.package_identification:_identify(.) by extensions ['python_setup_py']
[0.305s] Level 1:colcon.colcon_core.package_identification:_identify(.) by extension 'python_setup_py'
[0.305s] Level 1:colcon.colcon_core.package_identification:_identify(build) by extensions ['ignore', 'ignore_ament_install']
[0.305s] Level 1:colcon.colcon_core.package_identification:_identify(build) by extension 'ignore'
[0.305s] Level 1:colcon.colcon_core.package_identification:_identify(build) ignored
[0.306s] Level 1:colcon.colcon_core.package_identification:_identify(install) by extensions ['ignore', 'ignore_ament_install']
[0.306s] Level 1:colcon.colcon_core.package_identification:_identify(install) by extension 'ignore'
[0.306s] Level 1:colcon.colcon_core.package_identification:_identify(install) ignored
[0.306s] Level 1:colcon.colcon_core.package_identification:_identify(log) by extensions ['ignore', 'ignore_ament_install']
[0.306s] Level 1:colcon.colcon_core.package_identification:_identify(log) by extension 'ignore'
[0.306s] Level 1:colcon.colcon_core.package_identification:_identify(log) ignored
[0.306s] Level 1:colcon.colcon_core.package_identification:_identify(src) by extensions ['ignore', 'ignore_ament_install']
[0.306s] Level 1:colcon.colcon_core.package_identification:_identify(src) by extension 'ignore'
[0.306s] Level 1:colcon.colcon_core.package_identification:_identify(src) by extension 'ignore_ament_install'
[0.306s] Level 1:colcon.colcon_core.package_identification:_identify(src) by extensions ['colcon_pkg']
[0.306s] Level 1:colcon.colcon_core.package_identification:_identify(src) by extension 'colcon_pkg'
[0.306s] Level 1:colcon.colcon_core.package_identification:_identify(src) by extensions ['colcon_meta']
[0.306s] Level 1:colcon.colcon_core.package_identification:_identify(src) by extension 'colcon_meta'
[0.307s] Level 1:colcon.colcon_core.package_identification:_identify(src) by extensions ['ros']
[0.307s] Level 1:colcon.colcon_core.package_identification:_identify(src) by extension 'ros'
[0.307s] Level 1:colcon.colcon_core.package_identification:_identify(src) by extensions ['cmake', 'python']
[0.307s] Level 1:colcon.colcon_core.package_identification:_identify(src) by extension 'cmake'
[0.307s] Level 1:colcon.colcon_core.package_identification:_identify(src) by extension 'python'
[0.307s] Level 1:colcon.colcon_core.package_identification:_identify(src) by extensions ['python_setup_py']
[0.307s] Level 1:colcon.colcon_core.package_identification:_identify(src) by extension 'python_setup_py'
[0.307s] Level 1:colcon.colcon_core.package_identification:_identify(src/azure_iot) by extensions ['ignore', 'ignore_ament_install']
[0.307s] Level 1:colcon.colcon_core.package_identification:_identify(src/azure_iot) by extension 'ignore'
[0.307s] Level 1:colcon.colcon_core.package_identification:_identify(src/azure_iot) by extension 'ignore_ament_install'
[0.307s] Level 1:colcon.colcon_core.package_identification:_identify(src/azure_iot) by extensions ['colcon_pkg']
[0.307s] Level 1:colcon.colcon_core.package_identification:_identify(src/azure_iot) by extension 'colcon_pkg'
[0.307s] Level 1:colcon.colcon_core.package_identification:_identify(src/azure_iot) by extensions ['colcon_meta']
[0.307s] Level 1:colcon.colcon_core.package_identification:_identify(src/azure_iot) by extension 'colcon_meta'
[0.307s] Level 1:colcon.colcon_core.package_identification:_identify(src/azure_iot) by extensions ['ros']
[0.307s] Level 1:colcon.colcon_core.package_identification:_identify(src/azure_iot) by extension 'ros'
[0.310s] DEBUG:colcon.colcon_core.package_identification:Package 'src/azure_iot' with type 'ros.ament_python' and name 'azure_iot'
[0.311s] Level 1:colcon.colcon_core.package_identification:_identify(src/fyp_project) by extensions ['ignore', 'ignore_ament_install']
[0.311s] Level 1:colcon.colcon_core.package_identification:_identify(src/fyp_project) by extension 'ignore'
[0.311s] Level 1:colcon.colcon_core.package_identification:_identify(src/fyp_project) by extension 'ignore_ament_install'
[0.311s] Level 1:colcon.colcon_core.package_identification:_identify(src/fyp_project) by extensions ['colcon_pkg']
[0.311s] Level 1:colcon.colcon_core.package_identification:_identify(src/fyp_project) by extension 'colcon_pkg'
[0.311s] Level 1:colcon.colcon_core.package_identification:_identify(src/fyp_project) by extensions ['colcon_meta']
[0.311s] Level 1:colcon.colcon_core.package_identification:_identify(src/fyp_project) by extension 'colcon_meta'
[0.311s] Level 1:colcon.colcon_core.package_identification:_identify(src/fyp_project) by extensions ['ros']
[0.311s] Level 1:colcon.colcon_core.package_identification:_identify(src/fyp_project) by extension 'ros'
[0.312s] DEBUG:colcon.colcon_core.package_identification:Package 'src/fyp_project' with type 'ros.ament_python' and name 'fyp_project'
[0.312s] Level 1:colcon.colcon_core.package_identification:_identify(src/imu_interface) by extensions ['ignore', 'ignore_ament_install']
[0.312s] Level 1:colcon.colcon_core.package_identification:_identify(src/imu_interface) by extension 'ignore'
[0.312s] Level 1:colcon.colcon_core.package_identification:_identify(src/imu_interface) by extension 'ignore_ament_install'
[0.312s] Level 1:colcon.colcon_core.package_identification:_identify(src/imu_interface) by extensions ['colcon_pkg']
[0.312s] Level 1:colcon.colcon_core.package_identification:_identify(src/imu_interface) by extension 'colcon_pkg'
[0.312s] Level 1:colcon.colcon_core.package_identification:_identify(src/imu_interface) by extensions ['colcon_meta']
[0.312s] Level 1:colcon.colcon_core.package_identification:_identify(src/imu_interface) by extension 'colcon_meta'
[0.312s] Level 1:colcon.colcon_core.package_identification:_identify(src/imu_interface) by extensions ['ros']
[0.312s] Level 1:colcon.colcon_core.package_identification:_identify(src/imu_interface) by extension 'ros'
[0.313s] DEBUG:colcon.colcon_core.package_identification:Package 'src/imu_interface' with type 'ros.ament_python' and name 'imu_interface'
[0.313s] Level 1:colcon.colcon_core.package_identification:_identify(src/pothole_detection) by extensions ['ignore', 'ignore_ament_install']
[0.313s] Level 1:colcon.colcon_core.package_identification:_identify(src/pothole_detection) by extension 'ignore'
[0.313s] Level 1:colcon.colcon_core.package_identification:_identify(src/pothole_detection) by extension 'ignore_ament_install'
[0.313s] Level 1:colcon.colcon_core.package_identification:_identify(src/pothole_detection) by extensions ['colcon_pkg']
[0.313s] Level 1:colcon.colcon_core.package_identification:_identify(src/pothole_detection) by extension 'colcon_pkg'
[0.313s] Level 1:colcon.colcon_core.package_identification:_identify(src/pothole_detection) by extensions ['colcon_meta']
[0.313s] Level 1:colcon.colcon_core.package_identification:_identify(src/pothole_detection) by extension 'colcon_meta'
[0.314s] Level 1:colcon.colcon_core.package_identification:_identify(src/pothole_detection) by extensions ['ros']
[0.314s] Level 1:colcon.colcon_core.package_identification:_identify(src/pothole_detection) by extension 'ros'
[0.314s] DEBUG:colcon.colcon_core.package_identification:Package 'src/pothole_detection' with type 'ros.ament_python' and name 'pothole_detection'
[0.314s] Level 1:colcon.colcon_core.package_identification:_identify(src/slam_mapping) by extensions ['ignore', 'ignore_ament_install']
[0.315s] Level 1:colcon.colcon_core.package_identification:_identify(src/slam_mapping) by extension 'ignore'
[0.315s] Level 1:colcon.colcon_core.package_identification:_identify(src/slam_mapping) by extension 'ignore_ament_install'
[0.315s] Level 1:colcon.colcon_core.package_identification:_identify(src/slam_mapping) by extensions ['colcon_pkg']
[0.315s] Level 1:colcon.colcon_core.package_identification:_identify(src/slam_mapping) by extension 'colcon_pkg'
[0.315s] Level 1:colcon.colcon_core.package_identification:_identify(src/slam_mapping) by extensions ['colcon_meta']
[0.315s] Level 1:colcon.colcon_core.package_identification:_identify(src/slam_mapping) by extension 'colcon_meta'
[0.315s] Level 1:colcon.colcon_core.package_identification:_identify(src/slam_mapping) by extensions ['ros']
[0.315s] Level 1:colcon.colcon_core.package_identification:_identify(src/slam_mapping) by extension 'ros'
[0.316s] DEBUG:colcon.colcon_core.package_identification:Package 'src/slam_mapping' with type 'ros.ament_python' and name 'slam_mapping'
[0.316s] Level 1:colcon.colcon_core.package_discovery:discover_packages(recursive) using defaults
[0.316s] Level 1:colcon.colcon_core.package_discovery:discover_packages(ignore) discover
[0.316s] Level 1:colcon.colcon_core.package_discovery:discover_packages(ignore) using defaults
[0.316s] Level 1:colcon.colcon_core.package_discovery:discover_packages(path) discover
[0.316s] Level 1:colcon.colcon_core.package_discovery:discover_packages(path) using defaults
[0.341s] Level 1:colcon.colcon_core.package_discovery:discover_packages(prefix_path) check parameters
[0.341s] Level 1:colcon.colcon_core.package_discovery:discover_packages(prefix_path) discover
[0.343s] DEBUG:colcon.colcon_installed_package_information.package_discovery:Found 5 installed packages in /home/zohaib/fyp_project_ws/install
[0.344s] DEBUG:colcon.colcon_installed_package_information.package_discovery:Found 3 installed packages in /home/zohaib/ros2_ws/install
[0.346s] DEBUG:colcon.colcon_installed_package_information.package_discovery:Found 322 installed packages in /opt/ros/jazzy
[0.349s] Level 1:colcon.colcon_core.package_discovery:discover_packages(prefix_path) using defaults
[0.414s] Level 5:colcon.colcon_core.verb:set package 'azure_iot' build argument 'cmake_args' from command line to 'None'
[0.414s] Level 5:colcon.colcon_core.verb:set package 'azure_iot' build argument 'cmake_target' from command line to 'None'
[0.414s] Level 5:colcon.colcon_core.verb:set package 'azure_iot' build argument 'cmake_target_skip_unavailable' from command line to 'False'
[0.414s] Level 5:colcon.colcon_core.verb:set package 'azure_iot' build argument 'cmake_clean_cache' from command line to 'False'
[0.414s] Level 5:colcon.colcon_core.verb:set package 'azure_iot' build argument 'cmake_clean_first' from command line to 'False'
[0.414s] Level 5:colcon.colcon_core.verb:set package 'azure_iot' build argument 'cmake_force_configure' from command line to 'False'
[0.414s] Level 5:colcon.colcon_core.verb:set package 'azure_iot' build argument 'ament_cmake_args' from command line to 'None'
[0.414s] Level 5:colcon.colcon_core.verb:set package 'azure_iot' build argument 'catkin_cmake_args' from command line to 'None'
[0.414s] Level 5:colcon.colcon_core.verb:set package 'azure_iot' build argument 'catkin_skip_building_tests' from command line to 'False'
[0.414s] DEBUG:colcon.colcon_core.verb:Building package 'azure_iot' with the following arguments: {'ament_cmake_args': None, 'build_base': '/home/zohaib/fyp_project_ws/build/azure_iot', 'catkin_cmake_args': None, 'catkin_skip_building_tests': False, 'cmake_args': None, 'cmake_clean_cache': False, 'cmake_clean_first': False, 'cmake_force_configure': False, 'cmake_target': None, 'cmake_target_skip_unavailable': False, 'install_base': '/home/zohaib/fyp_project_ws/install/azure_iot', 'merge_install': False, 'path': '/home/zohaib/fyp_project_ws/src/azure_iot', 'symlink_install': True, 'test_result_base': None}
[0.414s] Level 5:colcon.colcon_core.verb:set package 'fyp_project' build argument 'cmake_args' from command line to 'None'
[0.414s] Level 5:colcon.colcon_core.verb:set package 'fyp_project' build argument 'cmake_target' from command line to 'None'
[0.415s] Level 5:colcon.colcon_core.verb:set package 'fyp_project' build argument 'cmake_target_skip_unavailable' from command line to 'False'
[0.415s] Level 5:colcon.colcon_core.verb:set package 'fyp_project' build argument 'cmake_clean_cache' from command line to 'False'
[0.415s] Level 5:colcon.colcon_core.verb:set package 'fyp_project' build argument 'cmake_clean_first' from command line to 'False'
[0.415s] Level 5:colcon.colcon_core.verb:set package 'fyp_project' build argument 'cmake_force_configure' from command line to 'False'
[0.415s] Level 5:colcon.colcon_core.verb:set package 'fyp_project' build argument 'ament_cmake_args' from command line to 'None'
[0.415s] Level 5:colcon.colcon_core.verb:set package 'fyp_project' build argument 'catkin_cmake_args' from command line to 'None'
[0.415s] Level 5:colcon.colcon_core.verb:set package 'fyp_project' build argument 'catkin_skip_building_tests' from command line to 'False'
[0.415s] DEBUG:colcon.colcon_core.verb:Building package 'fyp_project' with the following arguments: {'ament_cmake_args': None, 'build_base': '/home/zohaib/fyp_project_ws/build/fyp_project', 'catkin_cmake_args': None, 'catkin_skip_building_tests': False, 'cmake_args': None, 'cmake_clean_cache': False, 'cmake_clean_first': False, 'cmake_force_configure': False, 'cmake_target': None, 'cmake_target_skip_unavailable': False, 'install_base': '/home/zohaib/fyp_project_ws/install/fyp_project', 'merge_install': False, 'path': '/home/zohaib/fyp_project_ws/src/fyp_project', 'symlink_install': True, 'test_result_base': None}
[0.415s] Level 5:colcon.colcon_core.verb:set package 'imu_interface' build argument 'cmake_args' from command line to 'None'
[0.415s] Level 5:colcon.colcon_core.verb:set package 'imu_interface' build argument 'cmake_target' from command line to 'None'
[0.415s] Level 5:colcon.colcon_core.verb:set package 'imu_interface' build argument 'cmake_target_skip_unavailable' from command line to 'False'
[0.415s] Level 5:colcon.colcon_core.verb:set package 'imu_interface' build argument 'cmake_clean_cache' from command line to 'False'
[0.415s] Level 5:colcon.colcon_core.verb:set package 'imu_interface' build argument 'cmake_clean_first' from command line to 'False'
[0.415s] Level 5:colcon.colcon_core.verb:set package 'imu_interface' build argument 'cmake_force_configure' from command line to 'False'
[0.415s] Level 5:colcon.colcon_core.verb:set package 'imu_interface' build argument 'ament_cmake_args' from command line to 'None'
[0.415s] Level 5:colcon.colcon_core.verb:set package 'imu_interface' build argument 'catkin_cmake_args' from command line to 'None'
[0.415s] Level 5:colcon.colcon_core.verb:set package 'imu_interface' build argument 'catkin_skip_building_tests' from command line to 'False'
[0.415s] DEBUG:colcon.colcon_core.verb:Building package 'imu_interface' with the following arguments: {'ament_cmake_args': None, 'build_base': '/home/zohaib/fyp_project_ws/build/imu_interface', 'catkin_cmake_args': None, 'catkin_skip_building_tests': False, 'cmake_args': None, 'cmake_clean_cache': False, 'cmake_clean_first': False, 'cmake_force_configure': False, 'cmake_target': None, 'cmake_target_skip_unavailable': False, 'install_base': '/home/zohaib/fyp_project_ws/install/imu_interface', 'merge_install': False, 'path': '/home/zohaib/fyp_project_ws/src/imu_interface', 'symlink_install': True, 'test_result_base': None}
[0.416s] Level 5:colcon.colcon_core.verb:set package 'pothole_detection' build argument 'cmake_args' from command line to 'None'
[0.416s] Level 5:colcon.colcon_core.verb:set package 'pothole_detection' build argument 'cmake_target' from command line to 'None'
[0.416s] Level 5:colcon.colcon_core.verb:set package 'pothole_detection' build argument 'cmake_target_skip_unavailable' from command line to 'False'
[0.416s] Level 5:colcon.colcon_core.verb:set package 'pothole_detection' build argument 'cmake_clean_cache' from command line to 'False'
[0.416s] Level 5:colcon.colcon_core.verb:set package 'pothole_detection' build argument 'cmake_clean_first' from command line to 'False'
[0.416s] Level 5:colcon.colcon_core.verb:set package 'pothole_detection' build argument 'cmake_force_configure' from command line to 'False'
[0.416s] Level 5:colcon.colcon_core.verb:set package 'pothole_detection' build argument 'ament_cmake_args' from command line to 'None'
[0.416s] Level 5:colcon.colcon_core.verb:set package 'pothole_detection' build argument 'catkin_cmake_args' from command line to 'None'
[0.416s] Level 5:colcon.colcon_core.verb:set package 'pothole_detection' build argument 'catkin_skip_building_tests' from command line to 'False'
[0.416s] DEBUG:colcon.colcon_core.verb:Building package 'pothole_detection' with the following arguments: {'ament_cmake_args': None, 'build_base': '/home/zohaib/fyp_project_ws/build/pothole_detection', 'catkin_cmake_args': None, 'catkin_skip_building_tests': False, 'cmake_args': None, 'cmake_clean_cache': False, 'cmake_clean_first': False, 'cmake_force_configure': False, 'cmake_target': None, 'cmake_target_skip_unavailable': False, 'install_base': '/home/zohaib/fyp_project_ws/install/pothole_detection', 'merge_install': False, 'path': '/home/zohaib/fyp_project_ws/src/pothole_detection', 'symlink_install': True, 'test_result_base': None}
[0.416s] Level 5:colcon.colcon_core.verb:set package 'slam_mapping' build argument 'cmake_args' from command line to 'None'
[0.416s] Level 5:colcon.colcon_core.verb:set package 'slam_mapping' build argument 'cmake_target' from command line to 'None'
[0.416s] Level 5:colcon.colcon_core.verb:set package 'slam_mapping' build argument 'cmake_target_skip_unavailable' from command line to 'False'
[0.416s] Level 5:colcon.colcon_core.verb:set package 'slam_mapping' build argument 'cmake_clean_cache' from command line to 'False'
[0.416s] Level 5:colcon.colcon_core.verb:set package 'slam_mapping' build argument 'cmake_clean_first' from command line to 'False'
[0.416s] Level 5:colcon.colcon_core.verb:set package 'slam_mapping' build argument 'cmake_force_configure' from command line to 'False'
[0.416s] Level 5:colcon.colcon_core.verb:set package 'slam_mapping' build argument 'ament_cmake_args' from command line to 'None'
[0.416s] Level 5:colcon.colcon_core.verb:set package 'slam_mapping' build argument 'catkin_cmake_args' from command line to 'None'
[0.416s] Level 5:colcon.colcon_core.verb:set package 'slam_mapping' build argument 'catkin_skip_building_tests' from command line to 'False'
[0.416s] DEBUG:colcon.colcon_core.verb:Building package 'slam_mapping' with the following arguments: {'ament_cmake_args': None, 'build_base': '/home/zohaib/fyp_project_ws/build/slam_mapping', 'catkin_cmake_args': None, 'catkin_skip_building_tests': False, 'cmake_args': None, 'cmake_clean_cache': False, 'cmake_clean_first': False, 'cmake_force_configure': False, 'cmake_target': None, 'cmake_target_skip_unavailable': False, 'install_base': '/home/zohaib/fyp_project_ws/install/slam_mapping', 'merge_install': False, 'path': '/home/zohaib/fyp_project_ws/src/slam_mapping', 'symlink_install': True, 'test_result_base': None}
[0.416s] INFO:colcon.colcon_core.executor:Executing jobs using 'parallel' executor
[0.418s] DEBUG:colcon.colcon_parallel_executor.executor.parallel:run_until_complete
[0.418s] INFO:colcon.colcon_ros.task.ament_python.build:Building ROS package in '/home/zohaib/fyp_project_ws/src/azure_iot' with build type 'ament_python'
[0.418s] Level 1:colcon.colcon_core.shell:create_environment_hook('azure_iot', 'ament_prefix_path')
[0.423s] INFO:colcon.colcon_core.plugin_system:Skipping extension 'colcon_core.shell.bat': Not used on non-Windows systems
[0.423s] INFO:colcon.colcon_core.shell:Creating environment hook '/home/zohaib/fyp_project_ws/install/azure_iot/share/azure_iot/hook/ament_prefix_path.ps1'
[0.424s] INFO:colcon.colcon_core.shell:Creating environment descriptor '/home/zohaib/fyp_project_ws/install/azure_iot/share/azure_iot/hook/ament_prefix_path.dsv'
[0.427s] INFO:colcon.colcon_core.shell:Creating environment hook '/home/zohaib/fyp_project_ws/install/azure_iot/share/azure_iot/hook/ament_prefix_path.sh'
[0.428s] INFO:colcon.colcon_core.shell:Skip shell extension 'powershell' for command environment: Not usable outside of PowerShell
[0.428s] DEBUG:colcon.colcon_core.shell:Skip shell extension 'dsv' for command environment
[0.437s] INFO:colcon.colcon_ros.task.ament_python.build:Building ROS package in '/home/zohaib/fyp_project_ws/src/fyp_project' with build type 'ament_python'
[0.438s] Level 1:colcon.colcon_core.shell:create_environment_hook('fyp_project', 'ament_prefix_path')
[0.439s] INFO:colcon.colcon_core.shell:Creating environment hook '/home/zohaib/fyp_project_ws/install/fyp_project/share/fyp_project/hook/ament_prefix_path.ps1'
[0.440s] INFO:colcon.colcon_core.shell:Creating environment descriptor '/home/zohaib/fyp_project_ws/install/fyp_project/share/fyp_project/hook/ament_prefix_path.dsv'
[0.441s] INFO:colcon.colcon_core.shell:Creating environment hook '/home/zohaib/fyp_project_ws/install/fyp_project/share/fyp_project/hook/ament_prefix_path.sh'
[0.442s] INFO:colcon.colcon_core.shell:Skip shell extension 'powershell' for command environment: Not usable outside of PowerShell
[0.443s] DEBUG:colcon.colcon_core.shell:Skip shell extension 'dsv' for command environment
[0.452s] INFO:colcon.colcon_ros.task.ament_python.build:Building ROS package in '/home/zohaib/fyp_project_ws/src/imu_interface' with build type 'ament_python'
[0.453s] Level 1:colcon.colcon_core.shell:create_environment_hook('imu_interface', 'ament_prefix_path')
[0.454s] INFO:colcon.colcon_core.shell:Creating environment hook '/home/zohaib/fyp_project_ws/install/imu_interface/share/imu_interface/hook/ament_prefix_path.ps1'
[0.455s] INFO:colcon.colcon_core.shell:Creating environment descriptor '/home/zohaib/fyp_project_ws/install/imu_interface/share/imu_interface/hook/ament_prefix_path.dsv'
[0.456s] INFO:colcon.colcon_core.shell:Creating environment hook '/home/zohaib/fyp_project_ws/install/imu_interface/share/imu_interface/hook/ament_prefix_path.sh'
[0.459s] INFO:colcon.colcon_core.shell:Skip shell extension 'powershell' for command environment: Not usable outside of PowerShell
[0.459s] DEBUG:colcon.colcon_core.shell:Skip shell extension 'dsv' for command environment
[0.466s] INFO:colcon.colcon_ros.task.ament_python.build:Building ROS package in '/home/zohaib/fyp_project_ws/src/pothole_detection' with build type 'ament_python'
[0.467s] Level 1:colcon.colcon_core.shell:create_environment_hook('pothole_detection', 'ament_prefix_path')
[0.467s] INFO:colcon.colcon_core.shell:Creating environment hook '/home/zohaib/fyp_project_ws/install/pothole_detection/share/pothole_detection/hook/ament_prefix_path.ps1'
[0.468s] INFO:colcon.colcon_core.shell:Creating environment descriptor '/home/zohaib/fyp_project_ws/install/pothole_detection/share/pothole_detection/hook/ament_prefix_path.dsv'
[0.469s] INFO:colcon.colcon_core.shell:Creating environment hook '/home/zohaib/fyp_project_ws/install/pothole_detection/share/pothole_detection/hook/ament_prefix_path.sh'
[0.470s] INFO:colcon.colcon_core.shell:Skip shell extension 'powershell' for command environment: Not usable outside of PowerShell
[0.470s] DEBUG:colcon.colcon_core.shell:Skip shell extension 'dsv' for command environment
[0.889s] INFO:colcon.colcon_core.task.python.build:Building Python package in '/home/zohaib/fyp_project_ws/src/azure_iot'
[0.889s] INFO:colcon.colcon_core.shell:Skip shell extension 'powershell' for command environment: Not usable outside of PowerShell
[0.889s] DEBUG:colcon.colcon_core.shell:Skip shell extension 'dsv' for command environment
[1.291s] INFO:colcon.colcon_core.task.python.build:Building Python package in '/home/zohaib/fyp_project_ws/src/fyp_project'
[1.292s] INFO:colcon.colcon_core.shell:Skip shell extension 'powershell' for command environment: Not usable outside of PowerShell
[1.292s] DEBUG:colcon.colcon_core.shell:Skip shell extension 'dsv' for command environment
[1.672s] INFO:colcon.colcon_core.task.python.build:Building Python package in '/home/zohaib/fyp_project_ws/src/imu_interface'
[1.672s] INFO:colcon.colcon_core.shell:Skip shell extension 'powershell' for command environment: Not usable outside of PowerShell
[1.672s] DEBUG:colcon.colcon_core.shell:Skip shell extension 'dsv' for command environment
[2.051s] INFO:colcon.colcon_core.task.python.build:Building Python package in '/home/zohaib/fyp_project_ws/src/pothole_detection'
[2.051s] INFO:colcon.colcon_core.shell:Skip shell extension 'powershell' for command environment: Not usable outside of PowerShell
[2.051s] DEBUG:colcon.colcon_core.shell:Skip shell extension 'dsv' for command environment
[3.452s] DEBUG:colcon.colcon_core.event_handler.log_command:Invoking command in '/home/zohaib/fyp_project_ws/build/imu_interface': DEBUGINFOD_URLS=https://debuginfod.ubuntu.com PYTHONPATH=/home/zohaib/fyp_project_ws/build/imu_interface/prefix_override:/usr/lib/python3/dist-packages/colcon_core/task/python/colcon_distutils_commands:/home/zohaib/fyp_project_ws/install/imu_interface/lib/python3.12/site-packages:${PYTHONPATH} /usr/bin/python3 -W ignore:setup.py install is deprecated -W ignore:easy_install command is deprecated setup.py develop --editable --build-directory /home/zohaib/fyp_project_ws/build/imu_interface/build --no-deps symlink_data
[4.101s] DEBUG:colcon.colcon_core.event_handler.log_command:Invoking command in '/home/zohaib/fyp_project_ws/build/fyp_project': DEBUGINFOD_URLS=https://debuginfod.ubuntu.com PYTHONPATH=/home/zohaib/fyp_project_ws/build/fyp_project/prefix_override:/usr/lib/python3/dist-packages/colcon_core/task/python/colcon_distutils_commands:/home/zohaib/fyp_project_ws/install/fyp_project/lib/python3.12/site-packages:${PYTHONPATH} /usr/bin/python3 -W ignore:setup.py install is deprecated -W ignore:easy_install command is deprecated setup.py develop --editable --build-directory /home/zohaib/fyp_project_ws/build/fyp_project/build --no-deps symlink_data
[4.116s] DEBUG:colcon.colcon_core.event_handler.log_command:Invoking command in '/home/zohaib/fyp_project_ws/build/azure_iot': DEBUGINFOD_URLS=https://debuginfod.ubuntu.com PYTHONPATH=/home/zohaib/fyp_project_ws/build/azure_iot/prefix_override:/usr/lib/python3/dist-packages/colcon_core/task/python/colcon_distutils_commands:/home/zohaib/fyp_project_ws/install/azure_iot/lib/python3.12/site-packages:${PYTHONPATH} /usr/bin/python3 -W ignore:setup.py install is deprecated -W ignore:easy_install command is deprecated setup.py develop --editable --build-directory /home/zohaib/fyp_project_ws/build/azure_iot/build --no-deps symlink_data
[4.368s] DEBUG:colcon.colcon_core.event_handler.log_command:Invoking command in '/home/zohaib/fyp_project_ws/build/pothole_detection': DEBUGINFOD_URLS=https://debuginfod.ubuntu.com PYTHONPATH=/home/zohaib/fyp_project_ws/build/pothole_detection/prefix_override:/usr/lib/python3/dist-packages/colcon_core/task/python/colcon_distutils_commands:/home/zohaib/fyp_project_ws/install/pothole_detection/lib/python3.12/site-packages:${PYTHONPATH} /usr/bin/python3 -W ignore:setup.py install is deprecated -W ignore:easy_install command is deprecated setup.py develop --editable --build-directory /home/zohaib/fyp_project_ws/build/pothole_detection/build --no-deps symlink_data
[5.521s] Level 1:colcon.colcon_core.shell:create_environment_hook('imu_interface', 'pythonpath_develop')
[5.522s] INFO:colcon.colcon_core.shell:Creating environment hook '/home/zohaib/fyp_project_ws/build/imu_interface/share/imu_interface/hook/pythonpath_develop.ps1'
[5.523s] DEBUG:colcon.colcon_core.event_handler.log_command:Invoked command in '/home/zohaib/fyp_project_ws/build/imu_interface' returned '0': DEBUGINFOD_URLS=https://debuginfod.ubuntu.com PYTHONPATH=/home/zohaib/fyp_project_ws/build/imu_interface/prefix_override:/usr/lib/python3/dist-packages/colcon_core/task/python/colcon_distutils_commands:/home/zohaib/fyp_project_ws/install/imu_interface/lib/python3.12/site-packages:${PYTHONPATH} /usr/bin/python3 -W ignore:setup.py install is deprecated -W ignore:easy_install command is deprecated setup.py develop --editable --build-directory /home/zohaib/fyp_project_ws/build/imu_interface/build --no-deps symlink_data
[5.527s] INFO:colcon.colcon_core.shell:Creating environment descriptor '/home/zohaib/fyp_project_ws/build/imu_interface/share/imu_interface/hook/pythonpath_develop.dsv'
[5.529s] INFO:colcon.colcon_core.shell:Creating environment hook '/home/zohaib/fyp_project_ws/build/imu_interface/share/imu_interface/hook/pythonpath_develop.sh'
[5.562s] Level 1:colcon.colcon_core.environment:checking '/home/zohaib/fyp_project_ws/install/imu_interface' for CMake module files
[5.563s] Level 1:colcon.colcon_core.environment:checking '/home/zohaib/fyp_project_ws/install/imu_interface' for CMake config files
[5.564s] Level 1:colcon.colcon_core.environment:checking '/home/zohaib/fyp_project_ws/install/imu_interface/lib'
[5.564s] Level 1:colcon.colcon_core.environment:checking '/home/zohaib/fyp_project_ws/install/imu_interface/bin'
[5.564s] Level 1:colcon.colcon_core.environment:checking '/home/zohaib/fyp_project_ws/install/imu_interface/lib/pkgconfig/imu_interface.pc'
[5.565s] Level 1:colcon.colcon_core.environment:checking '/home/zohaib/fyp_project_ws/install/imu_interface/lib/python3.12/site-packages'
[5.566s] Level 1:colcon.colcon_core.shell:create_environment_hook('imu_interface', 'pythonpath')
[5.567s] INFO:colcon.colcon_core.shell:Creating environment hook '/home/zohaib/fyp_project_ws/install/imu_interface/share/imu_interface/hook/pythonpath.ps1'
[5.569s] INFO:colcon.colcon_core.shell:Creating environment descriptor '/home/zohaib/fyp_project_ws/install/imu_interface/share/imu_interface/hook/pythonpath.dsv'
[5.571s] INFO:colcon.colcon_core.shell:Creating environment hook '/home/zohaib/fyp_project_ws/install/imu_interface/share/imu_interface/hook/pythonpath.sh'
[5.573s] Level 1:colcon.colcon_core.environment:checking '/home/zohaib/fyp_project_ws/install/imu_interface/bin'
[5.573s] Level 1:colcon.colcon_core.environment:create_environment_scripts_only(imu_interface)
[5.574s] INFO:colcon.colcon_core.shell:Creating package script '/home/zohaib/fyp_project_ws/install/imu_interface/share/imu_interface/package.ps1'
[5.575s] INFO:colcon.colcon_core.shell:Creating package descriptor '/home/zohaib/fyp_project_ws/install/imu_interface/share/imu_interface/package.dsv'
[5.577s] INFO:colcon.colcon_core.shell:Creating package script '/home/zohaib/fyp_project_ws/install/imu_interface/share/imu_interface/package.sh'
[5.579s] INFO:colcon.colcon_core.shell:Creating package script '/home/zohaib/fyp_project_ws/install/imu_interface/share/imu_interface/package.bash'
[5.582s] INFO:colcon.colcon_core.shell:Creating package script '/home/zohaib/fyp_project_ws/install/imu_interface/share/imu_interface/package.zsh'
[5.584s] Level 1:colcon.colcon_core.environment:create_file_with_runtime_dependencies(/home/zohaib/fyp_project_ws/install/imu_interface/share/colcon-core/packages/imu_interface)
[5.587s] INFO:colcon.colcon_ros.task.ament_python.build:Building ROS package in '/home/zohaib/fyp_project_ws/src/slam_mapping' with build type 'ament_python'
[5.587s] Level 1:colcon.colcon_core.shell:create_environment_hook('slam_mapping', 'ament_prefix_path')
[5.591s] INFO:colcon.colcon_core.shell:Creating environment hook '/home/zohaib/fyp_project_ws/install/slam_mapping/share/slam_mapping/hook/ament_prefix_path.ps1'
[5.592s] INFO:colcon.colcon_core.shell:Creating environment descriptor '/home/zohaib/fyp_project_ws/install/slam_mapping/share/slam_mapping/hook/ament_prefix_path.dsv'
[5.597s] INFO:colcon.colcon_core.shell:Creating environment hook '/home/zohaib/fyp_project_ws/install/slam_mapping/share/slam_mapping/hook/ament_prefix_path.sh'
[5.598s] INFO:colcon.colcon_core.shell:Skip shell extension 'powershell' for command environment: Not usable outside of PowerShell
[5.599s] DEBUG:colcon.colcon_core.shell:Skip shell extension 'dsv' for command environment
[6.327s] INFO:colcon.colcon_core.task.python.build:Building Python package in '/home/zohaib/fyp_project_ws/src/slam_mapping'
[6.329s] INFO:colcon.colcon_core.shell:Skip shell extension 'powershell' for command environment: Not usable outside of PowerShell
[6.330s] DEBUG:colcon.colcon_core.shell:Skip shell extension 'dsv' for command environment
[6.344s] Level 1:colcon.colcon_core.shell:create_environment_hook('fyp_project', 'pythonpath_develop')
[6.345s] INFO:colcon.colcon_core.shell:Creating environment hook '/home/zohaib/fyp_project_ws/build/fyp_project/share/fyp_project/hook/pythonpath_develop.ps1'
[6.347s] INFO:colcon.colcon_core.shell:Creating environment descriptor '/home/zohaib/fyp_project_ws/build/fyp_project/share/fyp_project/hook/pythonpath_develop.dsv'
[6.348s] DEBUG:colcon.colcon_core.event_handler.log_command:Invoked command in '/home/zohaib/fyp_project_ws/build/fyp_project' returned '0': DEBUGINFOD_URLS=https://debuginfod.ubuntu.com PYTHONPATH=/home/zohaib/fyp_project_ws/build/fyp_project/prefix_override:/usr/lib/python3/dist-packages/colcon_core/task/python/colcon_distutils_commands:/home/zohaib/fyp_project_ws/install/fyp_project/lib/python3.12/site-packages:${PYTHONPATH} /usr/bin/python3 -W ignore:setup.py install is deprecated -W ignore:easy_install command is deprecated setup.py develop --editable --build-directory /home/zohaib/fyp_project_ws/build/fyp_project/build --no-deps symlink_data
[6.349s] INFO:colcon.colcon_core.shell:Creating environment hook '/home/zohaib/fyp_project_ws/build/fyp_project/share/fyp_project/hook/pythonpath_develop.sh'
[6.351s] Level 1:colcon.colcon_core.environment:checking '/home/zohaib/fyp_project_ws/install/fyp_project' for CMake module files
[6.352s] Level 1:colcon.colcon_core.environment:checking '/home/zohaib/fyp_project_ws/install/fyp_project' for CMake config files
[6.353s] Level 1:colcon.colcon_core.environment:checking '/home/zohaib/fyp_project_ws/install/fyp_project/lib'
[6.353s] Level 1:colcon.colcon_core.environment:checking '/home/zohaib/fyp_project_ws/install/fyp_project/bin'
[6.353s] Level 1:colcon.colcon_core.environment:checking '/home/zohaib/fyp_project_ws/install/fyp_project/lib/pkgconfig/fyp_project.pc'
[6.354s] Level 1:colcon.colcon_core.environment:checking '/home/zohaib/fyp_project_ws/install/fyp_project/lib/python3.12/site-packages'
[6.354s] Level 1:colcon.colcon_core.shell:create_environment_hook('fyp_project', 'pythonpath')
[6.355s] INFO:colcon.colcon_core.shell:Creating environment hook '/home/zohaib/fyp_project_ws/install/fyp_project/share/fyp_project/hook/pythonpath.ps1'
[6.356s] INFO:colcon.colcon_core.shell:Creating environment descriptor '/home/zohaib/fyp_project_ws/install/fyp_project/share/fyp_project/hook/pythonpath.dsv'
[6.356s] INFO:colcon.colcon_core.shell:Creating environment hook '/home/zohaib/fyp_project_ws/install/fyp_project/share/fyp_project/hook/pythonpath.sh'
[6.358s] Level 1:colcon.colcon_core.environment:checking '/home/zohaib/fyp_project_ws/install/fyp_project/bin'
[6.358s] Level 1:colcon.colcon_core.environment:create_environment_scripts_only(fyp_project)
[6.359s] INFO:colcon.colcon_core.shell:Creating package script '/home/zohaib/fyp_project_ws/install/fyp_project/share/fyp_project/package.ps1'
[6.360s] INFO:colcon.colcon_core.shell:Creating package descriptor '/home/zohaib/fyp_project_ws/install/fyp_project/share/fyp_project/package.dsv'
[6.361s] INFO:colcon.colcon_core.shell:Creating package script '/home/zohaib/fyp_project_ws/install/fyp_project/share/fyp_project/package.sh'
[6.362s] INFO:colcon.colcon_core.shell:Creating package script '/home/zohaib/fyp_project_ws/install/fyp_project/share/fyp_project/package.bash'
[6.363s] INFO:colcon.colcon_core.shell:Creating package script '/home/zohaib/fyp_project_ws/install/fyp_project/share/fyp_project/package.zsh'
[6.364s] Level 1:colcon.colcon_core.environment:create_file_with_runtime_dependencies(/home/zohaib/fyp_project_ws/install/fyp_project/share/colcon-core/packages/fyp_project)
[6.366s] Level 1:colcon.colcon_core.shell:create_environment_hook('azure_iot', 'pythonpath_develop')
[6.367s] INFO:colcon.colcon_core.shell:Creating environment hook '/home/zohaib/fyp_project_ws/build/azure_iot/share/azure_iot/hook/pythonpath_develop.ps1'
[6.369s] DEBUG:colcon.colcon_core.event_handler.log_command:Invoked command in '/home/zohaib/fyp_project_ws/build/azure_iot' returned '0': DEBUGINFOD_URLS=https://debuginfod.ubuntu.com PYTHONPATH=/home/zohaib/fyp_project_ws/build/azure_iot/prefix_override:/usr/lib/python3/dist-packages/colcon_core/task/python/colcon_distutils_commands:/home/zohaib/fyp_project_ws/install/azure_iot/lib/python3.12/site-packages:${PYTHONPATH} /usr/bin/python3 -W ignore:setup.py install is deprecated -W ignore:easy_install command is deprecated setup.py develop --editable --build-directory /home/zohaib/fyp_project_ws/build/azure_iot/build --no-deps symlink_data
[6.370s] INFO:colcon.colcon_core.shell:Creating environment descriptor '/home/zohaib/fyp_project_ws/build/azure_iot/share/azure_iot/hook/pythonpath_develop.dsv'
[6.371s] INFO:colcon.colcon_core.shell:Creating environment hook '/home/zohaib/fyp_project_ws/build/azure_iot/share/azure_iot/hook/pythonpath_develop.sh'
[6.372s] Level 1:colcon.colcon_core.environment:checking '/home/zohaib/fyp_project_ws/install/azure_iot' for CMake module files
[6.373s] Level 1:colcon.colcon_core.environment:checking '/home/zohaib/fyp_project_ws/install/azure_iot' for CMake config files
[6.374s] Level 1:colcon.colcon_core.environment:checking '/home/zohaib/fyp_project_ws/install/azure_iot/lib'
[6.374s] Level 1:colcon.colcon_core.environment:checking '/home/zohaib/fyp_project_ws/install/azure_iot/bin'
[6.374s] Level 1:colcon.colcon_core.environment:checking '/home/zohaib/fyp_project_ws/install/azure_iot/lib/pkgconfig/azure_iot.pc'
[6.375s] Level 1:colcon.colcon_core.environment:checking '/home/zohaib/fyp_project_ws/install/azure_iot/lib/python3.12/site-packages'
[6.376s] Level 1:colcon.colcon_core.shell:create_environment_hook('azure_iot', 'pythonpath')
[6.377s] INFO:colcon.colcon_core.shell:Creating environment hook '/home/zohaib/fyp_project_ws/install/azure_iot/share/azure_iot/hook/pythonpath.ps1'
[6.379s] INFO:colcon.colcon_core.shell:Creating environment descriptor '/home/zohaib/fyp_project_ws/install/azure_iot/share/azure_iot/hook/pythonpath.dsv'
[6.380s] INFO:colcon.colcon_core.shell:Creating environment hook '/home/zohaib/fyp_project_ws/install/azure_iot/share/azure_iot/hook/pythonpath.sh'
[6.382s] Level 1:colcon.colcon_core.environment:checking '/home/zohaib/fyp_project_ws/install/azure_iot/bin'
[6.382s] Level 1:colcon.colcon_core.environment:create_environment_scripts_only(azure_iot)
[6.383s] INFO:colcon.colcon_core.shell:Creating package script '/home/zohaib/fyp_project_ws/install/azure_iot/share/azure_iot/package.ps1'
[6.385s] INFO:colcon.colcon_core.shell:Creating package descriptor '/home/zohaib/fyp_project_ws/install/azure_iot/share/azure_iot/package.dsv'
[6.388s] INFO:colcon.colcon_core.shell:Creating package script '/home/zohaib/fyp_project_ws/install/azure_iot/share/azure_iot/package.sh'
[6.394s] INFO:colcon.colcon_core.shell:Creating package script '/home/zohaib/fyp_project_ws/install/azure_iot/share/azure_iot/package.bash'
[6.396s] INFO:colcon.colcon_core.shell:Creating package script '/home/zohaib/fyp_project_ws/install/azure_iot/share/azure_iot/package.zsh'
[6.397s] Level 1:colcon.colcon_core.environment:create_file_with_runtime_dependencies(/home/zohaib/fyp_project_ws/install/azure_iot/share/colcon-core/packages/azure_iot)
[6.467s] Level 1:colcon.colcon_core.shell:create_environment_hook('pothole_detection', 'pythonpath_develop')
[6.468s] INFO:colcon.colcon_core.shell:Creating environment hook '/home/zohaib/fyp_project_ws/build/pothole_detection/share/pothole_detection/hook/pythonpath_develop.ps1'
[6.468s] DEBUG:colcon.colcon_core.event_handler.log_command:Invoked command in '/home/zohaib/fyp_project_ws/build/pothole_detection' returned '0': DEBUGINFOD_URLS=https://debuginfod.ubuntu.com PYTHONPATH=/home/zohaib/fyp_project_ws/build/pothole_detection/prefix_override:/usr/lib/python3/dist-packages/colcon_core/task/python/colcon_distutils_commands:/home/zohaib/fyp_project_ws/install/pothole_detection/lib/python3.12/site-packages:${PYTHONPATH} /usr/bin/python3 -W ignore:setup.py install is deprecated -W ignore:easy_install command is deprecated setup.py develop --editable --build-directory /home/zohaib/fyp_project_ws/build/pothole_detection/build --no-deps symlink_data
[6.469s] INFO:colcon.colcon_core.shell:Creating environment descriptor '/home/zohaib/fyp_project_ws/build/pothole_detection/share/pothole_detection/hook/pythonpath_develop.dsv'
[6.470s] INFO:colcon.colcon_core.shell:Creating environment hook '/home/zohaib/fyp_project_ws/build/pothole_detection/share/pothole_detection/hook/pythonpath_develop.sh'
[6.470s] Level 1:colcon.colcon_core.environment:checking '/home/zohaib/fyp_project_ws/install/pothole_detection' for CMake module files
[6.471s] Level 1:colcon.colcon_core.environment:checking '/home/zohaib/fyp_project_ws/install/pothole_detection' for CMake config files
[6.471s] Level 1:colcon.colcon_core.environment:checking '/home/zohaib/fyp_project_ws/install/pothole_detection/lib'
[6.472s] Level 1:colcon.colcon_core.environment:checking '/home/zohaib/fyp_project_ws/install/pothole_detection/bin'
[6.472s] Level 1:colcon.colcon_core.environment:checking '/home/zohaib/fyp_project_ws/install/pothole_detection/lib/pkgconfig/pothole_detection.pc'
[6.472s] Level 1:colcon.colcon_core.environment:checking '/home/zohaib/fyp_project_ws/install/pothole_detection/lib/python3.12/site-packages'
[6.472s] Level 1:colcon.colcon_core.shell:create_environment_hook('pothole_detection', 'pythonpath')
[6.472s] INFO:colcon.colcon_core.shell:Creating environment hook '/home/zohaib/fyp_project_ws/install/pothole_detection/share/pothole_detection/hook/pythonpath.ps1'
[6.473s] INFO:colcon.colcon_core.shell:Creating environment descriptor '/home/zohaib/fyp_project_ws/install/pothole_detection/share/pothole_detection/hook/pythonpath.dsv'
[6.474s] INFO:colcon.colcon_core.shell:Creating environment hook '/home/zohaib/fyp_project_ws/install/pothole_detection/share/pothole_detection/hook/pythonpath.sh'
[6.475s] Level 1:colcon.colcon_core.environment:checking '/home/zohaib/fyp_project_ws/install/pothole_detection/bin'
[6.475s] Level 1:colcon.colcon_core.environment:create_environment_scripts_only(pothole_detection)
[6.476s] INFO:colcon.colcon_core.shell:Creating package script '/home/zohaib/fyp_project_ws/install/pothole_detection/share/pothole_detection/package.ps1'
[6.477s] INFO:colcon.colcon_core.shell:Creating package descriptor '/home/zohaib/fyp_project_ws/install/pothole_detection/share/pothole_detection/package.dsv'
[6.478s] INFO:colcon.colcon_core.shell:Creating package script '/home/zohaib/fyp_project_ws/install/pothole_detection/share/pothole_detection/package.sh'
[6.481s] INFO:colcon.colcon_core.shell:Creating package script '/home/zohaib/fyp_project_ws/install/pothole_detection/share/pothole_detection/package.bash'
[6.482s] INFO:colcon.colcon_core.shell:Creating package script '/home/zohaib/fyp_project_ws/install/pothole_detection/share/pothole_detection/package.zsh'
[6.483s] Level 1:colcon.colcon_core.environment:create_file_with_runtime_dependencies(/home/zohaib/fyp_project_ws/install/pothole_detection/share/colcon-core/packages/pothole_detection)
[7.449s] DEBUG:colcon.colcon_core.event_handler.log_command:Invoking command in '/home/zohaib/fyp_project_ws/build/slam_mapping': DEBUGINFOD_URLS=https://debuginfod.ubuntu.com PYTHONPATH=/home/zohaib/fyp_project_ws/build/slam_mapping/prefix_override:/usr/lib/python3/dist-packages/colcon_core/task/python/colcon_distutils_commands:/home/zohaib/fyp_project_ws/install/slam_mapping/lib/python3.12/site-packages:${PYTHONPATH} /usr/bin/python3 -W ignore:setup.py install is deprecated -W ignore:easy_install command is deprecated setup.py develop --editable --build-directory /home/zohaib/fyp_project_ws/build/slam_mapping/build --no-deps symlink_data
[8.540s] Level 1:colcon.colcon_core.shell:create_environment_hook('slam_mapping', 'pythonpath_develop')
[8.541s] INFO:colcon.colcon_core.shell:Creating environment hook '/home/zohaib/fyp_project_ws/build/slam_mapping/share/slam_mapping/hook/pythonpath_develop.ps1'
[8.541s] DEBUG:colcon.colcon_core.event_handler.log_command:Invoked command in '/home/zohaib/fyp_project_ws/build/slam_mapping' returned '0': DEBUGINFOD_URLS=https://debuginfod.ubuntu.com PYTHONPATH=/home/zohaib/fyp_project_ws/build/slam_mapping/prefix_override:/usr/lib/python3/dist-packages/colcon_core/task/python/colcon_distutils_commands:/home/zohaib/fyp_project_ws/install/slam_mapping/lib/python3.12/site-packages:${PYTHONPATH} /usr/bin/python3 -W ignore:setup.py install is deprecated -W ignore:easy_install command is deprecated setup.py develop --editable --build-directory /home/zohaib/fyp_project_ws/build/slam_mapping/build --no-deps symlink_data
[8.542s] INFO:colcon.colcon_core.shell:Creating environment descriptor '/home/zohaib/fyp_project_ws/build/slam_mapping/share/slam_mapping/hook/pythonpath_develop.dsv'
[8.545s] INFO:colcon.colcon_core.shell:Creating environment hook '/home/zohaib/fyp_project_ws/build/slam_mapping/share/slam_mapping/hook/pythonpath_develop.sh'
[8.546s] Level 1:colcon.colcon_core.environment:checking '/home/zohaib/fyp_project_ws/install/slam_mapping' for CMake module files
[8.546s] Level 1:colcon.colcon_core.environment:checking '/home/zohaib/fyp_project_ws/install/slam_mapping' for CMake config files
[8.547s] Level 1:colcon.colcon_core.environment:checking '/home/zohaib/fyp_project_ws/install/slam_mapping/lib'
[8.547s] Level 1:colcon.colcon_core.environment:checking '/home/zohaib/fyp_project_ws/install/slam_mapping/bin'
[8.547s] Level 1:colcon.colcon_core.environment:checking '/home/zohaib/fyp_project_ws/install/slam_mapping/lib/pkgconfig/slam_mapping.pc'
[8.547s] Level 1:colcon.colcon_core.environment:checking '/home/zohaib/fyp_project_ws/install/slam_mapping/lib/python3.12/site-packages'
[8.548s] Level 1:colcon.colcon_core.shell:create_environment_hook('slam_mapping', 'pythonpath')
[8.548s] INFO:colcon.colcon_core.shell:Creating environment hook '/home/zohaib/fyp_project_ws/install/slam_mapping/share/slam_mapping/hook/pythonpath.ps1'
[8.549s] INFO:colcon.colcon_core.shell:Creating environment descriptor '/home/zohaib/fyp_project_ws/install/slam_mapping/share/slam_mapping/hook/pythonpath.dsv'
[8.549s] INFO:colcon.colcon_core.shell:Creating environment hook '/home/zohaib/fyp_project_ws/install/slam_mapping/share/slam_mapping/hook/pythonpath.sh'
[8.551s] Level 1:colcon.colcon_core.environment:checking '/home/zohaib/fyp_project_ws/install/slam_mapping/bin'
[8.551s] Level 1:colcon.colcon_core.environment:create_environment_scripts_only(slam_mapping)
[8.551s] INFO:colcon.colcon_core.shell:Creating package script '/home/zohaib/fyp_project_ws/install/slam_mapping/share/slam_mapping/package.ps1'
[8.552s] INFO:colcon.colcon_core.shell:Creating package descriptor '/home/zohaib/fyp_project_ws/install/slam_mapping/share/slam_mapping/package.dsv'
[8.553s] INFO:colcon.colcon_core.shell:Creating package script '/home/zohaib/fyp_project_ws/install/slam_mapping/share/slam_mapping/package.sh'
[8.554s] INFO:colcon.colcon_core.shell:Creating package script '/home/zohaib/fyp_project_ws/install/slam_mapping/share/slam_mapping/package.bash'
[8.555s] INFO:colcon.colcon_core.shell:Creating package script '/home/zohaib/fyp_project_ws/install/slam_mapping/share/slam_mapping/package.zsh'
[8.555s] Level 1:colcon.colcon_core.environment:create_file_with_runtime_dependencies(/home/zohaib/fyp_project_ws/install/slam_mapping/share/colcon-core/packages/slam_mapping)
[8.556s] DEBUG:colcon.colcon_parallel_executor.executor.parallel:closing loop
[8.557s] DEBUG:colcon.colcon_parallel_executor.executor.parallel:loop closed
[8.557s] DEBUG:colcon.colcon_parallel_executor.executor.parallel:run_until_complete finished with '0'
[8.558s] DEBUG:colcon.colcon_core.event_reactor:joining thread
[8.571s] INFO:colcon.colcon_core.plugin_system:Skipping extension 'colcon_notification.desktop_notification.terminal_notifier': Not used on non-Darwin systems
[8.571s] INFO:colcon.colcon_core.plugin_system:Skipping extension 'colcon_notification.desktop_notification.win32': Not used on non-Windows systems
[8.571s] INFO:colcon.colcon_notification.desktop_notification:Sending desktop notification using 'notify2'
[8.617s] DEBUG:colcon.colcon_core.event_reactor:joined thread
[8.618s] INFO:colcon.colcon_core.shell:Creating prefix script '/home/zohaib/fyp_project_ws/install/local_setup.ps1'
[8.619s] INFO:colcon.colcon_core.shell:Creating prefix util module '/home/zohaib/fyp_project_ws/install/_local_setup_util_ps1.py'
[8.624s] INFO:colcon.colcon_core.shell:Creating prefix chain script '/home/zohaib/fyp_project_ws/install/setup.ps1'
[8.626s] INFO:colcon.colcon_core.shell:Creating prefix script '/home/zohaib/fyp_project_ws/install/local_setup.sh'
[8.630s] INFO:colcon.colcon_core.shell:Creating prefix util module '/home/zohaib/fyp_project_ws/install/_local_setup_util_sh.py'
[8.631s] INFO:colcon.colcon_core.shell:Creating prefix chain script '/home/zohaib/fyp_project_ws/install/setup.sh'
[8.633s] INFO:colcon.colcon_core.shell:Creating prefix script '/home/zohaib/fyp_project_ws/install/local_setup.bash'
[8.634s] INFO:colcon.colcon_core.shell:Creating prefix chain script '/home/zohaib/fyp_project_ws/install/setup.bash'
[8.636s] INFO:colcon.colcon_core.shell:Creating prefix script '/home/zohaib/fyp_project_ws/install/local_setup.zsh'
[8.638s] INFO:colcon.colcon_core.shell:Creating prefix chain script '/home/zohaib/fyp_project_ws/install/setup.zsh'
