[2.872s] Invoking command in '/home/zohaib/fyp_project_ws/build/imu_interface': DEBUGINFOD_URLS=https://debuginfod.ubuntu.com PYTHONPATH=/home/zohaib/fyp_project_ws/build/imu_interface/prefix_override:/usr/lib/python3/dist-packages/colcon_core/task/python/colcon_distutils_commands:/home/zohaib/fyp_project_ws/install/imu_interface/lib/python3.12/site-packages:${PYTHONPATH} /usr/bin/python3 -W ignore:setup.py install is deprecated -W ignore:easy_install command is deprecated setup.py develop --editable --build-directory /home/zohaib/fyp_project_ws/build/imu_interface/build --no-deps symlink_data
[3.635s] running develop
[3.962s] running egg_info
[3.963s] creating imu_interface.egg-info
[4.000s] writing imu_interface.egg-info/PKG-INFO
[4.001s] writing dependency_links to imu_interface.egg-info/dependency_links.txt
[4.001s] writing entry points to imu_interface.egg-info/entry_points.txt
[4.001s] writing requirements to imu_interface.egg-info/requires.txt
[4.001s] writing top-level names to imu_interface.egg-info/top_level.txt
[4.002s] writing manifest file 'imu_interface.egg-info/SOURCES.txt'
[4.089s] reading manifest file 'imu_interface.egg-info/SOURCES.txt'
[4.096s] writing manifest file 'imu_interface.egg-info/SOURCES.txt'
[4.143s] running build_ext
[4.143s] Creating /home/zohaib/fyp_project_ws/install/imu_interface/lib/python3.12/site-packages/imu-interface.egg-link (link to .)
[4.234s] Installing imu_node script to /home/zohaib/fyp_project_ws/install/imu_interface/lib/imu_interface
[4.235s] 
[4.235s] Installed /home/zohaib/fyp_project_ws/build/imu_interface
[4.235s] running symlink_data
[4.235s] creating /home/zohaib/fyp_project_ws/install/imu_interface/share/ament_index
[4.235s] creating /home/zohaib/fyp_project_ws/install/imu_interface/share/ament_index/resource_index
[4.235s] creating /home/zohaib/fyp_project_ws/install/imu_interface/share/ament_index/resource_index/packages
[4.235s] symbolically linking /home/zohaib/fyp_project_ws/build/imu_interface/resource/imu_interface -> /home/zohaib/fyp_project_ws/install/imu_interface/share/ament_index/resource_index/packages
[4.236s] symbolically linking /home/zohaib/fyp_project_ws/build/imu_interface/package.xml -> /home/zohaib/fyp_project_ws/install/imu_interface/share/imu_interface
[4.796s] Invoked command in '/home/zohaib/fyp_project_ws/build/imu_interface' returned '0': DEBUGINFOD_URLS=https://debuginfod.ubuntu.com PYTHONPATH=/home/zohaib/fyp_project_ws/build/imu_interface/prefix_override:/usr/lib/python3/dist-packages/colcon_core/task/python/colcon_distutils_commands:/home/zohaib/fyp_project_ws/install/imu_interface/lib/python3.12/site-packages:${PYTHONPATH} /usr/bin/python3 -W ignore:setup.py install is deprecated -W ignore:easy_install command is deprecated setup.py develop --editable --build-directory /home/zohaib/fyp_project_ws/build/imu_interface/build --no-deps symlink_data
