[1.583s] Invoking command in '/home/zohaib/fyp_project_ws/build/slam_mapping': DEBUGINFOD_URLS=https://debuginfod.ubuntu.com PYTHONPATH=/home/zohaib/fyp_project_ws/build/slam_mapping/prefix_override:/usr/lib/python3/dist-packages/colcon_core/task/python/colcon_distutils_commands:/home/zohaib/fyp_project_ws/install/slam_mapping/lib/python3.12/site-packages:${PYTHONPATH} /usr/bin/python3 -W ignore:setup.py install is deprecated -W ignore:easy_install command is deprecated setup.py develop --editable --build-directory /home/zohaib/fyp_project_ws/build/slam_mapping/build --no-deps symlink_data
[2.068s] running develop
[2.369s] running egg_info
[2.369s] creating slam_mapping.egg-info
[2.397s] writing slam_mapping.egg-info/PKG-INFO
[2.397s] writing dependency_links to slam_mapping.egg-info/dependency_links.txt
[2.398s] writing requirements to slam_mapping.egg-info/requires.txt
[2.398s] writing top-level names to slam_mapping.egg-info/top_level.txt
[2.398s] writing manifest file 'slam_mapping.egg-info/SOURCES.txt'
[2.459s] reading manifest file 'slam_mapping.egg-info/SOURCES.txt'
[2.460s] writing manifest file 'slam_mapping.egg-info/SOURCES.txt'
[2.488s] running build_ext
[2.488s] Creating /home/zohaib/fyp_project_ws/install/slam_mapping/lib/python3.12/site-packages/slam-mapping.egg-link (link to .)
[2.489s] 
[2.489s] Installed /home/zohaib/fyp_project_ws/build/slam_mapping
[2.489s] running symlink_data
[2.489s] creating /home/zohaib/fyp_project_ws/install/slam_mapping/share/ament_index
[2.489s] creating /home/zohaib/fyp_project_ws/install/slam_mapping/share/ament_index/resource_index
[2.490s] creating /home/zohaib/fyp_project_ws/install/slam_mapping/share/ament_index/resource_index/packages
[2.490s] symbolically linking /home/zohaib/fyp_project_ws/build/slam_mapping/resource/slam_mapping -> /home/zohaib/fyp_project_ws/install/slam_mapping/share/ament_index/resource_index/packages
[2.490s] symbolically linking /home/zohaib/fyp_project_ws/build/slam_mapping/package.xml -> /home/zohaib/fyp_project_ws/install/slam_mapping/share/slam_mapping
[2.592s] Invoked command in '/home/zohaib/fyp_project_ws/build/slam_mapping' returned '0': DEBUGINFOD_URLS=https://debuginfod.ubuntu.com PYTHONPATH=/home/zohaib/fyp_project_ws/build/slam_mapping/prefix_override:/usr/lib/python3/dist-packages/colcon_core/task/python/colcon_distutils_commands:/home/zohaib/fyp_project_ws/install/slam_mapping/lib/python3.12/site-packages:${PYTHONPATH} /usr/bin/python3 -W ignore:setup.py install is deprecated -W ignore:easy_install command is deprecated setup.py develop --editable --build-directory /home/zohaib/fyp_project_ws/build/slam_mapping/build --no-deps symlink_data
